[0.274s] DEBUG:colcon:Command line arguments: ['/usr/bin/colcon', 'build']
[0.274s] DEBUG:colcon:Parsed command line arguments: Namespace(log_base=None, log_level=None, verb_name='build', build_base='build', install_base='install', merge_install=False, symlink_install=False, test_result_base=None, continue_on_error=False, executor='parallel', parallel_workers=8, event_handlers=None, ignore_user_meta=False, metas=['./colcon.meta'], base_paths=['.'], packages_ignore=None, packages_ignore_regex=None, paths=None, packages_up_to=None, packages_up_to_regex=None, packages_above=None, packages_above_and_dependencies=None, packages_above_depth=None, packages_select_by_dep=None, packages_skip_by_dep=None, packages_skip_up_to=None, packages_select_build_failed=False, packages_skip_build_finished=False, packages_select_test_failures=False, packages_skip_test_passed=False, packages_select=None, packages_skip=None, packages_select_regex=None, packages_skip_regex=None, packages_start=None, packages_end=None, allow_overriding=[], cmake_args=None, cmake_target=None, cmake_target_skip_unavailable=False, cmake_clean_cache=False, cmake_clean_first=False, cmake_force_configure=False, ament_cmake_args=None, catkin_cmake_args=None, catkin_skip_building_tests=False, verb_parser=<colcon_defaults.argument_parser.defaults.DefaultArgumentsDecorator object at 0x7f0275bfd840>, verb_extension=<colcon_core.verb.build.BuildVerb object at 0x7f027653b5e0>, main=<bound method BuildVerb.main of <colcon_core.verb.build.BuildVerb object at 0x7f027653b5e0>>)
[0.303s] Level 1:colcon.colcon_core.package_discovery:discover_packages(colcon_meta) check parameters
[0.303s] Level 1:colcon.colcon_core.package_discovery:discover_packages(recursive) check parameters
[0.303s] Level 1:colcon.colcon_core.package_discovery:discover_packages(ignore) check parameters
[0.303s] Level 1:colcon.colcon_core.package_discovery:discover_packages(path) check parameters
[0.303s] Level 1:colcon.colcon_core.package_discovery:discover_packages(colcon_meta) discover
[0.303s] Level 1:colcon.colcon_core.package_discovery:discover_packages(recursive) discover
[0.303s] INFO:colcon.colcon_core.package_discovery:Crawling recursively for packages in '/home/yanagi/ros2_ws'
[0.303s] Level 1:colcon.colcon_core.package_identification:_identify(.) by extensions ['ignore', 'ignore_ament_install']
[0.304s] Level 1:colcon.colcon_core.package_identification:_identify(.) by extension 'ignore'
[0.304s] Level 1:colcon.colcon_core.package_identification:_identify(.) by extension 'ignore_ament_install'
[0.304s] Level 1:colcon.colcon_core.package_identification:_identify(.) by extensions ['colcon_pkg']
[0.304s] Level 1:colcon.colcon_core.package_identification:_identify(.) by extension 'colcon_pkg'
[0.304s] Level 1:colcon.colcon_core.package_identification:_identify(.) by extensions ['colcon_meta']
[0.304s] Level 1:colcon.colcon_core.package_identification:_identify(.) by extension 'colcon_meta'
[0.304s] Level 1:colcon.colcon_core.package_identification:_identify(.) by extensions ['ros']
[0.304s] Level 1:colcon.colcon_core.package_identification:_identify(.) by extension 'ros'
[0.319s] Level 1:colcon.colcon_core.package_identification:_identify(.) by extensions ['cmake', 'python']
[0.319s] Level 1:colcon.colcon_core.package_identification:_identify(.) by extension 'cmake'
[0.319s] Level 1:colcon.colcon_core.package_identification:_identify(.) by extension 'python'
[0.319s] Level 1:colcon.colcon_core.package_identification:_identify(.) by extensions ['python_setup_py']
[0.319s] Level 1:colcon.colcon_core.package_identification:_identify(.) by extension 'python_setup_py'
[0.319s] Level 1:colcon.colcon_core.package_identification:_identify(build) by extensions ['ignore', 'ignore_ament_install']
[0.319s] Level 1:colcon.colcon_core.package_identification:_identify(build) by extension 'ignore'
[0.319s] Level 1:colcon.colcon_core.package_identification:_identify(build) ignored
[0.319s] Level 1:colcon.colcon_core.package_identification:_identify(install) by extensions ['ignore', 'ignore_ament_install']
[0.320s] Level 1:colcon.colcon_core.package_identification:_identify(install) by extension 'ignore'
[0.320s] Level 1:colcon.colcon_core.package_identification:_identify(install) ignored
[0.320s] Level 1:colcon.colcon_core.package_identification:_identify(log) by extensions ['ignore', 'ignore_ament_install']
[0.320s] Level 1:colcon.colcon_core.package_identification:_identify(log) by extension 'ignore'
[0.320s] Level 1:colcon.colcon_core.package_identification:_identify(log) ignored
[0.320s] Level 1:colcon.colcon_core.package_identification:_identify(src) by extensions ['ignore', 'ignore_ament_install']
[0.320s] Level 1:colcon.colcon_core.package_identification:_identify(src) by extension 'ignore'
[0.320s] Level 1:colcon.colcon_core.package_identification:_identify(src) by extension 'ignore_ament_install'
[0.320s] Level 1:colcon.colcon_core.package_identification:_identify(src) by extensions ['colcon_pkg']
[0.320s] Level 1:colcon.colcon_core.package_identification:_identify(src) by extension 'colcon_pkg'
[0.320s] Level 1:colcon.colcon_core.package_identification:_identify(src) by extensions ['colcon_meta']
[0.320s] Level 1:colcon.colcon_core.package_identification:_identify(src) by extension 'colcon_meta'
[0.320s] Level 1:colcon.colcon_core.package_identification:_identify(src) by extensions ['ros']
[0.320s] Level 1:colcon.colcon_core.package_identification:_identify(src) by extension 'ros'
[0.320s] Level 1:colcon.colcon_core.package_identification:_identify(src) by extensions ['cmake', 'python']
[0.320s] Level 1:colcon.colcon_core.package_identification:_identify(src) by extension 'cmake'
[0.320s] Level 1:colcon.colcon_core.package_identification:_identify(src) by extension 'python'
[0.320s] Level 1:colcon.colcon_core.package_identification:_identify(src) by extensions ['python_setup_py']
[0.320s] Level 1:colcon.colcon_core.package_identification:_identify(src) by extension 'python_setup_py'
[0.320s] Level 1:colcon.colcon_core.package_identification:_identify(src/mypkg) by extensions ['ignore', 'ignore_ament_install']
[0.320s] Level 1:colcon.colcon_core.package_identification:_identify(src/mypkg) by extension 'ignore'
[0.320s] Level 1:colcon.colcon_core.package_identification:_identify(src/mypkg) by extension 'ignore_ament_install'
[0.320s] Level 1:colcon.colcon_core.package_identification:_identify(src/mypkg) by extensions ['colcon_pkg']
[0.320s] Level 1:colcon.colcon_core.package_identification:_identify(src/mypkg) by extension 'colcon_pkg'
[0.320s] Level 1:colcon.colcon_core.package_identification:_identify(src/mypkg) by extensions ['colcon_meta']
[0.320s] Level 1:colcon.colcon_core.package_identification:_identify(src/mypkg) by extension 'colcon_meta'
[0.320s] Level 1:colcon.colcon_core.package_identification:_identify(src/mypkg) by extensions ['ros']
[0.320s] Level 1:colcon.colcon_core.package_identification:_identify(src/mypkg) by extension 'ros'
[0.322s] DEBUG:colcon.colcon_core.package_identification:Package 'src/mypkg' with type 'ros.ament_python' and name 'mypkg'
[0.322s] Level 1:colcon.colcon_core.package_identification:_identify(src/person_mags) by extensions ['ignore', 'ignore_ament_install']
[0.322s] Level 1:colcon.colcon_core.package_identification:_identify(src/person_mags) by extension 'ignore'
[0.322s] Level 1:colcon.colcon_core.package_identification:_identify(src/person_mags) by extension 'ignore_ament_install'
[0.323s] Level 1:colcon.colcon_core.package_identification:_identify(src/person_mags) by extensions ['colcon_pkg']
[0.323s] Level 1:colcon.colcon_core.package_identification:_identify(src/person_mags) by extension 'colcon_pkg'
[0.323s] Level 1:colcon.colcon_core.package_identification:_identify(src/person_mags) by extensions ['colcon_meta']
[0.323s] Level 1:colcon.colcon_core.package_identification:_identify(src/person_mags) by extension 'colcon_meta'
[0.323s] Level 1:colcon.colcon_core.package_identification:_identify(src/person_mags) by extensions ['ros']
[0.323s] Level 1:colcon.colcon_core.package_identification:_identify(src/person_mags) by extension 'ros'
[0.323s] DEBUG:colcon.colcon_core.package_identification:Package 'src/person_mags' with type 'ros.ament_cmake' and name 'person_mags'
[0.323s] Level 1:colcon.colcon_core.package_identification:_identify(src/person_msgs) by extensions ['ignore', 'ignore_ament_install']
[0.323s] Level 1:colcon.colcon_core.package_identification:_identify(src/person_msgs) by extension 'ignore'
[0.323s] Level 1:colcon.colcon_core.package_identification:_identify(src/person_msgs) by extension 'ignore_ament_install'
[0.323s] Level 1:colcon.colcon_core.package_identification:_identify(src/person_msgs) by extensions ['colcon_pkg']
[0.323s] Level 1:colcon.colcon_core.package_identification:_identify(src/person_msgs) by extension 'colcon_pkg'
[0.323s] Level 1:colcon.colcon_core.package_identification:_identify(src/person_msgs) by extensions ['colcon_meta']
[0.323s] Level 1:colcon.colcon_core.package_identification:_identify(src/person_msgs) by extension 'colcon_meta'
[0.323s] Level 1:colcon.colcon_core.package_identification:_identify(src/person_msgs) by extensions ['ros']
[0.323s] Level 1:colcon.colcon_core.package_identification:_identify(src/person_msgs) by extension 'ros'
[0.324s] DEBUG:colcon.colcon_core.package_identification:Package 'src/person_msgs' with type 'ros.ament_cmake' and name 'person_msgs'
[0.324s] Level 1:colcon.colcon_core.package_discovery:discover_packages(recursive) using defaults
[0.324s] Level 1:colcon.colcon_core.package_discovery:discover_packages(ignore) discover
[0.324s] Level 1:colcon.colcon_core.package_discovery:discover_packages(ignore) using defaults
[0.324s] Level 1:colcon.colcon_core.package_discovery:discover_packages(path) discover
[0.324s] Level 1:colcon.colcon_core.package_discovery:discover_packages(path) using defaults
[0.342s] Level 1:colcon.colcon_core.package_discovery:discover_packages(prefix_path) check parameters
[0.342s] Level 1:colcon.colcon_core.package_discovery:discover_packages(prefix_path) discover
[0.344s] DEBUG:colcon.colcon_installed_package_information.package_discovery:Found 3 installed packages in /home/yanagi/ros2_ws/install
[0.345s] DEBUG:colcon.colcon_installed_package_information.package_discovery:Found 270 installed packages in /opt/ros/humble
[0.346s] Level 1:colcon.colcon_core.package_discovery:discover_packages(prefix_path) using defaults
[0.390s] Level 5:colcon.colcon_core.verb:set package 'mypkg' build argument 'cmake_args' from command line to 'None'
[0.390s] Level 5:colcon.colcon_core.verb:set package 'mypkg' build argument 'cmake_target' from command line to 'None'
[0.390s] Level 5:colcon.colcon_core.verb:set package 'mypkg' build argument 'cmake_target_skip_unavailable' from command line to 'False'
[0.390s] Level 5:colcon.colcon_core.verb:set package 'mypkg' build argument 'cmake_clean_cache' from command line to 'False'
[0.390s] Level 5:colcon.colcon_core.verb:set package 'mypkg' build argument 'cmake_clean_first' from command line to 'False'
[0.390s] Level 5:colcon.colcon_core.verb:set package 'mypkg' build argument 'cmake_force_configure' from command line to 'False'
[0.390s] Level 5:colcon.colcon_core.verb:set package 'mypkg' build argument 'ament_cmake_args' from command line to 'None'
[0.390s] Level 5:colcon.colcon_core.verb:set package 'mypkg' build argument 'catkin_cmake_args' from command line to 'None'
[0.390s] Level 5:colcon.colcon_core.verb:set package 'mypkg' build argument 'catkin_skip_building_tests' from command line to 'False'
[0.390s] DEBUG:colcon.colcon_core.verb:Building package 'mypkg' with the following arguments: {'ament_cmake_args': None, 'build_base': '/home/yanagi/ros2_ws/build/mypkg', 'catkin_cmake_args': None, 'catkin_skip_building_tests': False, 'cmake_args': None, 'cmake_clean_cache': False, 'cmake_clean_first': False, 'cmake_force_configure': False, 'cmake_target': None, 'cmake_target_skip_unavailable': False, 'install_base': '/home/yanagi/ros2_ws/install/mypkg', 'merge_install': False, 'path': '/home/yanagi/ros2_ws/src/mypkg', 'symlink_install': False, 'test_result_base': None}
[0.391s] Level 5:colcon.colcon_core.verb:set package 'person_mags' build argument 'cmake_args' from command line to 'None'
[0.391s] Level 5:colcon.colcon_core.verb:set package 'person_mags' build argument 'cmake_target' from command line to 'None'
[0.391s] Level 5:colcon.colcon_core.verb:set package 'person_mags' build argument 'cmake_target_skip_unavailable' from command line to 'False'
[0.391s] Level 5:colcon.colcon_core.verb:set package 'person_mags' build argument 'cmake_clean_cache' from command line to 'False'
[0.391s] Level 5:colcon.colcon_core.verb:set package 'person_mags' build argument 'cmake_clean_first' from command line to 'False'
[0.391s] Level 5:colcon.colcon_core.verb:set package 'person_mags' build argument 'cmake_force_configure' from command line to 'False'
[0.391s] Level 5:colcon.colcon_core.verb:set package 'person_mags' build argument 'ament_cmake_args' from command line to 'None'
[0.391s] Level 5:colcon.colcon_core.verb:set package 'person_mags' build argument 'catkin_cmake_args' from command line to 'None'
[0.391s] Level 5:colcon.colcon_core.verb:set package 'person_mags' build argument 'catkin_skip_building_tests' from command line to 'False'
[0.391s] DEBUG:colcon.colcon_core.verb:Building package 'person_mags' with the following arguments: {'ament_cmake_args': None, 'build_base': '/home/yanagi/ros2_ws/build/person_mags', 'catkin_cmake_args': None, 'catkin_skip_building_tests': False, 'cmake_args': None, 'cmake_clean_cache': False, 'cmake_clean_first': False, 'cmake_force_configure': False, 'cmake_target': None, 'cmake_target_skip_unavailable': False, 'install_base': '/home/yanagi/ros2_ws/install/person_mags', 'merge_install': False, 'path': '/home/yanagi/ros2_ws/src/person_mags', 'symlink_install': False, 'test_result_base': None}
[0.392s] Level 5:colcon.colcon_core.verb:set package 'person_msgs' build argument 'cmake_args' from command line to 'None'
[0.392s] Level 5:colcon.colcon_core.verb:set package 'person_msgs' build argument 'cmake_target' from command line to 'None'
[0.392s] Level 5:colcon.colcon_core.verb:set package 'person_msgs' build argument 'cmake_target_skip_unavailable' from command line to 'False'
[0.392s] Level 5:colcon.colcon_core.verb:set package 'person_msgs' build argument 'cmake_clean_cache' from command line to 'False'
[0.392s] Level 5:colcon.colcon_core.verb:set package 'person_msgs' build argument 'cmake_clean_first' from command line to 'False'
[0.392s] Level 5:colcon.colcon_core.verb:set package 'person_msgs' build argument 'cmake_force_configure' from command line to 'False'
[0.392s] Level 5:colcon.colcon_core.verb:set package 'person_msgs' build argument 'ament_cmake_args' from command line to 'None'
[0.392s] Level 5:colcon.colcon_core.verb:set package 'person_msgs' build argument 'catkin_cmake_args' from command line to 'None'
[0.392s] Level 5:colcon.colcon_core.verb:set package 'person_msgs' build argument 'catkin_skip_building_tests' from command line to 'False'
[0.392s] DEBUG:colcon.colcon_core.verb:Building package 'person_msgs' with the following arguments: {'ament_cmake_args': None, 'build_base': '/home/yanagi/ros2_ws/build/person_msgs', 'catkin_cmake_args': None, 'catkin_skip_building_tests': False, 'cmake_args': None, 'cmake_clean_cache': False, 'cmake_clean_first': False, 'cmake_force_configure': False, 'cmake_target': None, 'cmake_target_skip_unavailable': False, 'install_base': '/home/yanagi/ros2_ws/install/person_msgs', 'merge_install': False, 'path': '/home/yanagi/ros2_ws/src/person_msgs', 'symlink_install': False, 'test_result_base': None}
[0.392s] INFO:colcon.colcon_core.executor:Executing jobs using 'parallel' executor
[0.396s] DEBUG:colcon.colcon_parallel_executor.executor.parallel:run_until_complete
[0.397s] INFO:colcon.colcon_ros.task.ament_python.build:Building ROS package in '/home/yanagi/ros2_ws/src/mypkg' with build type 'ament_python'
[0.398s] Level 1:colcon.colcon_core.shell:create_environment_hook('mypkg', 'ament_prefix_path')
[0.401s] INFO:colcon.colcon_core.plugin_system:Skipping extension 'colcon_core.shell.bat': Not used on non-Windows systems
[0.402s] INFO:colcon.colcon_core.shell:Creating environment hook '/home/yanagi/ros2_ws/install/mypkg/share/mypkg/hook/ament_prefix_path.ps1'
[0.402s] INFO:colcon.colcon_core.shell:Creating environment descriptor '/home/yanagi/ros2_ws/install/mypkg/share/mypkg/hook/ament_prefix_path.dsv'
[0.403s] INFO:colcon.colcon_core.shell:Creating environment hook '/home/yanagi/ros2_ws/install/mypkg/share/mypkg/hook/ament_prefix_path.sh'
[0.405s] INFO:colcon.colcon_core.shell:Skip shell extension 'powershell' for command environment: Not usable outside of PowerShell
[0.405s] DEBUG:colcon.colcon_core.shell:Skip shell extension 'dsv' for command environment
[0.409s] INFO:colcon.colcon_ros.task.ament_cmake.build:Building ROS package in '/home/yanagi/ros2_ws/src/person_mags' with build type 'ament_cmake'
[0.409s] INFO:colcon.colcon_cmake.task.cmake.build:Building CMake package in '/home/yanagi/ros2_ws/src/person_mags'
[0.411s] INFO:colcon.colcon_core.shell:Skip shell extension 'powershell' for command environment: Not usable outside of PowerShell
[0.411s] DEBUG:colcon.colcon_core.shell:Skip shell extension 'dsv' for command environment
[0.418s] INFO:colcon.colcon_ros.task.ament_cmake.build:Building ROS package in '/home/yanagi/ros2_ws/src/person_msgs' with build type 'ament_cmake'
[0.419s] INFO:colcon.colcon_cmake.task.cmake.build:Building CMake package in '/home/yanagi/ros2_ws/src/person_msgs'
[0.420s] INFO:colcon.colcon_core.shell:Skip shell extension 'powershell' for command environment: Not usable outside of PowerShell
[0.420s] DEBUG:colcon.colcon_core.shell:Skip shell extension 'dsv' for command environment
[0.604s] INFO:colcon.colcon_core.task.python.build:Building Python package in '/home/yanagi/ros2_ws/src/mypkg'
[0.605s] INFO:colcon.colcon_core.shell:Skip shell extension 'powershell' for command environment: Not usable outside of PowerShell
[0.605s] DEBUG:colcon.colcon_core.shell:Skip shell extension 'dsv' for command environment
[0.618s] DEBUG:colcon.colcon_core.event_handler.log_command:Invoking command in '/home/yanagi/ros2_ws/build/person_mags': CMAKE_PREFIX_PATH=${CMAKE_PREFIX_PATH}:/home/yanagi/ros2_ws/install/mypkg:/opt/ros/humble /usr/bin/cmake --build /home/yanagi/ros2_ws/build/person_mags -- -j8 -l8
[0.621s] DEBUG:colcon.colcon_core.event_handler.log_command:Invoking command in '/home/yanagi/ros2_ws/build/person_msgs': CMAKE_PREFIX_PATH=${CMAKE_PREFIX_PATH}:/home/yanagi/ros2_ws/install/mypkg:/opt/ros/humble /usr/bin/cmake --build /home/yanagi/ros2_ws/build/person_msgs -- -j8 -l8
[0.647s] DEBUG:colcon.colcon_core.event_handler.log_command:Invoked command in '/home/yanagi/ros2_ws/build/person_mags' returned '0': CMAKE_PREFIX_PATH=${CMAKE_PREFIX_PATH}:/home/yanagi/ros2_ws/install/mypkg:/opt/ros/humble /usr/bin/cmake --build /home/yanagi/ros2_ws/build/person_mags -- -j8 -l8
[0.677s] DEBUG:colcon.colcon_core.event_handler.log_command:Invoking command in '/home/yanagi/ros2_ws/build/person_mags': CMAKE_PREFIX_PATH=${CMAKE_PREFIX_PATH}:/home/yanagi/ros2_ws/install/mypkg:/opt/ros/humble /usr/bin/cmake --install /home/yanagi/ros2_ws/build/person_mags
[0.687s] Level 1:colcon.colcon_core.environment:create_environment_scripts_only(person_mags)
[0.688s] DEBUG:colcon.colcon_core.event_handler.log_command:Invoked command in '/home/yanagi/ros2_ws/build/person_mags' returned '0': CMAKE_PREFIX_PATH=${CMAKE_PREFIX_PATH}:/home/yanagi/ros2_ws/install/mypkg:/opt/ros/humble /usr/bin/cmake --install /home/yanagi/ros2_ws/build/person_mags
[0.696s] Level 1:colcon.colcon_core.environment:checking '/home/yanagi/ros2_ws/install/person_mags' for CMake module files
[0.698s] Level 1:colcon.colcon_core.environment:checking '/home/yanagi/ros2_ws/install/person_mags' for CMake config files
[0.698s] Level 1:colcon.colcon_core.shell:create_environment_hook('person_mags', 'cmake_prefix_path')
[0.701s] INFO:colcon.colcon_core.shell:Creating environment hook '/home/yanagi/ros2_ws/install/person_mags/share/person_mags/hook/cmake_prefix_path.ps1'
[0.702s] INFO:colcon.colcon_core.shell:Creating environment descriptor '/home/yanagi/ros2_ws/install/person_mags/share/person_mags/hook/cmake_prefix_path.dsv'
[0.702s] INFO:colcon.colcon_core.shell:Creating environment hook '/home/yanagi/ros2_ws/install/person_mags/share/person_mags/hook/cmake_prefix_path.sh'
[0.703s] Level 1:colcon.colcon_core.environment:checking '/home/yanagi/ros2_ws/install/person_mags/bin'
[0.703s] Level 1:colcon.colcon_core.environment:checking '/home/yanagi/ros2_ws/install/person_mags/lib/pkgconfig/person_mags.pc'
[0.703s] Level 1:colcon.colcon_core.environment:checking '/home/yanagi/ros2_ws/install/person_mags/lib/python3.10/site-packages'
[0.704s] Level 1:colcon.colcon_core.environment:checking '/home/yanagi/ros2_ws/install/person_mags/bin'
[0.706s] INFO:colcon.colcon_core.shell:Creating package script '/home/yanagi/ros2_ws/install/person_mags/share/person_mags/package.ps1'
[0.708s] INFO:colcon.colcon_core.shell:Creating package descriptor '/home/yanagi/ros2_ws/install/person_mags/share/person_mags/package.dsv'
[0.708s] INFO:colcon.colcon_core.shell:Creating package script '/home/yanagi/ros2_ws/install/person_mags/share/person_mags/package.sh'
[0.709s] INFO:colcon.colcon_core.shell:Creating package script '/home/yanagi/ros2_ws/install/person_mags/share/person_mags/package.bash'
[0.710s] INFO:colcon.colcon_core.shell:Creating package script '/home/yanagi/ros2_ws/install/person_mags/share/person_mags/package.zsh'
[0.711s] Level 1:colcon.colcon_core.environment:create_file_with_runtime_dependencies(/home/yanagi/ros2_ws/install/person_mags/share/colcon-core/packages/person_mags)
[0.731s] Level 1:colcon.colcon_core.environment:create_environment_scripts_only(person_mags)
[0.733s] Level 1:colcon.colcon_core.environment:checking '/home/yanagi/ros2_ws/install/person_mags' for CMake module files
[0.733s] Level 1:colcon.colcon_core.environment:checking '/home/yanagi/ros2_ws/install/person_mags' for CMake config files
[0.733s] Level 1:colcon.colcon_core.shell:create_environment_hook('person_mags', 'cmake_prefix_path')
[0.734s] INFO:colcon.colcon_core.shell:Creating environment hook '/home/yanagi/ros2_ws/install/person_mags/share/person_mags/hook/cmake_prefix_path.ps1'
[0.735s] INFO:colcon.colcon_core.shell:Creating environment descriptor '/home/yanagi/ros2_ws/install/person_mags/share/person_mags/hook/cmake_prefix_path.dsv'
[0.735s] INFO:colcon.colcon_core.shell:Creating environment hook '/home/yanagi/ros2_ws/install/person_mags/share/person_mags/hook/cmake_prefix_path.sh'
[0.735s] Level 1:colcon.colcon_core.environment:checking '/home/yanagi/ros2_ws/install/person_mags/bin'
[0.735s] Level 1:colcon.colcon_core.environment:checking '/home/yanagi/ros2_ws/install/person_mags/lib/pkgconfig/person_mags.pc'
[0.736s] Level 1:colcon.colcon_core.environment:checking '/home/yanagi/ros2_ws/install/person_mags/lib/python3.10/site-packages'
[0.736s] Level 1:colcon.colcon_core.environment:checking '/home/yanagi/ros2_ws/install/person_mags/bin'
[0.738s] INFO:colcon.colcon_core.shell:Creating package script '/home/yanagi/ros2_ws/install/person_mags/share/person_mags/package.ps1'
[0.739s] INFO:colcon.colcon_core.shell:Creating package descriptor '/home/yanagi/ros2_ws/install/person_mags/share/person_mags/package.dsv'
[0.740s] INFO:colcon.colcon_core.shell:Creating package script '/home/yanagi/ros2_ws/install/person_mags/share/person_mags/package.sh'
[0.740s] INFO:colcon.colcon_core.shell:Creating package script '/home/yanagi/ros2_ws/install/person_mags/share/person_mags/package.bash'
[0.741s] INFO:colcon.colcon_core.shell:Creating package script '/home/yanagi/ros2_ws/install/person_mags/share/person_mags/package.zsh'
[0.741s] Level 1:colcon.colcon_core.environment:create_file_with_runtime_dependencies(/home/yanagi/ros2_ws/install/person_mags/share/colcon-core/packages/person_mags)
[0.946s] DEBUG:colcon.colcon_core.event_handler.log_command:Invoking command in '/home/yanagi/ros2_ws/src/mypkg': PYTHONPATH=/home/yanagi/ros2_ws/install/mypkg/lib/python3.10/site-packages:${PYTHONPATH} /usr/bin/python3 setup.py egg_info --egg-base ../../build/mypkg build --build-base /home/yanagi/ros2_ws/build/mypkg/build install --prefix /home/yanagi/ros2_ws/install/mypkg --record /home/yanagi/ros2_ws/build/mypkg/install.log --single-version-externally-managed
[0.971s] DEBUG:colcon.colcon_core.event_handler.log_command:Invoked command in '/home/yanagi/ros2_ws/build/person_msgs' returned '0': CMAKE_PREFIX_PATH=${CMAKE_PREFIX_PATH}:/home/yanagi/ros2_ws/install/mypkg:/opt/ros/humble /usr/bin/cmake --build /home/yanagi/ros2_ws/build/person_msgs -- -j8 -l8
[1.039s] DEBUG:colcon.colcon_core.event_handler.log_command:Invoking command in '/home/yanagi/ros2_ws/build/person_msgs': CMAKE_PREFIX_PATH=${CMAKE_PREFIX_PATH}:/home/yanagi/ros2_ws/install/mypkg:/opt/ros/humble /usr/bin/cmake --install /home/yanagi/ros2_ws/build/person_msgs
[1.101s] Level 1:colcon.colcon_core.environment:create_environment_scripts_only(person_msgs)
[1.102s] Level 1:colcon.colcon_core.environment:checking '/home/yanagi/ros2_ws/install/person_msgs' for CMake module files
[1.106s] DEBUG:colcon.colcon_core.event_handler.log_command:Invoked command in '/home/yanagi/ros2_ws/build/person_msgs' returned '0': CMAKE_PREFIX_PATH=${CMAKE_PREFIX_PATH}:/home/yanagi/ros2_ws/install/mypkg:/opt/ros/humble /usr/bin/cmake --install /home/yanagi/ros2_ws/build/person_msgs
[1.106s] Level 1:colcon.colcon_core.environment:checking '/home/yanagi/ros2_ws/install/person_msgs' for CMake config files
[1.107s] Level 1:colcon.colcon_core.shell:create_environment_hook('person_msgs', 'cmake_prefix_path')
[1.107s] INFO:colcon.colcon_core.shell:Creating environment hook '/home/yanagi/ros2_ws/install/person_msgs/share/person_msgs/hook/cmake_prefix_path.ps1'
[1.108s] INFO:colcon.colcon_core.shell:Creating environment descriptor '/home/yanagi/ros2_ws/install/person_msgs/share/person_msgs/hook/cmake_prefix_path.dsv'
[1.108s] INFO:colcon.colcon_core.shell:Creating environment hook '/home/yanagi/ros2_ws/install/person_msgs/share/person_msgs/hook/cmake_prefix_path.sh'
[1.108s] Level 1:colcon.colcon_core.environment:checking '/home/yanagi/ros2_ws/install/person_msgs/lib'
[1.108s] Level 1:colcon.colcon_core.shell:create_environment_hook('person_msgs', 'ld_library_path_lib')
[1.109s] INFO:colcon.colcon_core.shell:Creating environment hook '/home/yanagi/ros2_ws/install/person_msgs/share/person_msgs/hook/ld_library_path_lib.ps1'
[1.110s] INFO:colcon.colcon_core.shell:Creating environment descriptor '/home/yanagi/ros2_ws/install/person_msgs/share/person_msgs/hook/ld_library_path_lib.dsv'
[1.110s] INFO:colcon.colcon_core.shell:Creating environment hook '/home/yanagi/ros2_ws/install/person_msgs/share/person_msgs/hook/ld_library_path_lib.sh'
[1.110s] Level 1:colcon.colcon_core.environment:checking '/home/yanagi/ros2_ws/install/person_msgs/bin'
[1.110s] Level 1:colcon.colcon_core.environment:checking '/home/yanagi/ros2_ws/install/person_msgs/lib/pkgconfig/person_msgs.pc'
[1.110s] Level 1:colcon.colcon_core.environment:checking '/home/yanagi/ros2_ws/install/person_msgs/lib/python3.10/site-packages'
[1.110s] Level 1:colcon.colcon_core.environment:checking '/home/yanagi/ros2_ws/install/person_msgs/bin'
[1.111s] INFO:colcon.colcon_core.shell:Creating package script '/home/yanagi/ros2_ws/install/person_msgs/share/person_msgs/package.ps1'
[1.111s] INFO:colcon.colcon_core.shell:Creating package descriptor '/home/yanagi/ros2_ws/install/person_msgs/share/person_msgs/package.dsv'
[1.112s] INFO:colcon.colcon_core.shell:Creating package script '/home/yanagi/ros2_ws/install/person_msgs/share/person_msgs/package.sh'
[1.112s] INFO:colcon.colcon_core.shell:Creating package script '/home/yanagi/ros2_ws/install/person_msgs/share/person_msgs/package.bash'
[1.112s] INFO:colcon.colcon_core.shell:Creating package script '/home/yanagi/ros2_ws/install/person_msgs/share/person_msgs/package.zsh'
[1.112s] Level 1:colcon.colcon_core.environment:create_file_with_runtime_dependencies(/home/yanagi/ros2_ws/install/person_msgs/share/colcon-core/packages/person_msgs)
[1.185s] Level 1:colcon.colcon_core.environment:create_environment_scripts_only(person_msgs)
[1.187s] Level 1:colcon.colcon_core.environment:checking '/home/yanagi/ros2_ws/install/person_msgs' for CMake module files
[1.191s] Level 1:colcon.colcon_core.environment:checking '/home/yanagi/ros2_ws/install/person_msgs' for CMake config files
[1.193s] Level 1:colcon.colcon_core.shell:create_environment_hook('person_msgs', 'cmake_prefix_path')
[1.194s] INFO:colcon.colcon_core.shell:Creating environment hook '/home/yanagi/ros2_ws/install/person_msgs/share/person_msgs/hook/cmake_prefix_path.ps1'
[1.195s] INFO:colcon.colcon_core.shell:Creating environment descriptor '/home/yanagi/ros2_ws/install/person_msgs/share/person_msgs/hook/cmake_prefix_path.dsv'
[1.195s] INFO:colcon.colcon_core.shell:Creating environment hook '/home/yanagi/ros2_ws/install/person_msgs/share/person_msgs/hook/cmake_prefix_path.sh'
[1.195s] Level 1:colcon.colcon_core.environment:checking '/home/yanagi/ros2_ws/install/person_msgs/lib'
[1.195s] Level 1:colcon.colcon_core.shell:create_environment_hook('person_msgs', 'ld_library_path_lib')
[1.196s] INFO:colcon.colcon_core.shell:Creating environment hook '/home/yanagi/ros2_ws/install/person_msgs/share/person_msgs/hook/ld_library_path_lib.ps1'
[1.196s] INFO:colcon.colcon_core.shell:Creating environment descriptor '/home/yanagi/ros2_ws/install/person_msgs/share/person_msgs/hook/ld_library_path_lib.dsv'
[1.197s] INFO:colcon.colcon_core.shell:Creating environment hook '/home/yanagi/ros2_ws/install/person_msgs/share/person_msgs/hook/ld_library_path_lib.sh'
[1.197s] Level 1:colcon.colcon_core.environment:checking '/home/yanagi/ros2_ws/install/person_msgs/bin'
[1.197s] Level 1:colcon.colcon_core.environment:checking '/home/yanagi/ros2_ws/install/person_msgs/lib/pkgconfig/person_msgs.pc'
[1.197s] Level 1:colcon.colcon_core.environment:checking '/home/yanagi/ros2_ws/install/person_msgs/lib/python3.10/site-packages'
[1.197s] Level 1:colcon.colcon_core.environment:checking '/home/yanagi/ros2_ws/install/person_msgs/bin'
[1.198s] INFO:colcon.colcon_core.shell:Creating package script '/home/yanagi/ros2_ws/install/person_msgs/share/person_msgs/package.ps1'
[1.199s] INFO:colcon.colcon_core.shell:Creating package descriptor '/home/yanagi/ros2_ws/install/person_msgs/share/person_msgs/package.dsv'
[1.199s] INFO:colcon.colcon_core.shell:Creating package script '/home/yanagi/ros2_ws/install/person_msgs/share/person_msgs/package.sh'
[1.199s] INFO:colcon.colcon_core.shell:Creating package script '/home/yanagi/ros2_ws/install/person_msgs/share/person_msgs/package.bash'
[1.200s] INFO:colcon.colcon_core.shell:Creating package script '/home/yanagi/ros2_ws/install/person_msgs/share/person_msgs/package.zsh'
[1.200s] Level 1:colcon.colcon_core.environment:create_file_with_runtime_dependencies(/home/yanagi/ros2_ws/install/person_msgs/share/colcon-core/packages/person_msgs)
[1.234s] Level 1:colcon.colcon_core.environment:checking '/home/yanagi/ros2_ws/install/mypkg' for CMake module files
[1.235s] DEBUG:colcon.colcon_core.event_handler.log_command:Invoked command in '/home/yanagi/ros2_ws/src/mypkg' returned '0': PYTHONPATH=/home/yanagi/ros2_ws/install/mypkg/lib/python3.10/site-packages:${PYTHONPATH} /usr/bin/python3 setup.py egg_info --egg-base ../../build/mypkg build --build-base /home/yanagi/ros2_ws/build/mypkg/build install --prefix /home/yanagi/ros2_ws/install/mypkg --record /home/yanagi/ros2_ws/build/mypkg/install.log --single-version-externally-managed
[1.235s] Level 1:colcon.colcon_core.environment:checking '/home/yanagi/ros2_ws/install/mypkg' for CMake config files
[1.236s] Level 1:colcon.colcon_core.environment:checking '/home/yanagi/ros2_ws/install/mypkg/lib'
[1.236s] Level 1:colcon.colcon_core.environment:checking '/home/yanagi/ros2_ws/install/mypkg/bin'
[1.236s] Level 1:colcon.colcon_core.environment:checking '/home/yanagi/ros2_ws/install/mypkg/lib/pkgconfig/mypkg.pc'
[1.236s] Level 1:colcon.colcon_core.environment:checking '/home/yanagi/ros2_ws/install/mypkg/lib/python3.10/site-packages'
[1.236s] Level 1:colcon.colcon_core.shell:create_environment_hook('mypkg', 'pythonpath')
[1.237s] INFO:colcon.colcon_core.shell:Creating environment hook '/home/yanagi/ros2_ws/install/mypkg/share/mypkg/hook/pythonpath.ps1'
[1.238s] INFO:colcon.colcon_core.shell:Creating environment descriptor '/home/yanagi/ros2_ws/install/mypkg/share/mypkg/hook/pythonpath.dsv'
[1.238s] INFO:colcon.colcon_core.shell:Creating environment hook '/home/yanagi/ros2_ws/install/mypkg/share/mypkg/hook/pythonpath.sh'
[1.239s] Level 1:colcon.colcon_core.environment:checking '/home/yanagi/ros2_ws/install/mypkg/bin'
[1.239s] Level 1:colcon.colcon_core.environment:create_environment_scripts_only(mypkg)
[1.240s] INFO:colcon.colcon_core.shell:Creating package script '/home/yanagi/ros2_ws/install/mypkg/share/mypkg/package.ps1'
[1.240s] INFO:colcon.colcon_core.shell:Creating package descriptor '/home/yanagi/ros2_ws/install/mypkg/share/mypkg/package.dsv'
[1.241s] INFO:colcon.colcon_core.shell:Creating package script '/home/yanagi/ros2_ws/install/mypkg/share/mypkg/package.sh'
[1.241s] INFO:colcon.colcon_core.shell:Creating package script '/home/yanagi/ros2_ws/install/mypkg/share/mypkg/package.bash'
[1.241s] INFO:colcon.colcon_core.shell:Creating package script '/home/yanagi/ros2_ws/install/mypkg/share/mypkg/package.zsh'
[1.241s] Level 1:colcon.colcon_core.environment:create_file_with_runtime_dependencies(/home/yanagi/ros2_ws/install/mypkg/share/colcon-core/packages/mypkg)
[1.241s] DEBUG:colcon.colcon_parallel_executor.executor.parallel:closing loop
[1.242s] DEBUG:colcon.colcon_parallel_executor.executor.parallel:loop closed
[1.242s] DEBUG:colcon.colcon_parallel_executor.executor.parallel:run_until_complete finished with '0'
[1.242s] DEBUG:colcon.colcon_core.event_reactor:joining thread
[1.287s] INFO:colcon.colcon_core.plugin_system:Skipping extension 'colcon_notification.desktop_notification.notify_send': Could not find 'notify-send'
[1.287s] INFO:colcon.colcon_core.plugin_system:Skipping extension 'colcon_notification.desktop_notification.terminal_notifier': Not used on non-Darwin systems
[1.287s] INFO:colcon.colcon_core.plugin_system:Skipping extension 'colcon_notification.desktop_notification.win32': Not used on non-Windows systems
[1.287s] INFO:colcon.colcon_notification.desktop_notification:Sending desktop notification using 'notify2'
[1.287s] DEBUG:colcon.colcon_notification.desktop_notification.notify2:Failed to initialize notify2: org.freedesktop.DBus.Error.NotSupported: Unable to autolaunch a dbus-daemon without a $DISPLAY for X11
[1.287s] DEBUG:colcon.colcon_core.event_reactor:joined thread
[1.290s] INFO:colcon.colcon_core.shell:Creating prefix script '/home/yanagi/ros2_ws/install/local_setup.ps1'
[1.290s] INFO:colcon.colcon_core.shell:Creating prefix util module '/home/yanagi/ros2_ws/install/_local_setup_util_ps1.py'
[1.292s] INFO:colcon.colcon_core.shell:Creating prefix chain script '/home/yanagi/ros2_ws/install/setup.ps1'
[1.293s] INFO:colcon.colcon_core.shell:Creating prefix script '/home/yanagi/ros2_ws/install/local_setup.sh'
[1.293s] INFO:colcon.colcon_core.shell:Creating prefix util module '/home/yanagi/ros2_ws/install/_local_setup_util_sh.py'
[1.294s] INFO:colcon.colcon_core.shell:Creating prefix chain script '/home/yanagi/ros2_ws/install/setup.sh'
[1.295s] INFO:colcon.colcon_core.shell:Creating prefix script '/home/yanagi/ros2_ws/install/local_setup.bash'
[1.295s] INFO:colcon.colcon_core.shell:Creating prefix chain script '/home/yanagi/ros2_ws/install/setup.bash'
[1.296s] INFO:colcon.colcon_core.shell:Creating prefix script '/home/yanagi/ros2_ws/install/local_setup.zsh'
[1.296s] INFO:colcon.colcon_core.shell:Creating prefix chain script '/home/yanagi/ros2_ws/install/setup.zsh'
