-- The C compiler identification is GNU 11.3.0
-- The CXX compiler identification is GNU 11.3.0
-- Detecting C compiler ABI info
-- Detecting C compiler ABI info - done
-- Check for working C compiler: /usr/bin/cc - skipped
-- Detecting C compile features
-- Detecting C compile features - done
-- Detecting CXX compiler ABI info
-- Detecting CXX compiler ABI info - done
-- Check for working CXX compiler: /usr/bin/c++ - skipped
-- Detecting CXX compile features
-- Detecting CXX compile features - done
-- Found ament_cmake: 1.3.2 (/opt/ros/humble/share/ament_cmake/cmake)
-- Found Python3: /usr/bin/python3.10 (found version "3.10.6") found components: Interpreter 
-- Found ament_lint_auto: 0.12.4 (/opt/ros/humble/share/ament_lint_auto/cmake)
-- Added test 'lint_cmake' to check CMake code style
-- Added test 'xmllint' to check XML markup files
-- Configuring done
-- Generating done
-- Build files have been written to: /home/yanagi/ros2_ws/build/person_mags
-- Install configuration: ""
-- Installing: /home/yanagi/ros2_ws/install/person_mags/share/ament_index/resource_index/package_run_dependencies/person_mags
-- Installing: /home/yanagi/ros2_ws/install/person_mags/share/ament_index/resource_index/parent_prefix_path/person_mags
-- Installing: /home/yanagi/ros2_ws/install/person_mags/share/person_mags/environment/ament_prefix_path.sh
-- Installing: /home/yanagi/ros2_ws/install/person_mags/share/person_mags/environment/ament_prefix_path.dsv
-- Installing: /home/yanagi/ros2_ws/install/person_mags/share/person_mags/environment/path.sh
-- Installing: /home/yanagi/ros2_ws/install/person_mags/share/person_mags/environment/path.dsv
-- Installing: /home/yanagi/ros2_ws/install/person_mags/share/person_mags/local_setup.bash
-- Installing: /home/yanagi/ros2_ws/install/person_mags/share/person_mags/local_setup.sh
-- Installing: /home/yanagi/ros2_ws/install/person_mags/share/person_mags/local_setup.zsh
-- Installing: /home/yanagi/ros2_ws/install/person_mags/share/person_mags/local_setup.dsv
-- Installing: /home/yanagi/ros2_ws/install/person_mags/share/person_mags/package.dsv
-- Installing: /home/yanagi/ros2_ws/install/person_mags/share/ament_index/resource_index/packages/person_mags
-- Installing: /home/yanagi/ros2_ws/install/person_mags/share/person_mags/cmake/person_magsConfig.cmake
-- Installing: /home/yanagi/ros2_ws/install/person_mags/share/person_mags/cmake/person_magsConfig-version.cmake
-- Installing: /home/yanagi/ros2_ws/install/person_mags/share/person_mags/package.xml
