[0.228s] DEBUG:colcon:Command line arguments: ['/usr/bin/colcon', 'build']
[0.228s] DEBUG:colcon:Parsed command line arguments: Namespace(log_base=None, log_level=None, verb_name='build', build_base='build', install_base='install', merge_install=False, symlink_install=False, test_result_base=None, continue_on_error=False, executor='parallel', parallel_workers=8, event_handlers=None, ignore_user_meta=False, metas=['./colcon.meta'], base_paths=['.'], packages_ignore=None, packages_ignore_regex=None, paths=None, packages_up_to=None, packages_up_to_regex=None, packages_above=None, packages_above_and_dependencies=None, packages_above_depth=None, packages_select_by_dep=None, packages_skip_by_dep=None, packages_skip_up_to=None, packages_select_build_failed=False, packages_skip_build_finished=False, packages_select_test_failures=False, packages_skip_test_passed=False, packages_select=None, packages_skip=None, packages_select_regex=None, packages_skip_regex=None, packages_start=None, packages_end=None, allow_overriding=[], cmake_args=None, cmake_target=None, cmake_target_skip_unavailable=False, cmake_clean_cache=False, cmake_clean_first=False, cmake_force_configure=False, ament_cmake_args=None, catkin_cmake_args=None, catkin_skip_building_tests=False, verb_parser=<colcon_defaults.argument_parser.defaults.DefaultArgumentsDecorator object at 0x7fd984ae1ab0>, verb_extension=<colcon_core.verb.build.BuildVerb object at 0x7fd98541a1a0>, main=<bound method BuildVerb.main of <colcon_core.verb.build.BuildVerb object at 0x7fd98541a1a0>>)
[0.244s] Level 1:colcon.colcon_core.package_discovery:discover_packages(colcon_meta) check parameters
[0.245s] Level 1:colcon.colcon_core.package_discovery:discover_packages(recursive) check parameters
[0.245s] Level 1:colcon.colcon_core.package_discovery:discover_packages(ignore) check parameters
[0.245s] Level 1:colcon.colcon_core.package_discovery:discover_packages(path) check parameters
[0.245s] Level 1:colcon.colcon_core.package_discovery:discover_packages(colcon_meta) discover
[0.245s] Level 1:colcon.colcon_core.package_discovery:discover_packages(recursive) discover
[0.245s] INFO:colcon.colcon_core.package_discovery:Crawling recursively for packages in '/home/yanagi/ros2_ws'
[0.245s] Level 1:colcon.colcon_core.package_identification:_identify(.) by extensions ['ignore', 'ignore_ament_install']
[0.245s] Level 1:colcon.colcon_core.package_identification:_identify(.) by extension 'ignore'
[0.245s] Level 1:colcon.colcon_core.package_identification:_identify(.) by extension 'ignore_ament_install'
[0.245s] Level 1:colcon.colcon_core.package_identification:_identify(.) by extensions ['colcon_pkg']
[0.245s] Level 1:colcon.colcon_core.package_identification:_identify(.) by extension 'colcon_pkg'
[0.245s] Level 1:colcon.colcon_core.package_identification:_identify(.) by extensions ['colcon_meta']
[0.245s] Level 1:colcon.colcon_core.package_identification:_identify(.) by extension 'colcon_meta'
[0.245s] Level 1:colcon.colcon_core.package_identification:_identify(.) by extensions ['ros']
[0.245s] Level 1:colcon.colcon_core.package_identification:_identify(.) by extension 'ros'
[0.260s] Level 1:colcon.colcon_core.package_identification:_identify(.) by extensions ['cmake', 'python']
[0.260s] Level 1:colcon.colcon_core.package_identification:_identify(.) by extension 'cmake'
[0.260s] Level 1:colcon.colcon_core.package_identification:_identify(.) by extension 'python'
[0.260s] Level 1:colcon.colcon_core.package_identification:_identify(.) by extensions ['python_setup_py']
[0.260s] Level 1:colcon.colcon_core.package_identification:_identify(.) by extension 'python_setup_py'
[0.260s] Level 1:colcon.colcon_core.package_identification:_identify(build) by extensions ['ignore', 'ignore_ament_install']
[0.260s] Level 1:colcon.colcon_core.package_identification:_identify(build) by extension 'ignore'
[0.260s] Level 1:colcon.colcon_core.package_identification:_identify(build) ignored
[0.260s] Level 1:colcon.colcon_core.package_identification:_identify(install) by extensions ['ignore', 'ignore_ament_install']
[0.260s] Level 1:colcon.colcon_core.package_identification:_identify(install) by extension 'ignore'
[0.260s] Level 1:colcon.colcon_core.package_identification:_identify(install) ignored
[0.260s] Level 1:colcon.colcon_core.package_identification:_identify(log) by extensions ['ignore', 'ignore_ament_install']
[0.260s] Level 1:colcon.colcon_core.package_identification:_identify(log) by extension 'ignore'
[0.260s] Level 1:colcon.colcon_core.package_identification:_identify(log) ignored
[0.261s] Level 1:colcon.colcon_core.package_identification:_identify(src) by extensions ['ignore', 'ignore_ament_install']
[0.261s] Level 1:colcon.colcon_core.package_identification:_identify(src) by extension 'ignore'
[0.261s] Level 1:colcon.colcon_core.package_identification:_identify(src) by extension 'ignore_ament_install'
[0.261s] Level 1:colcon.colcon_core.package_identification:_identify(src) by extensions ['colcon_pkg']
[0.261s] Level 1:colcon.colcon_core.package_identification:_identify(src) by extension 'colcon_pkg'
[0.261s] Level 1:colcon.colcon_core.package_identification:_identify(src) by extensions ['colcon_meta']
[0.261s] Level 1:colcon.colcon_core.package_identification:_identify(src) by extension 'colcon_meta'
[0.261s] Level 1:colcon.colcon_core.package_identification:_identify(src) by extensions ['ros']
[0.261s] Level 1:colcon.colcon_core.package_identification:_identify(src) by extension 'ros'
[0.261s] Level 1:colcon.colcon_core.package_identification:_identify(src) by extensions ['cmake', 'python']
[0.261s] Level 1:colcon.colcon_core.package_identification:_identify(src) by extension 'cmake'
[0.261s] Level 1:colcon.colcon_core.package_identification:_identify(src) by extension 'python'
[0.261s] Level 1:colcon.colcon_core.package_identification:_identify(src) by extensions ['python_setup_py']
[0.261s] Level 1:colcon.colcon_core.package_identification:_identify(src) by extension 'python_setup_py'
[0.261s] Level 1:colcon.colcon_core.package_identification:_identify(src/mypkg) by extensions ['ignore', 'ignore_ament_install']
[0.261s] Level 1:colcon.colcon_core.package_identification:_identify(src/mypkg) by extension 'ignore'
[0.261s] Level 1:colcon.colcon_core.package_identification:_identify(src/mypkg) by extension 'ignore_ament_install'
[0.261s] Level 1:colcon.colcon_core.package_identification:_identify(src/mypkg) by extensions ['colcon_pkg']
[0.261s] Level 1:colcon.colcon_core.package_identification:_identify(src/mypkg) by extension 'colcon_pkg'
[0.261s] Level 1:colcon.colcon_core.package_identification:_identify(src/mypkg) by extensions ['colcon_meta']
[0.261s] Level 1:colcon.colcon_core.package_identification:_identify(src/mypkg) by extension 'colcon_meta'
[0.261s] Level 1:colcon.colcon_core.package_identification:_identify(src/mypkg) by extensions ['ros']
[0.261s] Level 1:colcon.colcon_core.package_identification:_identify(src/mypkg) by extension 'ros'
[0.263s] DEBUG:colcon.colcon_core.package_identification:Package 'src/mypkg' with type 'ros.ament_python' and name 'mypkg'
[0.263s] Level 1:colcon.colcon_core.package_identification:_identify(src/person_mags) by extensions ['ignore', 'ignore_ament_install']
[0.263s] Level 1:colcon.colcon_core.package_identification:_identify(src/person_mags) by extension 'ignore'
[0.263s] Level 1:colcon.colcon_core.package_identification:_identify(src/person_mags) by extension 'ignore_ament_install'
[0.263s] Level 1:colcon.colcon_core.package_identification:_identify(src/person_mags) by extensions ['colcon_pkg']
[0.263s] Level 1:colcon.colcon_core.package_identification:_identify(src/person_mags) by extension 'colcon_pkg'
[0.263s] Level 1:colcon.colcon_core.package_identification:_identify(src/person_mags) by extensions ['colcon_meta']
[0.263s] Level 1:colcon.colcon_core.package_identification:_identify(src/person_mags) by extension 'colcon_meta'
[0.263s] Level 1:colcon.colcon_core.package_identification:_identify(src/person_mags) by extensions ['ros']
[0.263s] Level 1:colcon.colcon_core.package_identification:_identify(src/person_mags) by extension 'ros'
[0.264s] DEBUG:colcon.colcon_core.package_identification:Package 'src/person_mags' with type 'ros.ament_cmake' and name 'person_mags'
[0.264s] Level 1:colcon.colcon_core.package_identification:_identify(src/person_msgs) by extensions ['ignore', 'ignore_ament_install']
[0.264s] Level 1:colcon.colcon_core.package_identification:_identify(src/person_msgs) by extension 'ignore'
[0.264s] Level 1:colcon.colcon_core.package_identification:_identify(src/person_msgs) by extension 'ignore_ament_install'
[0.264s] Level 1:colcon.colcon_core.package_identification:_identify(src/person_msgs) by extensions ['colcon_pkg']
[0.264s] Level 1:colcon.colcon_core.package_identification:_identify(src/person_msgs) by extension 'colcon_pkg'
[0.264s] Level 1:colcon.colcon_core.package_identification:_identify(src/person_msgs) by extensions ['colcon_meta']
[0.264s] Level 1:colcon.colcon_core.package_identification:_identify(src/person_msgs) by extension 'colcon_meta'
[0.264s] Level 1:colcon.colcon_core.package_identification:_identify(src/person_msgs) by extensions ['ros']
[0.264s] Level 1:colcon.colcon_core.package_identification:_identify(src/person_msgs) by extension 'ros'
[0.264s] DEBUG:colcon.colcon_core.package_identification:Package 'src/person_msgs' with type 'ros.ament_cmake' and name 'person_msgs'
[0.264s] Level 1:colcon.colcon_core.package_discovery:discover_packages(recursive) using defaults
[0.264s] Level 1:colcon.colcon_core.package_discovery:discover_packages(ignore) discover
[0.265s] Level 1:colcon.colcon_core.package_discovery:discover_packages(ignore) using defaults
[0.265s] Level 1:colcon.colcon_core.package_discovery:discover_packages(path) discover
[0.265s] Level 1:colcon.colcon_core.package_discovery:discover_packages(path) using defaults
[0.282s] Level 1:colcon.colcon_core.package_discovery:discover_packages(prefix_path) check parameters
[0.282s] Level 1:colcon.colcon_core.package_discovery:discover_packages(prefix_path) discover
[0.284s] DEBUG:colcon.colcon_installed_package_information.package_discovery:Found 3 installed packages in /home/yanagi/ros2_ws/install
[0.285s] DEBUG:colcon.colcon_installed_package_information.package_discovery:Found 270 installed packages in /opt/ros/humble
[0.286s] Level 1:colcon.colcon_core.package_discovery:discover_packages(prefix_path) using defaults
[0.329s] Level 5:colcon.colcon_core.verb:set package 'mypkg' build argument 'cmake_args' from command line to 'None'
[0.329s] Level 5:colcon.colcon_core.verb:set package 'mypkg' build argument 'cmake_target' from command line to 'None'
[0.329s] Level 5:colcon.colcon_core.verb:set package 'mypkg' build argument 'cmake_target_skip_unavailable' from command line to 'False'
[0.329s] Level 5:colcon.colcon_core.verb:set package 'mypkg' build argument 'cmake_clean_cache' from command line to 'False'
[0.329s] Level 5:colcon.colcon_core.verb:set package 'mypkg' build argument 'cmake_clean_first' from command line to 'False'
[0.329s] Level 5:colcon.colcon_core.verb:set package 'mypkg' build argument 'cmake_force_configure' from command line to 'False'
[0.329s] Level 5:colcon.colcon_core.verb:set package 'mypkg' build argument 'ament_cmake_args' from command line to 'None'
[0.329s] Level 5:colcon.colcon_core.verb:set package 'mypkg' build argument 'catkin_cmake_args' from command line to 'None'
[0.329s] Level 5:colcon.colcon_core.verb:set package 'mypkg' build argument 'catkin_skip_building_tests' from command line to 'False'
[0.329s] DEBUG:colcon.colcon_core.verb:Building package 'mypkg' with the following arguments: {'ament_cmake_args': None, 'build_base': '/home/yanagi/ros2_ws/build/mypkg', 'catkin_cmake_args': None, 'catkin_skip_building_tests': False, 'cmake_args': None, 'cmake_clean_cache': False, 'cmake_clean_first': False, 'cmake_force_configure': False, 'cmake_target': None, 'cmake_target_skip_unavailable': False, 'install_base': '/home/yanagi/ros2_ws/install/mypkg', 'merge_install': False, 'path': '/home/yanagi/ros2_ws/src/mypkg', 'symlink_install': False, 'test_result_base': None}
[0.330s] Level 5:colcon.colcon_core.verb:set package 'person_mags' build argument 'cmake_args' from command line to 'None'
[0.330s] Level 5:colcon.colcon_core.verb:set package 'person_mags' build argument 'cmake_target' from command line to 'None'
[0.330s] Level 5:colcon.colcon_core.verb:set package 'person_mags' build argument 'cmake_target_skip_unavailable' from command line to 'False'
[0.330s] Level 5:colcon.colcon_core.verb:set package 'person_mags' build argument 'cmake_clean_cache' from command line to 'False'
[0.330s] Level 5:colcon.colcon_core.verb:set package 'person_mags' build argument 'cmake_clean_first' from command line to 'False'
[0.330s] Level 5:colcon.colcon_core.verb:set package 'person_mags' build argument 'cmake_force_configure' from command line to 'False'
[0.330s] Level 5:colcon.colcon_core.verb:set package 'person_mags' build argument 'ament_cmake_args' from command line to 'None'
[0.330s] Level 5:colcon.colcon_core.verb:set package 'person_mags' build argument 'catkin_cmake_args' from command line to 'None'
[0.330s] Level 5:colcon.colcon_core.verb:set package 'person_mags' build argument 'catkin_skip_building_tests' from command line to 'False'
[0.330s] DEBUG:colcon.colcon_core.verb:Building package 'person_mags' with the following arguments: {'ament_cmake_args': None, 'build_base': '/home/yanagi/ros2_ws/build/person_mags', 'catkin_cmake_args': None, 'catkin_skip_building_tests': False, 'cmake_args': None, 'cmake_clean_cache': False, 'cmake_clean_first': False, 'cmake_force_configure': False, 'cmake_target': None, 'cmake_target_skip_unavailable': False, 'install_base': '/home/yanagi/ros2_ws/install/person_mags', 'merge_install': False, 'path': '/home/yanagi/ros2_ws/src/person_mags', 'symlink_install': False, 'test_result_base': None}
[0.331s] Level 5:colcon.colcon_core.verb:set package 'person_msgs' build argument 'cmake_args' from command line to 'None'
[0.331s] Level 5:colcon.colcon_core.verb:set package 'person_msgs' build argument 'cmake_target' from command line to 'None'
[0.331s] Level 5:colcon.colcon_core.verb:set package 'person_msgs' build argument 'cmake_target_skip_unavailable' from command line to 'False'
[0.331s] Level 5:colcon.colcon_core.verb:set package 'person_msgs' build argument 'cmake_clean_cache' from command line to 'False'
[0.331s] Level 5:colcon.colcon_core.verb:set package 'person_msgs' build argument 'cmake_clean_first' from command line to 'False'
[0.331s] Level 5:colcon.colcon_core.verb:set package 'person_msgs' build argument 'cmake_force_configure' from command line to 'False'
[0.331s] Level 5:colcon.colcon_core.verb:set package 'person_msgs' build argument 'ament_cmake_args' from command line to 'None'
[0.331s] Level 5:colcon.colcon_core.verb:set package 'person_msgs' build argument 'catkin_cmake_args' from command line to 'None'
[0.331s] Level 5:colcon.colcon_core.verb:set package 'person_msgs' build argument 'catkin_skip_building_tests' from command line to 'False'
[0.331s] DEBUG:colcon.colcon_core.verb:Building package 'person_msgs' with the following arguments: {'ament_cmake_args': None, 'build_base': '/home/yanagi/ros2_ws/build/person_msgs', 'catkin_cmake_args': None, 'catkin_skip_building_tests': False, 'cmake_args': None, 'cmake_clean_cache': False, 'cmake_clean_first': False, 'cmake_force_configure': False, 'cmake_target': None, 'cmake_target_skip_unavailable': False, 'install_base': '/home/yanagi/ros2_ws/install/person_msgs', 'merge_install': False, 'path': '/home/yanagi/ros2_ws/src/person_msgs', 'symlink_install': False, 'test_result_base': None}
[0.332s] INFO:colcon.colcon_core.executor:Executing jobs using 'parallel' executor
[0.335s] DEBUG:colcon.colcon_parallel_executor.executor.parallel:run_until_complete
[0.335s] INFO:colcon.colcon_ros.task.ament_python.build:Building ROS package in '/home/yanagi/ros2_ws/src/mypkg' with build type 'ament_python'
[0.335s] Level 1:colcon.colcon_core.shell:create_environment_hook('mypkg', 'ament_prefix_path')
[0.339s] INFO:colcon.colcon_core.plugin_system:Skipping extension 'colcon_core.shell.bat': Not used on non-Windows systems
[0.339s] INFO:colcon.colcon_core.shell:Creating environment hook '/home/yanagi/ros2_ws/install/mypkg/share/mypkg/hook/ament_prefix_path.ps1'
[0.340s] INFO:colcon.colcon_core.shell:Creating environment descriptor '/home/yanagi/ros2_ws/install/mypkg/share/mypkg/hook/ament_prefix_path.dsv'
[0.340s] INFO:colcon.colcon_core.shell:Creating environment hook '/home/yanagi/ros2_ws/install/mypkg/share/mypkg/hook/ament_prefix_path.sh'
[0.341s] INFO:colcon.colcon_core.shell:Skip shell extension 'powershell' for command environment: Not usable outside of PowerShell
[0.341s] DEBUG:colcon.colcon_core.shell:Skip shell extension 'dsv' for command environment
[0.345s] INFO:colcon.colcon_ros.task.ament_cmake.build:Building ROS package in '/home/yanagi/ros2_ws/src/person_mags' with build type 'ament_cmake'
[0.346s] INFO:colcon.colcon_cmake.task.cmake.build:Building CMake package in '/home/yanagi/ros2_ws/src/person_mags'
[0.347s] INFO:colcon.colcon_core.shell:Skip shell extension 'powershell' for command environment: Not usable outside of PowerShell
[0.347s] DEBUG:colcon.colcon_core.shell:Skip shell extension 'dsv' for command environment
[0.353s] INFO:colcon.colcon_ros.task.ament_cmake.build:Building ROS package in '/home/yanagi/ros2_ws/src/person_msgs' with build type 'ament_cmake'
[0.353s] INFO:colcon.colcon_cmake.task.cmake.build:Building CMake package in '/home/yanagi/ros2_ws/src/person_msgs'
[0.355s] INFO:colcon.colcon_core.shell:Skip shell extension 'powershell' for command environment: Not usable outside of PowerShell
[0.355s] DEBUG:colcon.colcon_core.shell:Skip shell extension 'dsv' for command environment
[0.518s] INFO:colcon.colcon_core.task.python.build:Building Python package in '/home/yanagi/ros2_ws/src/mypkg'
[0.519s] INFO:colcon.colcon_core.shell:Skip shell extension 'powershell' for command environment: Not usable outside of PowerShell
[0.519s] DEBUG:colcon.colcon_core.shell:Skip shell extension 'dsv' for command environment
[0.527s] DEBUG:colcon.colcon_core.event_handler.log_command:Invoking command in '/home/yanagi/ros2_ws/build/person_mags': CMAKE_PREFIX_PATH=${CMAKE_PREFIX_PATH}:/home/yanagi/ros2_ws/install/mypkg:/opt/ros/humble /usr/bin/cmake --build /home/yanagi/ros2_ws/build/person_mags -- -j8 -l8
[0.537s] DEBUG:colcon.colcon_core.event_handler.log_command:Invoking command in '/home/yanagi/ros2_ws/build/person_msgs': CMAKE_PREFIX_PATH=${CMAKE_PREFIX_PATH}:/home/yanagi/ros2_ws/install/mypkg:/opt/ros/humble /usr/bin/cmake --build /home/yanagi/ros2_ws/build/person_msgs -- -j8 -l8
[0.557s] DEBUG:colcon.colcon_core.event_handler.log_command:Invoked command in '/home/yanagi/ros2_ws/build/person_mags' returned '0': CMAKE_PREFIX_PATH=${CMAKE_PREFIX_PATH}:/home/yanagi/ros2_ws/install/mypkg:/opt/ros/humble /usr/bin/cmake --build /home/yanagi/ros2_ws/build/person_mags -- -j8 -l8
[0.591s] DEBUG:colcon.colcon_core.event_handler.log_command:Invoking command in '/home/yanagi/ros2_ws/build/person_mags': CMAKE_PREFIX_PATH=${CMAKE_PREFIX_PATH}:/home/yanagi/ros2_ws/install/mypkg:/opt/ros/humble /usr/bin/cmake --install /home/yanagi/ros2_ws/build/person_mags
[0.604s] Level 1:colcon.colcon_core.environment:create_environment_scripts_only(person_mags)
[0.610s] DEBUG:colcon.colcon_core.event_handler.log_command:Invoked command in '/home/yanagi/ros2_ws/build/person_mags' returned '0': CMAKE_PREFIX_PATH=${CMAKE_PREFIX_PATH}:/home/yanagi/ros2_ws/install/mypkg:/opt/ros/humble /usr/bin/cmake --install /home/yanagi/ros2_ws/build/person_mags
[0.613s] Level 1:colcon.colcon_core.environment:checking '/home/yanagi/ros2_ws/install/person_mags' for CMake module files
[0.613s] Level 1:colcon.colcon_core.environment:checking '/home/yanagi/ros2_ws/install/person_mags' for CMake config files
[0.614s] Level 1:colcon.colcon_core.shell:create_environment_hook('person_mags', 'cmake_prefix_path')
[0.617s] INFO:colcon.colcon_core.shell:Creating environment hook '/home/yanagi/ros2_ws/install/person_mags/share/person_mags/hook/cmake_prefix_path.ps1'
[0.618s] INFO:colcon.colcon_core.shell:Creating environment descriptor '/home/yanagi/ros2_ws/install/person_mags/share/person_mags/hook/cmake_prefix_path.dsv'
[0.618s] INFO:colcon.colcon_core.shell:Creating environment hook '/home/yanagi/ros2_ws/install/person_mags/share/person_mags/hook/cmake_prefix_path.sh'
[0.620s] Level 1:colcon.colcon_core.environment:checking '/home/yanagi/ros2_ws/install/person_mags/bin'
[0.620s] Level 1:colcon.colcon_core.environment:checking '/home/yanagi/ros2_ws/install/person_mags/lib/pkgconfig/person_mags.pc'
[0.621s] Level 1:colcon.colcon_core.environment:checking '/home/yanagi/ros2_ws/install/person_mags/lib/python3.10/site-packages'
[0.621s] Level 1:colcon.colcon_core.environment:checking '/home/yanagi/ros2_ws/install/person_mags/bin'
[0.623s] INFO:colcon.colcon_core.shell:Creating package script '/home/yanagi/ros2_ws/install/person_mags/share/person_mags/package.ps1'
[0.625s] INFO:colcon.colcon_core.shell:Creating package descriptor '/home/yanagi/ros2_ws/install/person_mags/share/person_mags/package.dsv'
[0.626s] INFO:colcon.colcon_core.shell:Creating package script '/home/yanagi/ros2_ws/install/person_mags/share/person_mags/package.sh'
[0.627s] INFO:colcon.colcon_core.shell:Creating package script '/home/yanagi/ros2_ws/install/person_mags/share/person_mags/package.bash'
[0.629s] INFO:colcon.colcon_core.shell:Creating package script '/home/yanagi/ros2_ws/install/person_mags/share/person_mags/package.zsh'
[0.630s] Level 1:colcon.colcon_core.environment:create_file_with_runtime_dependencies(/home/yanagi/ros2_ws/install/person_mags/share/colcon-core/packages/person_mags)
[0.653s] Level 1:colcon.colcon_core.environment:create_environment_scripts_only(person_mags)
[0.655s] Level 1:colcon.colcon_core.environment:checking '/home/yanagi/ros2_ws/install/person_mags' for CMake module files
[0.655s] Level 1:colcon.colcon_core.environment:checking '/home/yanagi/ros2_ws/install/person_mags' for CMake config files
[0.655s] Level 1:colcon.colcon_core.shell:create_environment_hook('person_mags', 'cmake_prefix_path')
[0.656s] INFO:colcon.colcon_core.shell:Creating environment hook '/home/yanagi/ros2_ws/install/person_mags/share/person_mags/hook/cmake_prefix_path.ps1'
[0.657s] INFO:colcon.colcon_core.shell:Creating environment descriptor '/home/yanagi/ros2_ws/install/person_mags/share/person_mags/hook/cmake_prefix_path.dsv'
[0.657s] INFO:colcon.colcon_core.shell:Creating environment hook '/home/yanagi/ros2_ws/install/person_mags/share/person_mags/hook/cmake_prefix_path.sh'
[0.657s] Level 1:colcon.colcon_core.environment:checking '/home/yanagi/ros2_ws/install/person_mags/bin'
[0.657s] Level 1:colcon.colcon_core.environment:checking '/home/yanagi/ros2_ws/install/person_mags/lib/pkgconfig/person_mags.pc'
[0.658s] Level 1:colcon.colcon_core.environment:checking '/home/yanagi/ros2_ws/install/person_mags/lib/python3.10/site-packages'
[0.658s] Level 1:colcon.colcon_core.environment:checking '/home/yanagi/ros2_ws/install/person_mags/bin'
[0.659s] INFO:colcon.colcon_core.shell:Creating package script '/home/yanagi/ros2_ws/install/person_mags/share/person_mags/package.ps1'
[0.660s] INFO:colcon.colcon_core.shell:Creating package descriptor '/home/yanagi/ros2_ws/install/person_mags/share/person_mags/package.dsv'
[0.661s] INFO:colcon.colcon_core.shell:Creating package script '/home/yanagi/ros2_ws/install/person_mags/share/person_mags/package.sh'
[0.661s] INFO:colcon.colcon_core.shell:Creating package script '/home/yanagi/ros2_ws/install/person_mags/share/person_mags/package.bash'
[0.662s] INFO:colcon.colcon_core.shell:Creating package script '/home/yanagi/ros2_ws/install/person_mags/share/person_mags/package.zsh'
[0.663s] Level 1:colcon.colcon_core.environment:create_file_with_runtime_dependencies(/home/yanagi/ros2_ws/install/person_mags/share/colcon-core/packages/person_mags)
[0.888s] DEBUG:colcon.colcon_core.event_handler.log_command:Invoking command in '/home/yanagi/ros2_ws/src/mypkg': PYTHONPATH=/home/yanagi/ros2_ws/install/mypkg/lib/python3.10/site-packages:${PYTHONPATH} /usr/bin/python3 setup.py egg_info --egg-base ../../build/mypkg build --build-base /home/yanagi/ros2_ws/build/mypkg/build install --prefix /home/yanagi/ros2_ws/install/mypkg --record /home/yanagi/ros2_ws/build/mypkg/install.log --single-version-externally-managed
[0.891s] DEBUG:colcon.colcon_core.event_handler.log_command:Invoked command in '/home/yanagi/ros2_ws/build/person_msgs' returned '0': CMAKE_PREFIX_PATH=${CMAKE_PREFIX_PATH}:/home/yanagi/ros2_ws/install/mypkg:/opt/ros/humble /usr/bin/cmake --build /home/yanagi/ros2_ws/build/person_msgs -- -j8 -l8
[0.974s] DEBUG:colcon.colcon_core.event_handler.log_command:Invoking command in '/home/yanagi/ros2_ws/build/person_msgs': CMAKE_PREFIX_PATH=${CMAKE_PREFIX_PATH}:/home/yanagi/ros2_ws/install/mypkg:/opt/ros/humble /usr/bin/cmake --install /home/yanagi/ros2_ws/build/person_msgs
[1.024s] Level 1:colcon.colcon_core.environment:create_environment_scripts_only(person_msgs)
[1.026s] Level 1:colcon.colcon_core.environment:checking '/home/yanagi/ros2_ws/install/person_msgs' for CMake module files
[1.027s] DEBUG:colcon.colcon_core.event_handler.log_command:Invoked command in '/home/yanagi/ros2_ws/build/person_msgs' returned '0': CMAKE_PREFIX_PATH=${CMAKE_PREFIX_PATH}:/home/yanagi/ros2_ws/install/mypkg:/opt/ros/humble /usr/bin/cmake --install /home/yanagi/ros2_ws/build/person_msgs
[1.027s] Level 1:colcon.colcon_core.environment:checking '/home/yanagi/ros2_ws/install/person_msgs' for CMake config files
[1.028s] Level 1:colcon.colcon_core.shell:create_environment_hook('person_msgs', 'cmake_prefix_path')
[1.029s] INFO:colcon.colcon_core.shell:Creating environment hook '/home/yanagi/ros2_ws/install/person_msgs/share/person_msgs/hook/cmake_prefix_path.ps1'
[1.029s] INFO:colcon.colcon_core.shell:Creating environment descriptor '/home/yanagi/ros2_ws/install/person_msgs/share/person_msgs/hook/cmake_prefix_path.dsv'
[1.029s] INFO:colcon.colcon_core.shell:Creating environment hook '/home/yanagi/ros2_ws/install/person_msgs/share/person_msgs/hook/cmake_prefix_path.sh'
[1.029s] Level 1:colcon.colcon_core.environment:checking '/home/yanagi/ros2_ws/install/person_msgs/lib'
[1.030s] Level 1:colcon.colcon_core.shell:create_environment_hook('person_msgs', 'ld_library_path_lib')
[1.030s] INFO:colcon.colcon_core.shell:Creating environment hook '/home/yanagi/ros2_ws/install/person_msgs/share/person_msgs/hook/ld_library_path_lib.ps1'
[1.031s] INFO:colcon.colcon_core.shell:Creating environment descriptor '/home/yanagi/ros2_ws/install/person_msgs/share/person_msgs/hook/ld_library_path_lib.dsv'
[1.031s] INFO:colcon.colcon_core.shell:Creating environment hook '/home/yanagi/ros2_ws/install/person_msgs/share/person_msgs/hook/ld_library_path_lib.sh'
[1.031s] Level 1:colcon.colcon_core.environment:checking '/home/yanagi/ros2_ws/install/person_msgs/bin'
[1.031s] Level 1:colcon.colcon_core.environment:checking '/home/yanagi/ros2_ws/install/person_msgs/lib/pkgconfig/person_msgs.pc'
[1.031s] Level 1:colcon.colcon_core.environment:checking '/home/yanagi/ros2_ws/install/person_msgs/lib/python3.10/site-packages'
[1.031s] Level 1:colcon.colcon_core.environment:checking '/home/yanagi/ros2_ws/install/person_msgs/bin'
[1.032s] INFO:colcon.colcon_core.shell:Creating package script '/home/yanagi/ros2_ws/install/person_msgs/share/person_msgs/package.ps1'
[1.033s] INFO:colcon.colcon_core.shell:Creating package descriptor '/home/yanagi/ros2_ws/install/person_msgs/share/person_msgs/package.dsv'
[1.033s] INFO:colcon.colcon_core.shell:Creating package script '/home/yanagi/ros2_ws/install/person_msgs/share/person_msgs/package.sh'
[1.034s] INFO:colcon.colcon_core.shell:Creating package script '/home/yanagi/ros2_ws/install/person_msgs/share/person_msgs/package.bash'
[1.034s] INFO:colcon.colcon_core.shell:Creating package script '/home/yanagi/ros2_ws/install/person_msgs/share/person_msgs/package.zsh'
[1.034s] Level 1:colcon.colcon_core.environment:create_file_with_runtime_dependencies(/home/yanagi/ros2_ws/install/person_msgs/share/colcon-core/packages/person_msgs)
[1.106s] Level 1:colcon.colcon_core.environment:create_environment_scripts_only(person_msgs)
[1.108s] Level 1:colcon.colcon_core.environment:checking '/home/yanagi/ros2_ws/install/person_msgs' for CMake module files
[1.108s] Level 1:colcon.colcon_core.environment:checking '/home/yanagi/ros2_ws/install/person_msgs' for CMake config files
[1.108s] Level 1:colcon.colcon_core.shell:create_environment_hook('person_msgs', 'cmake_prefix_path')
[1.109s] INFO:colcon.colcon_core.shell:Creating environment hook '/home/yanagi/ros2_ws/install/person_msgs/share/person_msgs/hook/cmake_prefix_path.ps1'
[1.109s] INFO:colcon.colcon_core.shell:Creating environment descriptor '/home/yanagi/ros2_ws/install/person_msgs/share/person_msgs/hook/cmake_prefix_path.dsv'
[1.110s] INFO:colcon.colcon_core.shell:Creating environment hook '/home/yanagi/ros2_ws/install/person_msgs/share/person_msgs/hook/cmake_prefix_path.sh'
[1.110s] Level 1:colcon.colcon_core.environment:checking '/home/yanagi/ros2_ws/install/person_msgs/lib'
[1.110s] Level 1:colcon.colcon_core.shell:create_environment_hook('person_msgs', 'ld_library_path_lib')
[1.111s] INFO:colcon.colcon_core.shell:Creating environment hook '/home/yanagi/ros2_ws/install/person_msgs/share/person_msgs/hook/ld_library_path_lib.ps1'
[1.111s] INFO:colcon.colcon_core.shell:Creating environment descriptor '/home/yanagi/ros2_ws/install/person_msgs/share/person_msgs/hook/ld_library_path_lib.dsv'
[1.111s] INFO:colcon.colcon_core.shell:Creating environment hook '/home/yanagi/ros2_ws/install/person_msgs/share/person_msgs/hook/ld_library_path_lib.sh'
[1.112s] Level 1:colcon.colcon_core.environment:checking '/home/yanagi/ros2_ws/install/person_msgs/bin'
[1.112s] Level 1:colcon.colcon_core.environment:checking '/home/yanagi/ros2_ws/install/person_msgs/lib/pkgconfig/person_msgs.pc'
[1.112s] Level 1:colcon.colcon_core.environment:checking '/home/yanagi/ros2_ws/install/person_msgs/lib/python3.10/site-packages'
[1.112s] Level 1:colcon.colcon_core.environment:checking '/home/yanagi/ros2_ws/install/person_msgs/bin'
[1.113s] INFO:colcon.colcon_core.shell:Creating package script '/home/yanagi/ros2_ws/install/person_msgs/share/person_msgs/package.ps1'
[1.113s] INFO:colcon.colcon_core.shell:Creating package descriptor '/home/yanagi/ros2_ws/install/person_msgs/share/person_msgs/package.dsv'
[1.114s] INFO:colcon.colcon_core.shell:Creating package script '/home/yanagi/ros2_ws/install/person_msgs/share/person_msgs/package.sh'
[1.114s] INFO:colcon.colcon_core.shell:Creating package script '/home/yanagi/ros2_ws/install/person_msgs/share/person_msgs/package.bash'
[1.114s] INFO:colcon.colcon_core.shell:Creating package script '/home/yanagi/ros2_ws/install/person_msgs/share/person_msgs/package.zsh'
[1.114s] Level 1:colcon.colcon_core.environment:create_file_with_runtime_dependencies(/home/yanagi/ros2_ws/install/person_msgs/share/colcon-core/packages/person_msgs)
[1.165s] Level 1:colcon.colcon_core.environment:checking '/home/yanagi/ros2_ws/install/mypkg' for CMake module files
[1.166s] DEBUG:colcon.colcon_core.event_handler.log_command:Invoked command in '/home/yanagi/ros2_ws/src/mypkg' returned '0': PYTHONPATH=/home/yanagi/ros2_ws/install/mypkg/lib/python3.10/site-packages:${PYTHONPATH} /usr/bin/python3 setup.py egg_info --egg-base ../../build/mypkg build --build-base /home/yanagi/ros2_ws/build/mypkg/build install --prefix /home/yanagi/ros2_ws/install/mypkg --record /home/yanagi/ros2_ws/build/mypkg/install.log --single-version-externally-managed
[1.167s] Level 1:colcon.colcon_core.environment:checking '/home/yanagi/ros2_ws/install/mypkg' for CMake config files
[1.167s] Level 1:colcon.colcon_core.environment:checking '/home/yanagi/ros2_ws/install/mypkg/lib'
[1.167s] Level 1:colcon.colcon_core.environment:checking '/home/yanagi/ros2_ws/install/mypkg/bin'
[1.167s] Level 1:colcon.colcon_core.environment:checking '/home/yanagi/ros2_ws/install/mypkg/lib/pkgconfig/mypkg.pc'
[1.168s] Level 1:colcon.colcon_core.environment:checking '/home/yanagi/ros2_ws/install/mypkg/lib/python3.10/site-packages'
[1.168s] Level 1:colcon.colcon_core.shell:create_environment_hook('mypkg', 'pythonpath')
[1.169s] INFO:colcon.colcon_core.shell:Creating environment hook '/home/yanagi/ros2_ws/install/mypkg/share/mypkg/hook/pythonpath.ps1'
[1.169s] INFO:colcon.colcon_core.shell:Creating environment descriptor '/home/yanagi/ros2_ws/install/mypkg/share/mypkg/hook/pythonpath.dsv'
[1.169s] INFO:colcon.colcon_core.shell:Creating environment hook '/home/yanagi/ros2_ws/install/mypkg/share/mypkg/hook/pythonpath.sh'
[1.169s] Level 1:colcon.colcon_core.environment:checking '/home/yanagi/ros2_ws/install/mypkg/bin'
[1.169s] Level 1:colcon.colcon_core.environment:create_environment_scripts_only(mypkg)
[1.170s] INFO:colcon.colcon_core.shell:Creating package script '/home/yanagi/ros2_ws/install/mypkg/share/mypkg/package.ps1'
[1.171s] INFO:colcon.colcon_core.shell:Creating package descriptor '/home/yanagi/ros2_ws/install/mypkg/share/mypkg/package.dsv'
[1.171s] INFO:colcon.colcon_core.shell:Creating package script '/home/yanagi/ros2_ws/install/mypkg/share/mypkg/package.sh'
[1.171s] INFO:colcon.colcon_core.shell:Creating package script '/home/yanagi/ros2_ws/install/mypkg/share/mypkg/package.bash'
[1.171s] INFO:colcon.colcon_core.shell:Creating package script '/home/yanagi/ros2_ws/install/mypkg/share/mypkg/package.zsh'
[1.171s] Level 1:colcon.colcon_core.environment:create_file_with_runtime_dependencies(/home/yanagi/ros2_ws/install/mypkg/share/colcon-core/packages/mypkg)
[1.171s] DEBUG:colcon.colcon_parallel_executor.executor.parallel:closing loop
[1.172s] DEBUG:colcon.colcon_parallel_executor.executor.parallel:loop closed
[1.172s] DEBUG:colcon.colcon_parallel_executor.executor.parallel:run_until_complete finished with '0'
[1.172s] DEBUG:colcon.colcon_core.event_reactor:joining thread
[1.240s] INFO:colcon.colcon_core.plugin_system:Skipping extension 'colcon_notification.desktop_notification.notify_send': Could not find 'notify-send'
[1.241s] INFO:colcon.colcon_core.plugin_system:Skipping extension 'colcon_notification.desktop_notification.terminal_notifier': Not used on non-Darwin systems
[1.241s] INFO:colcon.colcon_core.plugin_system:Skipping extension 'colcon_notification.desktop_notification.win32': Not used on non-Windows systems
[1.241s] INFO:colcon.colcon_notification.desktop_notification:Sending desktop notification using 'notify2'
[1.241s] DEBUG:colcon.colcon_notification.desktop_notification.notify2:Failed to initialize notify2: org.freedesktop.DBus.Error.NotSupported: Unable to autolaunch a dbus-daemon without a $DISPLAY for X11
[1.241s] DEBUG:colcon.colcon_core.event_reactor:joined thread
[1.242s] INFO:colcon.colcon_core.shell:Creating prefix script '/home/yanagi/ros2_ws/install/local_setup.ps1'
[1.243s] INFO:colcon.colcon_core.shell:Creating prefix util module '/home/yanagi/ros2_ws/install/_local_setup_util_ps1.py'
[1.244s] INFO:colcon.colcon_core.shell:Creating prefix chain script '/home/yanagi/ros2_ws/install/setup.ps1'
[1.245s] INFO:colcon.colcon_core.shell:Creating prefix script '/home/yanagi/ros2_ws/install/local_setup.sh'
[1.245s] INFO:colcon.colcon_core.shell:Creating prefix util module '/home/yanagi/ros2_ws/install/_local_setup_util_sh.py'
[1.245s] INFO:colcon.colcon_core.shell:Creating prefix chain script '/home/yanagi/ros2_ws/install/setup.sh'
[1.246s] INFO:colcon.colcon_core.shell:Creating prefix script '/home/yanagi/ros2_ws/install/local_setup.bash'
[1.246s] INFO:colcon.colcon_core.shell:Creating prefix chain script '/home/yanagi/ros2_ws/install/setup.bash'
[1.247s] INFO:colcon.colcon_core.shell:Creating prefix script '/home/yanagi/ros2_ws/install/local_setup.zsh'
[1.247s] INFO:colcon.colcon_core.shell:Creating prefix chain script '/home/yanagi/ros2_ws/install/setup.zsh'
