[0.408s] Invoking command in '/home/yanagi/ros2_ws/src/mypkg': PYTHONPATH=/home/yanagi/ros2_ws/install/mypkg/lib/python3.10/site-packages:${PYTHONPATH} /usr/bin/python3 setup.py egg_info --egg-base ../../build/mypkg build --build-base /home/yanagi/ros2_ws/build/mypkg/build install --prefix /home/yanagi/ros2_ws/install/mypkg --record /home/yanagi/ros2_ws/build/mypkg/install.log --single-version-externally-managed
[0.567s] running egg_info
[0.567s] writing ../../build/mypkg/mypkg.egg-info/PKG-INFO
[0.567s] writing dependency_links to ../../build/mypkg/mypkg.egg-info/dependency_links.txt
[0.567s] writing entry points to ../../build/mypkg/mypkg.egg-info/entry_points.txt
[0.567s] writing requirements to ../../build/mypkg/mypkg.egg-info/requires.txt
[0.568s] writing top-level names to ../../build/mypkg/mypkg.egg-info/top_level.txt
[0.569s] reading manifest file '../../build/mypkg/mypkg.egg-info/SOURCES.txt'
[0.570s] writing manifest file '../../build/mypkg/mypkg.egg-info/SOURCES.txt'
[0.570s] running build
[0.570s] running build_py
[0.570s] /usr/lib/python3/dist-packages/setuptools/command/install.py:34: SetuptoolsDeprecationWarning: setup.py install is deprecated. Use build and pip and other standards-based tools.
[0.571s]   warnings.warn(
[0.571s] running install
[0.571s] running install_lib
[0.572s] byte-compiling /home/yanagi/ros2_ws/install/mypkg/lib/python3.10/site-packages/mypkg/listener.py to listener.cpython-310.pyc
[0.573s] running install_data
[0.573s] running install_egg_info
[0.573s] Sorry: IndentationError: unexpected indent (listener.py, line 10)
[0.574s] removing '/home/yanagi/ros2_ws/install/mypkg/lib/python3.10/site-packages/mypkg-0.0.0-py3.10.egg-info' (and everything under it)
[0.574s] Copying ../../build/mypkg/mypkg.egg-info to /home/yanagi/ros2_ws/install/mypkg/lib/python3.10/site-packages/mypkg-0.0.0-py3.10.egg-info
[0.574s] running install_scripts
[0.590s] Installing listener script to /home/yanagi/ros2_ws/install/mypkg/lib/mypkg
[0.591s] Installing talker script to /home/yanagi/ros2_ws/install/mypkg/lib/mypkg
[0.591s] writing list of installed files to '/home/yanagi/ros2_ws/build/mypkg/install.log'
[0.609s] Invoked command in '/home/yanagi/ros2_ws/src/mypkg' returned '0': PYTHONPATH=/home/yanagi/ros2_ws/install/mypkg/lib/python3.10/site-packages:${PYTHONPATH} /usr/bin/python3 setup.py egg_info --egg-base ../../build/mypkg build --build-base /home/yanagi/ros2_ws/build/mypkg/build install --prefix /home/yanagi/ros2_ws/install/mypkg --record /home/yanagi/ros2_ws/build/mypkg/install.log --single-version-externally-managed
