[0.235s] Invoking command in '/home/yanagi/ros2_ws/build/person_msgs': CMAKE_PREFIX_PATH=/opt/ros/humble /usr/bin/cmake /home/yanagi/ros2_ws/src/person_msgs -DCMAKE_INSTALL_PREFIX=/home/yanagi/ros2_ws/install/person_msgs
[0.520s] -- The C compiler identification is GNU 11.3.0
[0.897s] -- The CXX compiler identification is GNU 11.3.0
[1.086s] -- Detecting C compiler ABI info
[1.229s] -- Detecting C compiler ABI info - done
[1.239s] -- Check for working C compiler: /usr/bin/cc - skipped
[1.239s] -- Detecting C compile features
[1.242s] -- Detecting C compile features - done
[1.246s] -- Detecting CXX compiler ABI info
[1.371s] -- Detecting CXX compiler ABI info - done
[1.377s] -- Check for working CXX compiler: /usr/bin/c++ - skipped
[1.378s] -- Detecting CXX compile features
[1.378s] -- Detecting CXX compile features - done
[1.386s] -- Found ament_cmake: 1.3.2 (/opt/ros/humble/share/ament_cmake/cmake)
[1.551s] -- Found Python3: /usr/bin/python3.10 (found version "3.10.6") found components: Interpreter 
[1.664s] -- Found rosidl_default_generators: 1.2.0 (/opt/ros/humble/share/rosidl_default_generators/cmake)
[1.670s] -- Using all available rosidl_typesupport_c: rosidl_typesupport_fastrtps_c;rosidl_typesupport_introspection_c
[1.678s] -- Found rosidl_adapter: 3.1.3 (/opt/ros/humble/share/rosidl_adapter/cmake)
[1.863s] -- Using all available rosidl_typesupport_cpp: rosidl_typesupport_fastrtps_cpp;rosidl_typesupport_introspection_cpp
[2.098s] -- Found ament_cmake_ros: 0.10.0 (/opt/ros/humble/share/ament_cmake_ros/cmake)
[2.248s] -- Using all available rosidl_typesupport_c: rosidl_typesupport_fastrtps_c;rosidl_typesupport_introspection_c
[2.462s] -- Using all available rosidl_typesupport_cpp: rosidl_typesupport_fastrtps_cpp;rosidl_typesupport_introspection_cpp
[2.682s] -- Found PythonInterp: /usr/bin/python3 (found suitable version "3.10.6", minimum required is "3.6") 
[2.714s] -- Found python_cmake_module: 0.10.0 (/opt/ros/humble/share/python_cmake_module/cmake)
[2.947s] -- Found PythonLibs: /usr/lib/x86_64-linux-gnu/libpython3.10.so (found suitable version "3.10.6", minimum required is "3.5") 
[2.947s] -- Using PYTHON_EXECUTABLE: /usr/bin/python3
[2.947s] -- Using PYTHON_INCLUDE_DIRS: /usr/include/python3.10
[2.947s] -- Using PYTHON_LIBRARIES: /usr/lib/x86_64-linux-gnu/libpython3.10.so
[2.962s] -- Found PythonExtra: .so  
[3.052s] -- Found ament_lint_auto: 0.12.4 (/opt/ros/humble/share/ament_lint_auto/cmake)
[3.066s] -- Added test 'lint_cmake' to check CMake code style
[3.066s] -- Added test 'xmllint' to check XML markup files
[3.069s] -- Configuring done
[3.085s] -- Generating done
[3.086s] -- Build files have been written to: /home/yanagi/ros2_ws/build/person_msgs
[3.091s] Invoked command in '/home/yanagi/ros2_ws/build/person_msgs' returned '0': CMAKE_PREFIX_PATH=/opt/ros/humble /usr/bin/cmake /home/yanagi/ros2_ws/src/person_msgs -DCMAKE_INSTALL_PREFIX=/home/yanagi/ros2_ws/install/person_msgs
[3.092s] Invoking command in '/home/yanagi/ros2_ws/build/person_msgs': CMAKE_PREFIX_PATH=/opt/ros/humble /usr/bin/cmake --build /home/yanagi/ros2_ws/build/person_msgs -- -j8 -l8
[3.116s] [  3%] [34m[1mGenerating C code for ROS interfaces[0m
[3.126s] [  6%] [34m[1mGenerating C++ code for ROS interfaces[0m
[3.130s] [  6%] Built target ament_cmake_python_copy_person_msgs
[3.371s] running egg_info
[3.372s] creating person_msgs.egg-info
[3.372s] writing person_msgs.egg-info/PKG-INFO
[3.373s] writing dependency_links to person_msgs.egg-info/dependency_links.txt
[3.373s] writing top-level names to person_msgs.egg-info/top_level.txt
[3.373s] writing manifest file 'person_msgs.egg-info/SOURCES.txt'
[3.375s] reading manifest file 'person_msgs.egg-info/SOURCES.txt'
[3.376s] writing manifest file 'person_msgs.egg-info/SOURCES.txt'
[3.400s] [  6%] Built target person_msgs__cpp
[3.402s] [  6%] Built target ament_cmake_python_build_person_msgs_egg
[3.409s] [  9%] [34m[1mGenerating C++ type support for eProsima Fast-RTPS[0m
[3.410s] [ 12%] [34m[1mGenerating C++ introspection for ROS interfaces[0m
[3.410s] [ 16%] [34m[1mGenerating C++ type support dispatch for ROS interfaces[0m
[3.420s] [ 19%] [32mBuilding C object CMakeFiles/person_msgs__rosidl_generator_c.dir/rosidl_generator_c/person_msgs/msg/detail/person__functions.c.o[0m
[3.523s] [ 22%] [32m[1mLinking C shared library libperson_msgs__rosidl_generator_c.so[0m
[3.609s] [ 22%] Built target person_msgs__rosidl_generator_c
[3.618s] [ 25%] [34m[1mGenerating C introspection for ROS interfaces[0m
[3.619s] [ 29%] [34m[1mGenerating C type support dispatch for ROS interfaces[0m
[3.619s] [ 32%] [34m[1mGenerating C type support for eProsima Fast-RTPS[0m
[3.756s] [ 35%] [32mBuilding CXX object CMakeFiles/person_msgs__rosidl_typesupport_cpp.dir/rosidl_typesupport_cpp/person_msgs/msg/person__type_support.cpp.o[0m
[3.761s] [ 38%] [32mBuilding CXX object CMakeFiles/person_msgs__rosidl_typesupport_introspection_cpp.dir/rosidl_typesupport_introspection_cpp/person_msgs/msg/detail/person__type_support.cpp.o[0m
[3.771s] [ 41%] [32mBuilding CXX object CMakeFiles/person_msgs__rosidl_typesupport_fastrtps_cpp.dir/rosidl_typesupport_fastrtps_cpp/person_msgs/msg/detail/dds_fastrtps/person__type_support.cpp.o[0m
[3.941s] [ 45%] [32mBuilding CXX object CMakeFiles/person_msgs__rosidl_typesupport_c.dir/rosidl_typesupport_c/person_msgs/msg/person__type_support.cpp.o[0m
[3.960s] [ 48%] [32mBuilding C object CMakeFiles/person_msgs__rosidl_typesupport_introspection_c.dir/rosidl_typesupport_introspection_c/person_msgs/msg/detail/person__type_support.c.o[0m
[3.977s] [ 51%] [32m[1mLinking CXX shared library libperson_msgs__rosidl_typesupport_c.so[0m
[3.985s] [ 54%] [32mBuilding CXX object CMakeFiles/person_msgs__rosidl_typesupport_fastrtps_c.dir/rosidl_typesupport_fastrtps_c/person_msgs/msg/detail/person__type_support_c.cpp.o[0m
[3.997s] [ 58%] [32m[1mLinking C shared library libperson_msgs__rosidl_typesupport_introspection_c.so[0m
[4.062s] [ 58%] Built target person_msgs__rosidl_typesupport_c
[4.063s] [ 58%] Built target person_msgs__rosidl_typesupport_introspection_c
[4.126s] [ 61%] [32m[1mLinking CXX shared library libperson_msgs__rosidl_typesupport_cpp.so[0m
[4.207s] [ 61%] Built target person_msgs__rosidl_typesupport_cpp
[4.232s] [ 64%] [32m[1mLinking CXX shared library libperson_msgs__rosidl_typesupport_fastrtps_cpp.so[0m
[4.268s] [ 67%] [32m[1mLinking CXX shared library libperson_msgs__rosidl_typesupport_introspection_cpp.so[0m
[4.343s] [ 70%] [32m[1mLinking CXX shared library libperson_msgs__rosidl_typesupport_fastrtps_c.so[0m
[4.358s] [ 70%] Built target person_msgs__rosidl_typesupport_fastrtps_cpp
[4.385s] [ 70%] Built target person_msgs__rosidl_typesupport_introspection_cpp
[4.446s] [ 70%] Built target person_msgs__rosidl_typesupport_fastrtps_c
[4.458s] [ 70%] Built target person_msgs
[4.471s] [ 74%] [34m[1mGenerating Python code for ROS interfaces[0m
[4.873s] [ 74%] Built target person_msgs__py
[4.885s] [ 77%] [32mBuilding C object CMakeFiles/person_msgs__rosidl_generator_py.dir/rosidl_generator_py/person_msgs/msg/_person_s.c.o[0m
[5.017s] [ 80%] [32m[1mLinking C shared library rosidl_generator_py/person_msgs/libperson_msgs__rosidl_generator_py.so[0m
[5.107s] [ 80%] Built target person_msgs__rosidl_generator_py
[5.124s] [ 87%] [32mBuilding C object CMakeFiles/person_msgs__rosidl_typesupport_fastrtps_c__pyext.dir/rosidl_generator_py/person_msgs/_person_msgs_s.ep.rosidl_typesupport_fastrtps_c.c.o[0m
[5.124s] [ 87%] [32mBuilding C object CMakeFiles/person_msgs__rosidl_typesupport_introspection_c__pyext.dir/rosidl_generator_py/person_msgs/_person_msgs_s.ep.rosidl_typesupport_introspection_c.c.o[0m
[5.124s] [ 90%] [32mBuilding C object CMakeFiles/person_msgs__rosidl_typesupport_c__pyext.dir/rosidl_generator_py/person_msgs/_person_msgs_s.ep.rosidl_typesupport_c.c.o[0m
[5.204s] [ 93%] [32m[1mLinking C shared library rosidl_generator_py/person_msgs/person_msgs_s__rosidl_typesupport_introspection_c.cpython-310-x86_64-linux-gnu.so[0m
[5.209s] [ 96%] [32m[1mLinking C shared library rosidl_generator_py/person_msgs/person_msgs_s__rosidl_typesupport_c.cpython-310-x86_64-linux-gnu.so[0m
[5.225s] [100%] [32m[1mLinking C shared library rosidl_generator_py/person_msgs/person_msgs_s__rosidl_typesupport_fastrtps_c.cpython-310-x86_64-linux-gnu.so[0m
[5.302s] [100%] Built target person_msgs__rosidl_typesupport_introspection_c__pyext
[5.306s] [100%] Built target person_msgs__rosidl_typesupport_c__pyext
[5.336s] [100%] Built target person_msgs__rosidl_typesupport_fastrtps_c__pyext
[5.345s] Invoked command in '/home/yanagi/ros2_ws/build/person_msgs' returned '0': CMAKE_PREFIX_PATH=/opt/ros/humble /usr/bin/cmake --build /home/yanagi/ros2_ws/build/person_msgs -- -j8 -l8
[5.391s] Invoking command in '/home/yanagi/ros2_ws/build/person_msgs': CMAKE_PREFIX_PATH=/opt/ros/humble /usr/bin/cmake --install /home/yanagi/ros2_ws/build/person_msgs
[5.395s] -- Install configuration: ""
[5.396s] -- Installing: /home/yanagi/ros2_ws/install/person_msgs/share/ament_index/resource_index/rosidl_interfaces/person_msgs
[5.396s] -- Installing: /home/yanagi/ros2_ws/install/person_msgs/include/person_msgs/person_msgs
[5.396s] -- Installing: /home/yanagi/ros2_ws/install/person_msgs/include/person_msgs/person_msgs/msg
[5.396s] -- Installing: /home/yanagi/ros2_ws/install/person_msgs/include/person_msgs/person_msgs/msg/person.h
[5.396s] -- Installing: /home/yanagi/ros2_ws/install/person_msgs/include/person_msgs/person_msgs/msg/rosidl_generator_c__visibility_control.h
[5.396s] -- Installing: /home/yanagi/ros2_ws/install/person_msgs/include/person_msgs/person_msgs/msg/detail
[5.396s] -- Installing: /home/yanagi/ros2_ws/install/person_msgs/include/person_msgs/person_msgs/msg/detail/person__functions.c
[5.397s] -- Installing: /home/yanagi/ros2_ws/install/person_msgs/include/person_msgs/person_msgs/msg/detail/person__type_support.h
[5.397s] -- Installing: /home/yanagi/ros2_ws/install/person_msgs/include/person_msgs/person_msgs/msg/detail/person__functions.h
[5.397s] -- Installing: /home/yanagi/ros2_ws/install/person_msgs/include/person_msgs/person_msgs/msg/detail/person__struct.h
[5.397s] -- Installing: /home/yanagi/ros2_ws/install/person_msgs/share/person_msgs/environment/library_path.sh
[5.397s] -- Installing: /home/yanagi/ros2_ws/install/person_msgs/share/person_msgs/environment/library_path.dsv
[5.397s] -- Installing: /home/yanagi/ros2_ws/install/person_msgs/lib/libperson_msgs__rosidl_generator_c.so
[5.397s] -- Set runtime path of "/home/yanagi/ros2_ws/install/person_msgs/lib/libperson_msgs__rosidl_generator_c.so" to ""
[5.398s] -- Up-to-date: /home/yanagi/ros2_ws/install/person_msgs/include/person_msgs/person_msgs
[5.398s] -- Up-to-date: /home/yanagi/ros2_ws/install/person_msgs/include/person_msgs/person_msgs/msg
[5.398s] -- Installing: /home/yanagi/ros2_ws/install/person_msgs/include/person_msgs/person_msgs/msg/rosidl_typesupport_fastrtps_c__visibility_control.h
[5.398s] -- Up-to-date: /home/yanagi/ros2_ws/install/person_msgs/include/person_msgs/person_msgs/msg/detail
[5.398s] -- Installing: /home/yanagi/ros2_ws/install/person_msgs/include/person_msgs/person_msgs/msg/detail/person__rosidl_typesupport_fastrtps_c.h
[5.398s] -- Installing: /home/yanagi/ros2_ws/install/person_msgs/lib/libperson_msgs__rosidl_typesupport_fastrtps_c.so
[5.399s] -- Set runtime path of "/home/yanagi/ros2_ws/install/person_msgs/lib/libperson_msgs__rosidl_typesupport_fastrtps_c.so" to ""
[5.399s] -- Up-to-date: /home/yanagi/ros2_ws/install/person_msgs/include/person_msgs/person_msgs
[5.399s] -- Up-to-date: /home/yanagi/ros2_ws/install/person_msgs/include/person_msgs/person_msgs/msg
[5.399s] -- Installing: /home/yanagi/ros2_ws/install/person_msgs/include/person_msgs/person_msgs/msg/rosidl_typesupport_introspection_c__visibility_control.h
[5.399s] -- Up-to-date: /home/yanagi/ros2_ws/install/person_msgs/include/person_msgs/person_msgs/msg/detail
[5.399s] -- Installing: /home/yanagi/ros2_ws/install/person_msgs/include/person_msgs/person_msgs/msg/detail/person__type_support.c
[5.400s] -- Installing: /home/yanagi/ros2_ws/install/person_msgs/include/person_msgs/person_msgs/msg/detail/person__rosidl_typesupport_introspection_c.h
[5.400s] -- Installing: /home/yanagi/ros2_ws/install/person_msgs/lib/libperson_msgs__rosidl_typesupport_introspection_c.so
[5.400s] -- Set runtime path of "/home/yanagi/ros2_ws/install/person_msgs/lib/libperson_msgs__rosidl_typesupport_introspection_c.so" to ""
[5.400s] -- Installing: /home/yanagi/ros2_ws/install/person_msgs/lib/libperson_msgs__rosidl_typesupport_c.so
[5.400s] -- Set runtime path of "/home/yanagi/ros2_ws/install/person_msgs/lib/libperson_msgs__rosidl_typesupport_c.so" to ""
[5.401s] -- Up-to-date: /home/yanagi/ros2_ws/install/person_msgs/include/person_msgs/person_msgs
[5.401s] -- Up-to-date: /home/yanagi/ros2_ws/install/person_msgs/include/person_msgs/person_msgs/msg
[5.401s] -- Installing: /home/yanagi/ros2_ws/install/person_msgs/include/person_msgs/person_msgs/msg/person.hpp
[5.401s] -- Up-to-date: /home/yanagi/ros2_ws/install/person_msgs/include/person_msgs/person_msgs/msg/detail
[5.401s] -- Installing: /home/yanagi/ros2_ws/install/person_msgs/include/person_msgs/person_msgs/msg/detail/person__builder.hpp
[5.401s] -- Installing: /home/yanagi/ros2_ws/install/person_msgs/include/person_msgs/person_msgs/msg/detail/person__traits.hpp
[5.401s] -- Installing: /home/yanagi/ros2_ws/install/person_msgs/include/person_msgs/person_msgs/msg/detail/person__struct.hpp
[5.402s] -- Up-to-date: /home/yanagi/ros2_ws/install/person_msgs/include/person_msgs/person_msgs
[5.402s] -- Up-to-date: /home/yanagi/ros2_ws/install/person_msgs/include/person_msgs/person_msgs/msg
[5.402s] -- Installing: /home/yanagi/ros2_ws/install/person_msgs/include/person_msgs/person_msgs/msg/rosidl_typesupport_fastrtps_cpp__visibility_control.h
[5.402s] -- Up-to-date: /home/yanagi/ros2_ws/install/person_msgs/include/person_msgs/person_msgs/msg/detail
[5.402s] -- Installing: /home/yanagi/ros2_ws/install/person_msgs/include/person_msgs/person_msgs/msg/detail/dds_fastrtps
[5.402s] -- Installing: /home/yanagi/ros2_ws/install/person_msgs/include/person_msgs/person_msgs/msg/detail/person__rosidl_typesupport_fastrtps_cpp.hpp
[5.402s] -- Installing: /home/yanagi/ros2_ws/install/person_msgs/lib/libperson_msgs__rosidl_typesupport_fastrtps_cpp.so
[5.402s] -- Set runtime path of "/home/yanagi/ros2_ws/install/person_msgs/lib/libperson_msgs__rosidl_typesupport_fastrtps_cpp.so" to ""
[5.402s] -- Up-to-date: /home/yanagi/ros2_ws/install/person_msgs/include/person_msgs/person_msgs
[5.402s] -- Up-to-date: /home/yanagi/ros2_ws/install/person_msgs/include/person_msgs/person_msgs/msg
[5.402s] -- Up-to-date: /home/yanagi/ros2_ws/install/person_msgs/include/person_msgs/person_msgs/msg/detail
[5.402s] -- Installing: /home/yanagi/ros2_ws/install/person_msgs/include/person_msgs/person_msgs/msg/detail/person__rosidl_typesupport_introspection_cpp.hpp
[5.402s] -- Installing: /home/yanagi/ros2_ws/install/person_msgs/include/person_msgs/person_msgs/msg/detail/person__type_support.cpp
[5.402s] -- Installing: /home/yanagi/ros2_ws/install/person_msgs/lib/libperson_msgs__rosidl_typesupport_introspection_cpp.so
[5.402s] -- Set runtime path of "/home/yanagi/ros2_ws/install/person_msgs/lib/libperson_msgs__rosidl_typesupport_introspection_cpp.so" to ""
[5.402s] -- Installing: /home/yanagi/ros2_ws/install/person_msgs/lib/libperson_msgs__rosidl_typesupport_cpp.so
[5.402s] -- Set runtime path of "/home/yanagi/ros2_ws/install/person_msgs/lib/libperson_msgs__rosidl_typesupport_cpp.so" to ""
[5.403s] -- Installing: /home/yanagi/ros2_ws/install/person_msgs/share/person_msgs/environment/pythonpath.sh
[5.403s] -- Installing: /home/yanagi/ros2_ws/install/person_msgs/share/person_msgs/environment/pythonpath.dsv
[5.403s] -- Installing: /home/yanagi/ros2_ws/install/person_msgs/local/lib/python3.10/dist-packages/person_msgs-0.0.0-py3.10.egg-info
[5.403s] -- Installing: /home/yanagi/ros2_ws/install/person_msgs/local/lib/python3.10/dist-packages/person_msgs-0.0.0-py3.10.egg-info/top_level.txt
[5.403s] -- Installing: /home/yanagi/ros2_ws/install/person_msgs/local/lib/python3.10/dist-packages/person_msgs-0.0.0-py3.10.egg-info/dependency_links.txt
[5.403s] -- Installing: /home/yanagi/ros2_ws/install/person_msgs/local/lib/python3.10/dist-packages/person_msgs-0.0.0-py3.10.egg-info/SOURCES.txt
[5.403s] -- Installing: /home/yanagi/ros2_ws/install/person_msgs/local/lib/python3.10/dist-packages/person_msgs-0.0.0-py3.10.egg-info/PKG-INFO
[5.403s] -- Installing: /home/yanagi/ros2_ws/install/person_msgs/local/lib/python3.10/dist-packages/person_msgs
[5.403s] -- Installing: /home/yanagi/ros2_ws/install/person_msgs/local/lib/python3.10/dist-packages/person_msgs/libperson_msgs__rosidl_generator_py.so
[5.403s] -- Installing: /home/yanagi/ros2_ws/install/person_msgs/local/lib/python3.10/dist-packages/person_msgs/_person_msgs_s.ep.rosidl_typesupport_introspection_c.c
[5.403s] -- Installing: /home/yanagi/ros2_ws/install/person_msgs/local/lib/python3.10/dist-packages/person_msgs/_person_msgs_s.ep.rosidl_typesupport_c.c
[5.403s] -- Installing: /home/yanagi/ros2_ws/install/person_msgs/local/lib/python3.10/dist-packages/person_msgs/person_msgs_s__rosidl_typesupport_fastrtps_c.cpython-310-x86_64-linux-gnu.so
[5.403s] -- Installing: /home/yanagi/ros2_ws/install/person_msgs/local/lib/python3.10/dist-packages/person_msgs/msg
[5.403s] -- Installing: /home/yanagi/ros2_ws/install/person_msgs/local/lib/python3.10/dist-packages/person_msgs/msg/_person.py
[5.403s] -- Installing: /home/yanagi/ros2_ws/install/person_msgs/local/lib/python3.10/dist-packages/person_msgs/msg/_person_s.c
[5.403s] -- Installing: /home/yanagi/ros2_ws/install/person_msgs/local/lib/python3.10/dist-packages/person_msgs/msg/__init__.py
[5.403s] -- Installing: /home/yanagi/ros2_ws/install/person_msgs/local/lib/python3.10/dist-packages/person_msgs/person_msgs_s__rosidl_typesupport_introspection_c.cpython-310-x86_64-linux-gnu.so
[5.404s] -- Installing: /home/yanagi/ros2_ws/install/person_msgs/local/lib/python3.10/dist-packages/person_msgs/person_msgs_s__rosidl_typesupport_c.cpython-310-x86_64-linux-gnu.so
[5.404s] -- Installing: /home/yanagi/ros2_ws/install/person_msgs/local/lib/python3.10/dist-packages/person_msgs/_person_msgs_s.ep.rosidl_typesupport_fastrtps_c.c
[5.404s] -- Installing: /home/yanagi/ros2_ws/install/person_msgs/local/lib/python3.10/dist-packages/person_msgs/__init__.py
[5.426s] Listing '/home/yanagi/ros2_ws/install/person_msgs/local/lib/python3.10/dist-packages/person_msgs'...
[5.427s] Compiling '/home/yanagi/ros2_ws/install/person_msgs/local/lib/python3.10/dist-packages/person_msgs/__init__.py'...
[5.427s] Listing '/home/yanagi/ros2_ws/install/person_msgs/local/lib/python3.10/dist-packages/person_msgs/msg'...
[5.427s] Compiling '/home/yanagi/ros2_ws/install/person_msgs/local/lib/python3.10/dist-packages/person_msgs/msg/__init__.py'...
[5.427s] Compiling '/home/yanagi/ros2_ws/install/person_msgs/local/lib/python3.10/dist-packages/person_msgs/msg/_person.py'...
[5.430s] -- Installing: /home/yanagi/ros2_ws/install/person_msgs/local/lib/python3.10/dist-packages/person_msgs/person_msgs_s__rosidl_typesupport_fastrtps_c.cpython-310-x86_64-linux-gnu.so
[5.431s] -- Set runtime path of "/home/yanagi/ros2_ws/install/person_msgs/local/lib/python3.10/dist-packages/person_msgs/person_msgs_s__rosidl_typesupport_fastrtps_c.cpython-310-x86_64-linux-gnu.so" to ""
[5.431s] -- Installing: /home/yanagi/ros2_ws/install/person_msgs/local/lib/python3.10/dist-packages/person_msgs/person_msgs_s__rosidl_typesupport_introspection_c.cpython-310-x86_64-linux-gnu.so
[5.431s] -- Set runtime path of "/home/yanagi/ros2_ws/install/person_msgs/local/lib/python3.10/dist-packages/person_msgs/person_msgs_s__rosidl_typesupport_introspection_c.cpython-310-x86_64-linux-gnu.so" to ""
[5.431s] -- Installing: /home/yanagi/ros2_ws/install/person_msgs/local/lib/python3.10/dist-packages/person_msgs/person_msgs_s__rosidl_typesupport_c.cpython-310-x86_64-linux-gnu.so
[5.431s] -- Set runtime path of "/home/yanagi/ros2_ws/install/person_msgs/local/lib/python3.10/dist-packages/person_msgs/person_msgs_s__rosidl_typesupport_c.cpython-310-x86_64-linux-gnu.so" to ""
[5.432s] -- Installing: /home/yanagi/ros2_ws/install/person_msgs/lib/libperson_msgs__rosidl_generator_py.so
[5.432s] -- Set runtime path of "/home/yanagi/ros2_ws/install/person_msgs/lib/libperson_msgs__rosidl_generator_py.so" to ""
[5.432s] -- Installing: /home/yanagi/ros2_ws/install/person_msgs/share/person_msgs/msg/Person.idl
[5.432s] -- Installing: /home/yanagi/ros2_ws/install/person_msgs/share/person_msgs/msg/Person.msg
[5.433s] -- Installing: /home/yanagi/ros2_ws/install/person_msgs/share/ament_index/resource_index/package_run_dependencies/person_msgs
[5.433s] -- Installing: /home/yanagi/ros2_ws/install/person_msgs/share/ament_index/resource_index/parent_prefix_path/person_msgs
[5.433s] -- Installing: /home/yanagi/ros2_ws/install/person_msgs/share/person_msgs/environment/ament_prefix_path.sh
[5.433s] -- Installing: /home/yanagi/ros2_ws/install/person_msgs/share/person_msgs/environment/ament_prefix_path.dsv
[5.433s] -- Installing: /home/yanagi/ros2_ws/install/person_msgs/share/person_msgs/environment/path.sh
[5.433s] -- Installing: /home/yanagi/ros2_ws/install/person_msgs/share/person_msgs/environment/path.dsv
[5.434s] -- Installing: /home/yanagi/ros2_ws/install/person_msgs/share/person_msgs/local_setup.bash
[5.434s] -- Installing: /home/yanagi/ros2_ws/install/person_msgs/share/person_msgs/local_setup.sh
[5.434s] -- Installing: /home/yanagi/ros2_ws/install/person_msgs/share/person_msgs/local_setup.zsh
[5.434s] -- Installing: /home/yanagi/ros2_ws/install/person_msgs/share/person_msgs/local_setup.dsv
[5.435s] -- Installing: /home/yanagi/ros2_ws/install/person_msgs/share/person_msgs/package.dsv
[5.435s] -- Installing: /home/yanagi/ros2_ws/install/person_msgs/share/ament_index/resource_index/packages/person_msgs
[5.435s] -- Installing: /home/yanagi/ros2_ws/install/person_msgs/share/person_msgs/cmake/export_person_msgs__rosidl_generator_cExport.cmake
[5.435s] -- Installing: /home/yanagi/ros2_ws/install/person_msgs/share/person_msgs/cmake/export_person_msgs__rosidl_generator_cExport-noconfig.cmake
[5.435s] -- Installing: /home/yanagi/ros2_ws/install/person_msgs/share/person_msgs/cmake/export_person_msgs__rosidl_typesupport_fastrtps_cExport.cmake
[5.436s] -- Installing: /home/yanagi/ros2_ws/install/person_msgs/share/person_msgs/cmake/export_person_msgs__rosidl_typesupport_fastrtps_cExport-noconfig.cmake
[5.436s] -- Installing: /home/yanagi/ros2_ws/install/person_msgs/share/person_msgs/cmake/person_msgs__rosidl_typesupport_introspection_cExport.cmake
[5.436s] -- Installing: /home/yanagi/ros2_ws/install/person_msgs/share/person_msgs/cmake/person_msgs__rosidl_typesupport_introspection_cExport-noconfig.cmake
[5.436s] -- Installing: /home/yanagi/ros2_ws/install/person_msgs/share/person_msgs/cmake/person_msgs__rosidl_typesupport_cExport.cmake
[5.436s] -- Installing: /home/yanagi/ros2_ws/install/person_msgs/share/person_msgs/cmake/person_msgs__rosidl_typesupport_cExport-noconfig.cmake
[5.436s] -- Installing: /home/yanagi/ros2_ws/install/person_msgs/share/person_msgs/cmake/export_person_msgs__rosidl_generator_cppExport.cmake
[5.437s] -- Installing: /home/yanagi/ros2_ws/install/person_msgs/share/person_msgs/cmake/export_person_msgs__rosidl_typesupport_fastrtps_cppExport.cmake
[5.437s] -- Installing: /home/yanagi/ros2_ws/install/person_msgs/share/person_msgs/cmake/export_person_msgs__rosidl_typesupport_fastrtps_cppExport-noconfig.cmake
[5.437s] -- Installing: /home/yanagi/ros2_ws/install/person_msgs/share/person_msgs/cmake/person_msgs__rosidl_typesupport_introspection_cppExport.cmake
[5.437s] -- Installing: /home/yanagi/ros2_ws/install/person_msgs/share/person_msgs/cmake/person_msgs__rosidl_typesupport_introspection_cppExport-noconfig.cmake
[5.437s] -- Installing: /home/yanagi/ros2_ws/install/person_msgs/share/person_msgs/cmake/person_msgs__rosidl_typesupport_cppExport.cmake
[5.438s] -- Installing: /home/yanagi/ros2_ws/install/person_msgs/share/person_msgs/cmake/person_msgs__rosidl_typesupport_cppExport-noconfig.cmake
[5.438s] -- Installing: /home/yanagi/ros2_ws/install/person_msgs/share/person_msgs/cmake/export_person_msgs__rosidl_generator_pyExport.cmake
[5.438s] -- Installing: /home/yanagi/ros2_ws/install/person_msgs/share/person_msgs/cmake/export_person_msgs__rosidl_generator_pyExport-noconfig.cmake
[5.438s] -- Installing: /home/yanagi/ros2_ws/install/person_msgs/share/person_msgs/cmake/rosidl_cmake-extras.cmake
[5.438s] -- Installing: /home/yanagi/ros2_ws/install/person_msgs/share/person_msgs/cmake/ament_cmake_export_include_directories-extras.cmake
[5.438s] -- Installing: /home/yanagi/ros2_ws/install/person_msgs/share/person_msgs/cmake/ament_cmake_export_libraries-extras.cmake
[5.439s] -- Installing: /home/yanagi/ros2_ws/install/person_msgs/share/person_msgs/cmake/ament_cmake_export_targets-extras.cmake
[5.439s] -- Installing: /home/yanagi/ros2_ws/install/person_msgs/share/person_msgs/cmake/rosidl_cmake_export_typesupport_targets-extras.cmake
[5.439s] -- Installing: /home/yanagi/ros2_ws/install/person_msgs/share/person_msgs/cmake/ament_cmake_export_dependencies-extras.cmake
[5.439s] -- Installing: /home/yanagi/ros2_ws/install/person_msgs/share/person_msgs/cmake/rosidl_cmake_export_typesupport_libraries-extras.cmake
[5.439s] -- Installing: /home/yanagi/ros2_ws/install/person_msgs/share/person_msgs/cmake/person_msgsConfig.cmake
[5.439s] -- Installing: /home/yanagi/ros2_ws/install/person_msgs/share/person_msgs/cmake/person_msgsConfig-version.cmake
[5.439s] -- Installing: /home/yanagi/ros2_ws/install/person_msgs/share/person_msgs/package.xml
[5.442s] Invoked command in '/home/yanagi/ros2_ws/build/person_msgs' returned '0': CMAKE_PREFIX_PATH=/opt/ros/humble /usr/bin/cmake --install /home/yanagi/ros2_ws/build/person_msgs
