[0.692s] DEBUG:colcon:Command line arguments: ['/usr/bin/colcon', 'build']
[0.692s] DEBUG:colcon:Parsed command line arguments: Namespace(log_base=None, log_level=None, verb_name='build', build_base='build', install_base='install', merge_install=False, symlink_install=False, test_result_base=None, continue_on_error=False, executor='parallel', parallel_workers=8, event_handlers=None, ignore_user_meta=False, metas=['./colcon.meta'], base_paths=['.'], packages_ignore=None, packages_ignore_regex=None, paths=None, packages_up_to=None, packages_up_to_regex=None, packages_above=None, packages_above_and_dependencies=None, packages_above_depth=None, packages_select_by_dep=None, packages_skip_by_dep=None, packages_skip_up_to=None, packages_select_build_failed=False, packages_skip_build_finished=False, packages_select_test_failures=False, packages_skip_test_passed=False, packages_select=None, packages_skip=None, packages_select_regex=None, packages_skip_regex=None, packages_start=None, packages_end=None, allow_overriding=[], cmake_args=None, cmake_target=None, cmake_target_skip_unavailable=False, cmake_clean_cache=False, cmake_clean_first=False, cmake_force_configure=False, ament_cmake_args=None, catkin_cmake_args=None, catkin_skip_building_tests=False, verb_parser=<colcon_defaults.argument_parser.defaults.DefaultArgumentsDecorator object at 0x7f1976f0d8a0>, verb_extension=<colcon_core.verb.build.BuildVerb object at 0x7f19778389a0>, main=<bound method BuildVerb.main of <colcon_core.verb.build.BuildVerb object at 0x7f19778389a0>>)
[0.748s] Level 1:colcon.colcon_core.package_discovery:discover_packages(colcon_meta) check parameters
[0.749s] Level 1:colcon.colcon_core.package_discovery:discover_packages(recursive) check parameters
[0.749s] Level 1:colcon.colcon_core.package_discovery:discover_packages(ignore) check parameters
[0.749s] Level 1:colcon.colcon_core.package_discovery:discover_packages(path) check parameters
[0.749s] Level 1:colcon.colcon_core.package_discovery:discover_packages(colcon_meta) discover
[0.749s] Level 1:colcon.colcon_core.package_discovery:discover_packages(recursive) discover
[0.749s] INFO:colcon.colcon_core.package_discovery:Crawling recursively for packages in '/home/yanagi/ros2_ws'
[0.749s] Level 1:colcon.colcon_core.package_identification:_identify(.) by extensions ['ignore', 'ignore_ament_install']
[0.749s] Level 1:colcon.colcon_core.package_identification:_identify(.) by extension 'ignore'
[0.749s] Level 1:colcon.colcon_core.package_identification:_identify(.) by extension 'ignore_ament_install'
[0.749s] Level 1:colcon.colcon_core.package_identification:_identify(.) by extensions ['colcon_pkg']
[0.749s] Level 1:colcon.colcon_core.package_identification:_identify(.) by extension 'colcon_pkg'
[0.749s] Level 1:colcon.colcon_core.package_identification:_identify(.) by extensions ['colcon_meta']
[0.749s] Level 1:colcon.colcon_core.package_identification:_identify(.) by extension 'colcon_meta'
[0.749s] Level 1:colcon.colcon_core.package_identification:_identify(.) by extensions ['ros']
[0.749s] Level 1:colcon.colcon_core.package_identification:_identify(.) by extension 'ros'
[0.771s] Level 1:colcon.colcon_core.package_identification:_identify(.) by extensions ['cmake', 'python']
[0.771s] Level 1:colcon.colcon_core.package_identification:_identify(.) by extension 'cmake'
[0.771s] Level 1:colcon.colcon_core.package_identification:_identify(.) by extension 'python'
[0.771s] Level 1:colcon.colcon_core.package_identification:_identify(.) by extensions ['python_setup_py']
[0.771s] Level 1:colcon.colcon_core.package_identification:_identify(.) by extension 'python_setup_py'
[0.772s] Level 1:colcon.colcon_core.package_identification:_identify(build) by extensions ['ignore', 'ignore_ament_install']
[0.772s] Level 1:colcon.colcon_core.package_identification:_identify(build) by extension 'ignore'
[0.772s] Level 1:colcon.colcon_core.package_identification:_identify(build) ignored
[0.772s] Level 1:colcon.colcon_core.package_identification:_identify(install) by extensions ['ignore', 'ignore_ament_install']
[0.772s] Level 1:colcon.colcon_core.package_identification:_identify(install) by extension 'ignore'
[0.772s] Level 1:colcon.colcon_core.package_identification:_identify(install) ignored
[0.772s] Level 1:colcon.colcon_core.package_identification:_identify(log) by extensions ['ignore', 'ignore_ament_install']
[0.773s] Level 1:colcon.colcon_core.package_identification:_identify(log) by extension 'ignore'
[0.773s] Level 1:colcon.colcon_core.package_identification:_identify(log) ignored
[0.773s] Level 1:colcon.colcon_core.package_identification:_identify(src) by extensions ['ignore', 'ignore_ament_install']
[0.773s] Level 1:colcon.colcon_core.package_identification:_identify(src) by extension 'ignore'
[0.773s] Level 1:colcon.colcon_core.package_identification:_identify(src) by extension 'ignore_ament_install'
[0.773s] Level 1:colcon.colcon_core.package_identification:_identify(src) by extensions ['colcon_pkg']
[0.773s] Level 1:colcon.colcon_core.package_identification:_identify(src) by extension 'colcon_pkg'
[0.773s] Level 1:colcon.colcon_core.package_identification:_identify(src) by extensions ['colcon_meta']
[0.773s] Level 1:colcon.colcon_core.package_identification:_identify(src) by extension 'colcon_meta'
[0.773s] Level 1:colcon.colcon_core.package_identification:_identify(src) by extensions ['ros']
[0.773s] Level 1:colcon.colcon_core.package_identification:_identify(src) by extension 'ros'
[0.773s] Level 1:colcon.colcon_core.package_identification:_identify(src) by extensions ['cmake', 'python']
[0.773s] Level 1:colcon.colcon_core.package_identification:_identify(src) by extension 'cmake'
[0.773s] Level 1:colcon.colcon_core.package_identification:_identify(src) by extension 'python'
[0.773s] Level 1:colcon.colcon_core.package_identification:_identify(src) by extensions ['python_setup_py']
[0.773s] Level 1:colcon.colcon_core.package_identification:_identify(src) by extension 'python_setup_py'
[0.773s] Level 1:colcon.colcon_core.package_identification:_identify(src/mypkg) by extensions ['ignore', 'ignore_ament_install']
[0.773s] Level 1:colcon.colcon_core.package_identification:_identify(src/mypkg) by extension 'ignore'
[0.773s] Level 1:colcon.colcon_core.package_identification:_identify(src/mypkg) by extension 'ignore_ament_install'
[0.773s] Level 1:colcon.colcon_core.package_identification:_identify(src/mypkg) by extensions ['colcon_pkg']
[0.773s] Level 1:colcon.colcon_core.package_identification:_identify(src/mypkg) by extension 'colcon_pkg'
[0.773s] Level 1:colcon.colcon_core.package_identification:_identify(src/mypkg) by extensions ['colcon_meta']
[0.773s] Level 1:colcon.colcon_core.package_identification:_identify(src/mypkg) by extension 'colcon_meta'
[0.773s] Level 1:colcon.colcon_core.package_identification:_identify(src/mypkg) by extensions ['ros']
[0.773s] Level 1:colcon.colcon_core.package_identification:_identify(src/mypkg) by extension 'ros'
[0.776s] DEBUG:colcon.colcon_core.package_identification:Package 'src/mypkg' with type 'ros.ament_python' and name 'mypkg'
[0.777s] Level 1:colcon.colcon_core.package_identification:_identify(src/person_mags) by extensions ['ignore', 'ignore_ament_install']
[0.777s] Level 1:colcon.colcon_core.package_identification:_identify(src/person_mags) by extension 'ignore'
[0.777s] Level 1:colcon.colcon_core.package_identification:_identify(src/person_mags) by extension 'ignore_ament_install'
[0.777s] Level 1:colcon.colcon_core.package_identification:_identify(src/person_mags) by extensions ['colcon_pkg']
[0.777s] Level 1:colcon.colcon_core.package_identification:_identify(src/person_mags) by extension 'colcon_pkg'
[0.777s] Level 1:colcon.colcon_core.package_identification:_identify(src/person_mags) by extensions ['colcon_meta']
[0.777s] Level 1:colcon.colcon_core.package_identification:_identify(src/person_mags) by extension 'colcon_meta'
[0.777s] Level 1:colcon.colcon_core.package_identification:_identify(src/person_mags) by extensions ['ros']
[0.777s] Level 1:colcon.colcon_core.package_identification:_identify(src/person_mags) by extension 'ros'
[0.777s] DEBUG:colcon.colcon_core.package_identification:Package 'src/person_mags' with type 'ros.ament_cmake' and name 'person_mags'
[0.778s] Level 1:colcon.colcon_core.package_identification:_identify(src/person_msgs) by extensions ['ignore', 'ignore_ament_install']
[0.778s] Level 1:colcon.colcon_core.package_identification:_identify(src/person_msgs) by extension 'ignore'
[0.778s] Level 1:colcon.colcon_core.package_identification:_identify(src/person_msgs) by extension 'ignore_ament_install'
[0.778s] Level 1:colcon.colcon_core.package_identification:_identify(src/person_msgs) by extensions ['colcon_pkg']
[0.778s] Level 1:colcon.colcon_core.package_identification:_identify(src/person_msgs) by extension 'colcon_pkg'
[0.778s] Level 1:colcon.colcon_core.package_identification:_identify(src/person_msgs) by extensions ['colcon_meta']
[0.778s] Level 1:colcon.colcon_core.package_identification:_identify(src/person_msgs) by extension 'colcon_meta'
[0.778s] Level 1:colcon.colcon_core.package_identification:_identify(src/person_msgs) by extensions ['ros']
[0.778s] Level 1:colcon.colcon_core.package_identification:_identify(src/person_msgs) by extension 'ros'
[0.778s] DEBUG:colcon.colcon_core.package_identification:Package 'src/person_msgs' with type 'ros.ament_cmake' and name 'person_msgs'
[0.779s] Level 1:colcon.colcon_core.package_discovery:discover_packages(recursive) using defaults
[0.779s] Level 1:colcon.colcon_core.package_discovery:discover_packages(ignore) discover
[0.779s] Level 1:colcon.colcon_core.package_discovery:discover_packages(ignore) using defaults
[0.779s] Level 1:colcon.colcon_core.package_discovery:discover_packages(path) discover
[0.779s] Level 1:colcon.colcon_core.package_discovery:discover_packages(path) using defaults
[0.809s] Level 1:colcon.colcon_core.package_discovery:discover_packages(prefix_path) check parameters
[0.809s] Level 1:colcon.colcon_core.package_discovery:discover_packages(prefix_path) discover
[0.812s] DEBUG:colcon.colcon_installed_package_information.package_discovery:Found 3 installed packages in /home/yanagi/ros2_ws/install
[0.813s] DEBUG:colcon.colcon_installed_package_information.package_discovery:Found 270 installed packages in /opt/ros/humble
[0.814s] Level 1:colcon.colcon_core.package_discovery:discover_packages(prefix_path) using defaults
[0.860s] Level 5:colcon.colcon_core.verb:set package 'mypkg' build argument 'cmake_args' from command line to 'None'
[0.861s] Level 5:colcon.colcon_core.verb:set package 'mypkg' build argument 'cmake_target' from command line to 'None'
[0.861s] Level 5:colcon.colcon_core.verb:set package 'mypkg' build argument 'cmake_target_skip_unavailable' from command line to 'False'
[0.861s] Level 5:colcon.colcon_core.verb:set package 'mypkg' build argument 'cmake_clean_cache' from command line to 'False'
[0.861s] Level 5:colcon.colcon_core.verb:set package 'mypkg' build argument 'cmake_clean_first' from command line to 'False'
[0.861s] Level 5:colcon.colcon_core.verb:set package 'mypkg' build argument 'cmake_force_configure' from command line to 'False'
[0.861s] Level 5:colcon.colcon_core.verb:set package 'mypkg' build argument 'ament_cmake_args' from command line to 'None'
[0.861s] Level 5:colcon.colcon_core.verb:set package 'mypkg' build argument 'catkin_cmake_args' from command line to 'None'
[0.861s] Level 5:colcon.colcon_core.verb:set package 'mypkg' build argument 'catkin_skip_building_tests' from command line to 'False'
[0.861s] DEBUG:colcon.colcon_core.verb:Building package 'mypkg' with the following arguments: {'ament_cmake_args': None, 'build_base': '/home/yanagi/ros2_ws/build/mypkg', 'catkin_cmake_args': None, 'catkin_skip_building_tests': False, 'cmake_args': None, 'cmake_clean_cache': False, 'cmake_clean_first': False, 'cmake_force_configure': False, 'cmake_target': None, 'cmake_target_skip_unavailable': False, 'install_base': '/home/yanagi/ros2_ws/install/mypkg', 'merge_install': False, 'path': '/home/yanagi/ros2_ws/src/mypkg', 'symlink_install': False, 'test_result_base': None}
[0.861s] Level 5:colcon.colcon_core.verb:set package 'person_mags' build argument 'cmake_args' from command line to 'None'
[0.861s] Level 5:colcon.colcon_core.verb:set package 'person_mags' build argument 'cmake_target' from command line to 'None'
[0.861s] Level 5:colcon.colcon_core.verb:set package 'person_mags' build argument 'cmake_target_skip_unavailable' from command line to 'False'
[0.861s] Level 5:colcon.colcon_core.verb:set package 'person_mags' build argument 'cmake_clean_cache' from command line to 'False'
[0.862s] Level 5:colcon.colcon_core.verb:set package 'person_mags' build argument 'cmake_clean_first' from command line to 'False'
[0.862s] Level 5:colcon.colcon_core.verb:set package 'person_mags' build argument 'cmake_force_configure' from command line to 'False'
[0.862s] Level 5:colcon.colcon_core.verb:set package 'person_mags' build argument 'ament_cmake_args' from command line to 'None'
[0.862s] Level 5:colcon.colcon_core.verb:set package 'person_mags' build argument 'catkin_cmake_args' from command line to 'None'
[0.862s] Level 5:colcon.colcon_core.verb:set package 'person_mags' build argument 'catkin_skip_building_tests' from command line to 'False'
[0.862s] DEBUG:colcon.colcon_core.verb:Building package 'person_mags' with the following arguments: {'ament_cmake_args': None, 'build_base': '/home/yanagi/ros2_ws/build/person_mags', 'catkin_cmake_args': None, 'catkin_skip_building_tests': False, 'cmake_args': None, 'cmake_clean_cache': False, 'cmake_clean_first': False, 'cmake_force_configure': False, 'cmake_target': None, 'cmake_target_skip_unavailable': False, 'install_base': '/home/yanagi/ros2_ws/install/person_mags', 'merge_install': False, 'path': '/home/yanagi/ros2_ws/src/person_mags', 'symlink_install': False, 'test_result_base': None}
[0.862s] Level 5:colcon.colcon_core.verb:set package 'person_msgs' build argument 'cmake_args' from command line to 'None'
[0.862s] Level 5:colcon.colcon_core.verb:set package 'person_msgs' build argument 'cmake_target' from command line to 'None'
[0.862s] Level 5:colcon.colcon_core.verb:set package 'person_msgs' build argument 'cmake_target_skip_unavailable' from command line to 'False'
[0.862s] Level 5:colcon.colcon_core.verb:set package 'person_msgs' build argument 'cmake_clean_cache' from command line to 'False'
[0.862s] Level 5:colcon.colcon_core.verb:set package 'person_msgs' build argument 'cmake_clean_first' from command line to 'False'
[0.862s] Level 5:colcon.colcon_core.verb:set package 'person_msgs' build argument 'cmake_force_configure' from command line to 'False'
[0.862s] Level 5:colcon.colcon_core.verb:set package 'person_msgs' build argument 'ament_cmake_args' from command line to 'None'
[0.862s] Level 5:colcon.colcon_core.verb:set package 'person_msgs' build argument 'catkin_cmake_args' from command line to 'None'
[0.862s] Level 5:colcon.colcon_core.verb:set package 'person_msgs' build argument 'catkin_skip_building_tests' from command line to 'False'
[0.862s] DEBUG:colcon.colcon_core.verb:Building package 'person_msgs' with the following arguments: {'ament_cmake_args': None, 'build_base': '/home/yanagi/ros2_ws/build/person_msgs', 'catkin_cmake_args': None, 'catkin_skip_building_tests': False, 'cmake_args': None, 'cmake_clean_cache': False, 'cmake_clean_first': False, 'cmake_force_configure': False, 'cmake_target': None, 'cmake_target_skip_unavailable': False, 'install_base': '/home/yanagi/ros2_ws/install/person_msgs', 'merge_install': False, 'path': '/home/yanagi/ros2_ws/src/person_msgs', 'symlink_install': False, 'test_result_base': None}
[0.863s] INFO:colcon.colcon_core.executor:Executing jobs using 'parallel' executor
[0.866s] DEBUG:colcon.colcon_parallel_executor.executor.parallel:run_until_complete
[0.867s] INFO:colcon.colcon_ros.task.ament_python.build:Building ROS package in '/home/yanagi/ros2_ws/src/mypkg' with build type 'ament_python'
[0.867s] Level 1:colcon.colcon_core.shell:create_environment_hook('mypkg', 'ament_prefix_path')
[0.874s] INFO:colcon.colcon_core.plugin_system:Skipping extension 'colcon_core.shell.bat': Not used on non-Windows systems
[0.874s] INFO:colcon.colcon_core.shell:Creating environment hook '/home/yanagi/ros2_ws/install/mypkg/share/mypkg/hook/ament_prefix_path.ps1'
[0.875s] INFO:colcon.colcon_core.shell:Creating environment descriptor '/home/yanagi/ros2_ws/install/mypkg/share/mypkg/hook/ament_prefix_path.dsv'
[0.876s] INFO:colcon.colcon_core.shell:Creating environment hook '/home/yanagi/ros2_ws/install/mypkg/share/mypkg/hook/ament_prefix_path.sh'
[0.877s] INFO:colcon.colcon_core.shell:Skip shell extension 'powershell' for command environment: Not usable outside of PowerShell
[0.877s] DEBUG:colcon.colcon_core.shell:Skip shell extension 'dsv' for command environment
[0.883s] INFO:colcon.colcon_ros.task.ament_cmake.build:Building ROS package in '/home/yanagi/ros2_ws/src/person_mags' with build type 'ament_cmake'
[0.883s] INFO:colcon.colcon_cmake.task.cmake.build:Building CMake package in '/home/yanagi/ros2_ws/src/person_mags'
[0.886s] INFO:colcon.colcon_core.shell:Skip shell extension 'powershell' for command environment: Not usable outside of PowerShell
[0.886s] DEBUG:colcon.colcon_core.shell:Skip shell extension 'dsv' for command environment
[0.892s] INFO:colcon.colcon_ros.task.ament_cmake.build:Building ROS package in '/home/yanagi/ros2_ws/src/person_msgs' with build type 'ament_cmake'
[0.892s] INFO:colcon.colcon_cmake.task.cmake.build:Building CMake package in '/home/yanagi/ros2_ws/src/person_msgs'
[0.894s] INFO:colcon.colcon_core.shell:Skip shell extension 'powershell' for command environment: Not usable outside of PowerShell
[0.894s] DEBUG:colcon.colcon_core.shell:Skip shell extension 'dsv' for command environment
[1.082s] INFO:colcon.colcon_core.task.python.build:Building Python package in '/home/yanagi/ros2_ws/src/mypkg'
[1.083s] INFO:colcon.colcon_core.shell:Skip shell extension 'powershell' for command environment: Not usable outside of PowerShell
[1.083s] DEBUG:colcon.colcon_core.shell:Skip shell extension 'dsv' for command environment
[1.089s] DEBUG:colcon.colcon_core.event_handler.log_command:Invoking command in '/home/yanagi/ros2_ws/build/person_mags': CMAKE_PREFIX_PATH=${CMAKE_PREFIX_PATH}:/home/yanagi/ros2_ws/install/mypkg:/opt/ros/humble /usr/bin/cmake --build /home/yanagi/ros2_ws/build/person_mags -- -j8 -l8
[1.099s] DEBUG:colcon.colcon_core.event_handler.log_command:Invoking command in '/home/yanagi/ros2_ws/build/person_msgs': CMAKE_PREFIX_PATH=${CMAKE_PREFIX_PATH}:/home/yanagi/ros2_ws/install/mypkg:/opt/ros/humble /usr/bin/cmake --build /home/yanagi/ros2_ws/build/person_msgs -- -j8 -l8
[1.276s] DEBUG:colcon.colcon_core.event_handler.log_command:Invoked command in '/home/yanagi/ros2_ws/build/person_mags' returned '0': CMAKE_PREFIX_PATH=${CMAKE_PREFIX_PATH}:/home/yanagi/ros2_ws/install/mypkg:/opt/ros/humble /usr/bin/cmake --build /home/yanagi/ros2_ws/build/person_mags -- -j8 -l8
[1.309s] DEBUG:colcon.colcon_core.event_handler.log_command:Invoking command in '/home/yanagi/ros2_ws/build/person_mags': CMAKE_PREFIX_PATH=${CMAKE_PREFIX_PATH}:/home/yanagi/ros2_ws/install/mypkg:/opt/ros/humble /usr/bin/cmake --install /home/yanagi/ros2_ws/build/person_mags
[1.323s] Level 1:colcon.colcon_core.environment:create_environment_scripts_only(person_mags)
[1.323s] DEBUG:colcon.colcon_core.event_handler.log_command:Invoked command in '/home/yanagi/ros2_ws/build/person_mags' returned '0': CMAKE_PREFIX_PATH=${CMAKE_PREFIX_PATH}:/home/yanagi/ros2_ws/install/mypkg:/opt/ros/humble /usr/bin/cmake --install /home/yanagi/ros2_ws/build/person_mags
[1.340s] Level 1:colcon.colcon_core.environment:checking '/home/yanagi/ros2_ws/install/person_mags' for CMake module files
[1.341s] Level 1:colcon.colcon_core.environment:checking '/home/yanagi/ros2_ws/install/person_mags' for CMake config files
[1.342s] Level 1:colcon.colcon_core.shell:create_environment_hook('person_mags', 'cmake_prefix_path')
[1.344s] INFO:colcon.colcon_core.shell:Creating environment hook '/home/yanagi/ros2_ws/install/person_mags/share/person_mags/hook/cmake_prefix_path.ps1'
[1.346s] INFO:colcon.colcon_core.shell:Creating environment descriptor '/home/yanagi/ros2_ws/install/person_mags/share/person_mags/hook/cmake_prefix_path.dsv'
[1.346s] INFO:colcon.colcon_core.shell:Creating environment hook '/home/yanagi/ros2_ws/install/person_mags/share/person_mags/hook/cmake_prefix_path.sh'
[1.347s] Level 1:colcon.colcon_core.environment:checking '/home/yanagi/ros2_ws/install/person_mags/bin'
[1.347s] Level 1:colcon.colcon_core.environment:checking '/home/yanagi/ros2_ws/install/person_mags/lib/pkgconfig/person_mags.pc'
[1.347s] Level 1:colcon.colcon_core.environment:checking '/home/yanagi/ros2_ws/install/person_mags/lib/python3.10/site-packages'
[1.347s] Level 1:colcon.colcon_core.environment:checking '/home/yanagi/ros2_ws/install/person_mags/bin'
[1.348s] INFO:colcon.colcon_core.shell:Creating package script '/home/yanagi/ros2_ws/install/person_mags/share/person_mags/package.ps1'
[1.350s] INFO:colcon.colcon_core.shell:Creating package descriptor '/home/yanagi/ros2_ws/install/person_mags/share/person_mags/package.dsv'
[1.351s] INFO:colcon.colcon_core.shell:Creating package script '/home/yanagi/ros2_ws/install/person_mags/share/person_mags/package.sh'
[1.352s] INFO:colcon.colcon_core.shell:Creating package script '/home/yanagi/ros2_ws/install/person_mags/share/person_mags/package.bash'
[1.354s] INFO:colcon.colcon_core.shell:Creating package script '/home/yanagi/ros2_ws/install/person_mags/share/person_mags/package.zsh'
[1.355s] Level 1:colcon.colcon_core.environment:create_file_with_runtime_dependencies(/home/yanagi/ros2_ws/install/person_mags/share/colcon-core/packages/person_mags)
[1.378s] Level 1:colcon.colcon_core.environment:create_environment_scripts_only(person_mags)
[1.380s] Level 1:colcon.colcon_core.environment:checking '/home/yanagi/ros2_ws/install/person_mags' for CMake module files
[1.380s] Level 1:colcon.colcon_core.environment:checking '/home/yanagi/ros2_ws/install/person_mags' for CMake config files
[1.380s] Level 1:colcon.colcon_core.shell:create_environment_hook('person_mags', 'cmake_prefix_path')
[1.382s] INFO:colcon.colcon_core.shell:Creating environment hook '/home/yanagi/ros2_ws/install/person_mags/share/person_mags/hook/cmake_prefix_path.ps1'
[1.382s] INFO:colcon.colcon_core.shell:Creating environment descriptor '/home/yanagi/ros2_ws/install/person_mags/share/person_mags/hook/cmake_prefix_path.dsv'
[1.383s] INFO:colcon.colcon_core.shell:Creating environment hook '/home/yanagi/ros2_ws/install/person_mags/share/person_mags/hook/cmake_prefix_path.sh'
[1.384s] Level 1:colcon.colcon_core.environment:checking '/home/yanagi/ros2_ws/install/person_mags/bin'
[1.384s] Level 1:colcon.colcon_core.environment:checking '/home/yanagi/ros2_ws/install/person_mags/lib/pkgconfig/person_mags.pc'
[1.384s] Level 1:colcon.colcon_core.environment:checking '/home/yanagi/ros2_ws/install/person_mags/lib/python3.10/site-packages'
[1.385s] Level 1:colcon.colcon_core.environment:checking '/home/yanagi/ros2_ws/install/person_mags/bin'
[1.387s] INFO:colcon.colcon_core.shell:Creating package script '/home/yanagi/ros2_ws/install/person_mags/share/person_mags/package.ps1'
[1.387s] INFO:colcon.colcon_core.shell:Creating package descriptor '/home/yanagi/ros2_ws/install/person_mags/share/person_mags/package.dsv'
[1.388s] INFO:colcon.colcon_core.shell:Creating package script '/home/yanagi/ros2_ws/install/person_mags/share/person_mags/package.sh'
[1.389s] INFO:colcon.colcon_core.shell:Creating package script '/home/yanagi/ros2_ws/install/person_mags/share/person_mags/package.bash'
[1.389s] INFO:colcon.colcon_core.shell:Creating package script '/home/yanagi/ros2_ws/install/person_mags/share/person_mags/package.zsh'
[1.389s] Level 1:colcon.colcon_core.environment:create_file_with_runtime_dependencies(/home/yanagi/ros2_ws/install/person_mags/share/colcon-core/packages/person_mags)
[1.516s] DEBUG:colcon.colcon_core.event_handler.log_command:Invoking command in '/home/yanagi/ros2_ws/src/mypkg': PYTHONPATH=/home/yanagi/ros2_ws/install/mypkg/lib/python3.10/site-packages:${PYTHONPATH} /usr/bin/python3 setup.py egg_info --egg-base ../../build/mypkg build --build-base /home/yanagi/ros2_ws/build/mypkg/build install --prefix /home/yanagi/ros2_ws/install/mypkg --record /home/yanagi/ros2_ws/build/mypkg/install.log --single-version-externally-managed
[1.599s] DEBUG:colcon.colcon_core.event_handler.log_command:Invoked command in '/home/yanagi/ros2_ws/build/person_msgs' returned '0': CMAKE_PREFIX_PATH=${CMAKE_PREFIX_PATH}:/home/yanagi/ros2_ws/install/mypkg:/opt/ros/humble /usr/bin/cmake --build /home/yanagi/ros2_ws/build/person_msgs -- -j8 -l8
[1.694s] DEBUG:colcon.colcon_core.event_handler.log_command:Invoking command in '/home/yanagi/ros2_ws/build/person_msgs': CMAKE_PREFIX_PATH=${CMAKE_PREFIX_PATH}:/home/yanagi/ros2_ws/install/mypkg:/opt/ros/humble /usr/bin/cmake --install /home/yanagi/ros2_ws/build/person_msgs
[1.782s] Level 1:colcon.colcon_core.environment:create_environment_scripts_only(person_msgs)
[1.784s] Level 1:colcon.colcon_core.environment:checking '/home/yanagi/ros2_ws/install/person_msgs' for CMake module files
[1.784s] DEBUG:colcon.colcon_core.event_handler.log_command:Invoked command in '/home/yanagi/ros2_ws/build/person_msgs' returned '0': CMAKE_PREFIX_PATH=${CMAKE_PREFIX_PATH}:/home/yanagi/ros2_ws/install/mypkg:/opt/ros/humble /usr/bin/cmake --install /home/yanagi/ros2_ws/build/person_msgs
[1.786s] Level 1:colcon.colcon_core.environment:checking '/home/yanagi/ros2_ws/install/person_msgs' for CMake config files
[1.787s] Level 1:colcon.colcon_core.shell:create_environment_hook('person_msgs', 'cmake_prefix_path')
[1.788s] INFO:colcon.colcon_core.shell:Creating environment hook '/home/yanagi/ros2_ws/install/person_msgs/share/person_msgs/hook/cmake_prefix_path.ps1'
[1.788s] INFO:colcon.colcon_core.shell:Creating environment descriptor '/home/yanagi/ros2_ws/install/person_msgs/share/person_msgs/hook/cmake_prefix_path.dsv'
[1.788s] INFO:colcon.colcon_core.shell:Creating environment hook '/home/yanagi/ros2_ws/install/person_msgs/share/person_msgs/hook/cmake_prefix_path.sh'
[1.789s] Level 1:colcon.colcon_core.environment:checking '/home/yanagi/ros2_ws/install/person_msgs/lib'
[1.789s] Level 1:colcon.colcon_core.shell:create_environment_hook('person_msgs', 'ld_library_path_lib')
[1.789s] INFO:colcon.colcon_core.shell:Creating environment hook '/home/yanagi/ros2_ws/install/person_msgs/share/person_msgs/hook/ld_library_path_lib.ps1'
[1.790s] INFO:colcon.colcon_core.shell:Creating environment descriptor '/home/yanagi/ros2_ws/install/person_msgs/share/person_msgs/hook/ld_library_path_lib.dsv'
[1.790s] INFO:colcon.colcon_core.shell:Creating environment hook '/home/yanagi/ros2_ws/install/person_msgs/share/person_msgs/hook/ld_library_path_lib.sh'
[1.790s] Level 1:colcon.colcon_core.environment:checking '/home/yanagi/ros2_ws/install/person_msgs/bin'
[1.790s] Level 1:colcon.colcon_core.environment:checking '/home/yanagi/ros2_ws/install/person_msgs/lib/pkgconfig/person_msgs.pc'
[1.790s] Level 1:colcon.colcon_core.environment:checking '/home/yanagi/ros2_ws/install/person_msgs/lib/python3.10/site-packages'
[1.790s] Level 1:colcon.colcon_core.environment:checking '/home/yanagi/ros2_ws/install/person_msgs/bin'
[1.791s] INFO:colcon.colcon_core.shell:Creating package script '/home/yanagi/ros2_ws/install/person_msgs/share/person_msgs/package.ps1'
[1.791s] INFO:colcon.colcon_core.shell:Creating package descriptor '/home/yanagi/ros2_ws/install/person_msgs/share/person_msgs/package.dsv'
[1.791s] INFO:colcon.colcon_core.shell:Creating package script '/home/yanagi/ros2_ws/install/person_msgs/share/person_msgs/package.sh'
[1.792s] INFO:colcon.colcon_core.shell:Creating package script '/home/yanagi/ros2_ws/install/person_msgs/share/person_msgs/package.bash'
[1.792s] INFO:colcon.colcon_core.shell:Creating package script '/home/yanagi/ros2_ws/install/person_msgs/share/person_msgs/package.zsh'
[1.792s] Level 1:colcon.colcon_core.environment:create_file_with_runtime_dependencies(/home/yanagi/ros2_ws/install/person_msgs/share/colcon-core/packages/person_msgs)
[1.796s] Level 1:colcon.colcon_core.environment:checking '/home/yanagi/ros2_ws/install/mypkg' for CMake module files
[1.796s] DEBUG:colcon.colcon_core.event_handler.log_command:Invoked command in '/home/yanagi/ros2_ws/src/mypkg' returned '0': PYTHONPATH=/home/yanagi/ros2_ws/install/mypkg/lib/python3.10/site-packages:${PYTHONPATH} /usr/bin/python3 setup.py egg_info --egg-base ../../build/mypkg build --build-base /home/yanagi/ros2_ws/build/mypkg/build install --prefix /home/yanagi/ros2_ws/install/mypkg --record /home/yanagi/ros2_ws/build/mypkg/install.log --single-version-externally-managed
[1.797s] Level 1:colcon.colcon_core.environment:checking '/home/yanagi/ros2_ws/install/mypkg' for CMake config files
[1.797s] Level 1:colcon.colcon_core.environment:checking '/home/yanagi/ros2_ws/install/mypkg/lib'
[1.797s] Level 1:colcon.colcon_core.environment:checking '/home/yanagi/ros2_ws/install/mypkg/bin'
[1.797s] Level 1:colcon.colcon_core.environment:checking '/home/yanagi/ros2_ws/install/mypkg/lib/pkgconfig/mypkg.pc'
[1.798s] Level 1:colcon.colcon_core.environment:checking '/home/yanagi/ros2_ws/install/mypkg/lib/python3.10/site-packages'
[1.798s] Level 1:colcon.colcon_core.shell:create_environment_hook('mypkg', 'pythonpath')
[1.799s] INFO:colcon.colcon_core.shell:Creating environment hook '/home/yanagi/ros2_ws/install/mypkg/share/mypkg/hook/pythonpath.ps1'
[1.799s] INFO:colcon.colcon_core.shell:Creating environment descriptor '/home/yanagi/ros2_ws/install/mypkg/share/mypkg/hook/pythonpath.dsv'
[1.800s] INFO:colcon.colcon_core.shell:Creating environment hook '/home/yanagi/ros2_ws/install/mypkg/share/mypkg/hook/pythonpath.sh'
[1.800s] Level 1:colcon.colcon_core.environment:checking '/home/yanagi/ros2_ws/install/mypkg/bin'
[1.800s] Level 1:colcon.colcon_core.environment:create_environment_scripts_only(mypkg)
[1.801s] INFO:colcon.colcon_core.shell:Creating package script '/home/yanagi/ros2_ws/install/mypkg/share/mypkg/package.ps1'
[1.802s] INFO:colcon.colcon_core.shell:Creating package descriptor '/home/yanagi/ros2_ws/install/mypkg/share/mypkg/package.dsv'
[1.802s] INFO:colcon.colcon_core.shell:Creating package script '/home/yanagi/ros2_ws/install/mypkg/share/mypkg/package.sh'
[1.802s] INFO:colcon.colcon_core.shell:Creating package script '/home/yanagi/ros2_ws/install/mypkg/share/mypkg/package.bash'
[1.803s] INFO:colcon.colcon_core.shell:Creating package script '/home/yanagi/ros2_ws/install/mypkg/share/mypkg/package.zsh'
[1.803s] Level 1:colcon.colcon_core.environment:create_file_with_runtime_dependencies(/home/yanagi/ros2_ws/install/mypkg/share/colcon-core/packages/mypkg)
[1.860s] Level 1:colcon.colcon_core.environment:create_environment_scripts_only(person_msgs)
[1.861s] Level 1:colcon.colcon_core.environment:checking '/home/yanagi/ros2_ws/install/person_msgs' for CMake module files
[1.861s] Level 1:colcon.colcon_core.environment:checking '/home/yanagi/ros2_ws/install/person_msgs' for CMake config files
[1.861s] Level 1:colcon.colcon_core.shell:create_environment_hook('person_msgs', 'cmake_prefix_path')
[1.862s] INFO:colcon.colcon_core.shell:Creating environment hook '/home/yanagi/ros2_ws/install/person_msgs/share/person_msgs/hook/cmake_prefix_path.ps1'
[1.862s] INFO:colcon.colcon_core.shell:Creating environment descriptor '/home/yanagi/ros2_ws/install/person_msgs/share/person_msgs/hook/cmake_prefix_path.dsv'
[1.863s] INFO:colcon.colcon_core.shell:Creating environment hook '/home/yanagi/ros2_ws/install/person_msgs/share/person_msgs/hook/cmake_prefix_path.sh'
[1.863s] Level 1:colcon.colcon_core.environment:checking '/home/yanagi/ros2_ws/install/person_msgs/lib'
[1.863s] Level 1:colcon.colcon_core.shell:create_environment_hook('person_msgs', 'ld_library_path_lib')
[1.864s] INFO:colcon.colcon_core.shell:Creating environment hook '/home/yanagi/ros2_ws/install/person_msgs/share/person_msgs/hook/ld_library_path_lib.ps1'
[1.864s] INFO:colcon.colcon_core.shell:Creating environment descriptor '/home/yanagi/ros2_ws/install/person_msgs/share/person_msgs/hook/ld_library_path_lib.dsv'
[1.864s] INFO:colcon.colcon_core.shell:Creating environment hook '/home/yanagi/ros2_ws/install/person_msgs/share/person_msgs/hook/ld_library_path_lib.sh'
[1.865s] Level 1:colcon.colcon_core.environment:checking '/home/yanagi/ros2_ws/install/person_msgs/bin'
[1.865s] Level 1:colcon.colcon_core.environment:checking '/home/yanagi/ros2_ws/install/person_msgs/lib/pkgconfig/person_msgs.pc'
[1.865s] Level 1:colcon.colcon_core.environment:checking '/home/yanagi/ros2_ws/install/person_msgs/lib/python3.10/site-packages'
[1.865s] Level 1:colcon.colcon_core.environment:checking '/home/yanagi/ros2_ws/install/person_msgs/bin'
[1.866s] INFO:colcon.colcon_core.shell:Creating package script '/home/yanagi/ros2_ws/install/person_msgs/share/person_msgs/package.ps1'
[1.866s] INFO:colcon.colcon_core.shell:Creating package descriptor '/home/yanagi/ros2_ws/install/person_msgs/share/person_msgs/package.dsv'
[1.867s] INFO:colcon.colcon_core.shell:Creating package script '/home/yanagi/ros2_ws/install/person_msgs/share/person_msgs/package.sh'
[1.867s] INFO:colcon.colcon_core.shell:Creating package script '/home/yanagi/ros2_ws/install/person_msgs/share/person_msgs/package.bash'
[1.868s] INFO:colcon.colcon_core.shell:Creating package script '/home/yanagi/ros2_ws/install/person_msgs/share/person_msgs/package.zsh'
[1.868s] Level 1:colcon.colcon_core.environment:create_file_with_runtime_dependencies(/home/yanagi/ros2_ws/install/person_msgs/share/colcon-core/packages/person_msgs)
[1.868s] DEBUG:colcon.colcon_parallel_executor.executor.parallel:closing loop
[1.869s] DEBUG:colcon.colcon_parallel_executor.executor.parallel:loop closed
[1.869s] DEBUG:colcon.colcon_parallel_executor.executor.parallel:run_until_complete finished with '0'
[1.869s] DEBUG:colcon.colcon_core.event_reactor:joining thread
[1.947s] INFO:colcon.colcon_core.plugin_system:Skipping extension 'colcon_notification.desktop_notification.notify_send': Could not find 'notify-send'
[1.947s] INFO:colcon.colcon_core.plugin_system:Skipping extension 'colcon_notification.desktop_notification.terminal_notifier': Not used on non-Darwin systems
[1.947s] INFO:colcon.colcon_core.plugin_system:Skipping extension 'colcon_notification.desktop_notification.win32': Not used on non-Windows systems
[1.947s] INFO:colcon.colcon_notification.desktop_notification:Sending desktop notification using 'notify2'
[1.947s] DEBUG:colcon.colcon_notification.desktop_notification.notify2:Failed to initialize notify2: org.freedesktop.DBus.Error.NotSupported: Unable to autolaunch a dbus-daemon without a $DISPLAY for X11
[1.947s] DEBUG:colcon.colcon_core.event_reactor:joined thread
[1.948s] INFO:colcon.colcon_core.shell:Creating prefix script '/home/yanagi/ros2_ws/install/local_setup.ps1'
[1.950s] INFO:colcon.colcon_core.shell:Creating prefix util module '/home/yanagi/ros2_ws/install/_local_setup_util_ps1.py'
[1.951s] INFO:colcon.colcon_core.shell:Creating prefix chain script '/home/yanagi/ros2_ws/install/setup.ps1'
[1.952s] INFO:colcon.colcon_core.shell:Creating prefix script '/home/yanagi/ros2_ws/install/local_setup.sh'
[1.953s] INFO:colcon.colcon_core.shell:Creating prefix util module '/home/yanagi/ros2_ws/install/_local_setup_util_sh.py'
[1.954s] INFO:colcon.colcon_core.shell:Creating prefix chain script '/home/yanagi/ros2_ws/install/setup.sh'
[1.955s] INFO:colcon.colcon_core.shell:Creating prefix script '/home/yanagi/ros2_ws/install/local_setup.bash'
[1.955s] INFO:colcon.colcon_core.shell:Creating prefix chain script '/home/yanagi/ros2_ws/install/setup.bash'
[1.957s] INFO:colcon.colcon_core.shell:Creating prefix script '/home/yanagi/ros2_ws/install/local_setup.zsh'
[1.957s] INFO:colcon.colcon_core.shell:Creating prefix chain script '/home/yanagi/ros2_ws/install/setup.zsh'
