[0.635s] Invoking command in '/home/yanagi/ros2_ws/src/mypkg': PYTHONPATH=/home/yanagi/ros2_ws/install/mypkg/lib/python3.10/site-packages:${PYTHONPATH} /usr/bin/python3 setup.py egg_info --egg-base ../../build/mypkg build --build-base /home/yanagi/ros2_ws/build/mypkg/build install --prefix /home/yanagi/ros2_ws/install/mypkg --record /home/yanagi/ros2_ws/build/mypkg/install.log --single-version-externally-managed
[0.859s] running egg_info
[0.861s] writing ../../build/mypkg/mypkg.egg-info/PKG-INFO
[0.862s] writing dependency_links to ../../build/mypkg/mypkg.egg-info/dependency_links.txt
[0.862s] writing entry points to ../../build/mypkg/mypkg.egg-info/entry_points.txt
[0.862s] writing requirements to ../../build/mypkg/mypkg.egg-info/requires.txt
[0.862s] writing top-level names to ../../build/mypkg/mypkg.egg-info/top_level.txt
[0.865s] reading manifest file '../../build/mypkg/mypkg.egg-info/SOURCES.txt'
[0.866s] writing manifest file '../../build/mypkg/mypkg.egg-info/SOURCES.txt'
[0.866s] running build
[0.866s] running build_py
[0.867s] running install
[0.871s] /usr/lib/python3/dist-packages/setuptools/command/install.py:34: SetuptoolsDeprecationWarning: setup.py install is deprecated. Use build and pip and other standards-based tools.
[0.872s]   warnings.warn(
[0.873s] running install_lib
[0.874s] running install_data
[0.874s] running install_egg_info
[0.875s] removing '/home/yanagi/ros2_ws/install/mypkg/lib/python3.10/site-packages/mypkg-0.0.0-py3.10.egg-info' (and everything under it)
[0.875s] Copying ../../build/mypkg/mypkg.egg-info to /home/yanagi/ros2_ws/install/mypkg/lib/python3.10/site-packages/mypkg-0.0.0-py3.10.egg-info
[0.875s] running install_scripts
[0.897s] Installing listener script to /home/yanagi/ros2_ws/install/mypkg/lib/mypkg
[0.897s] Installing talker script to /home/yanagi/ros2_ws/install/mypkg/lib/mypkg
[0.898s] writing list of installed files to '/home/yanagi/ros2_ws/build/mypkg/install.log'
[0.925s] Invoked command in '/home/yanagi/ros2_ws/src/mypkg' returned '0': PYTHONPATH=/home/yanagi/ros2_ws/install/mypkg/lib/python3.10/site-packages:${PYTHONPATH} /usr/bin/python3 setup.py egg_info --egg-base ../../build/mypkg build --build-base /home/yanagi/ros2_ws/build/mypkg/build install --prefix /home/yanagi/ros2_ws/install/mypkg --record /home/yanagi/ros2_ws/build/mypkg/install.log --single-version-externally-managed
