[0.237s] Invoking command in '/home/yanagi/ros2_ws/build/person_msgs': CMAKE_PREFIX_PATH=/opt/ros/humble /usr/bin/cmake --build /home/yanagi/ros2_ws/build/person_msgs -- -j8 -l8
[0.362s] -- Found ament_cmake: 1.3.2 (/opt/ros/humble/share/ament_cmake/cmake)
[0.570s] -- Found rosidl_default_generators: 1.2.0 (/opt/ros/humble/share/rosidl_default_generators/cmake)
[0.576s] -- Using all available rosidl_typesupport_c: rosidl_typesupport_fastrtps_c;rosidl_typesupport_introspection_c
[0.583s] -- Found rosidl_adapter: 3.1.3 (/opt/ros/humble/share/rosidl_adapter/cmake)
[0.766s] -- Using all available rosidl_typesupport_cpp: rosidl_typesupport_fastrtps_cpp;rosidl_typesupport_introspection_cpp
[1.036s] -- Found ament_cmake_ros: 0.10.0 (/opt/ros/humble/share/ament_cmake_ros/cmake)
[1.178s] -- Using all available rosidl_typesupport_c: rosidl_typesupport_fastrtps_c;rosidl_typesupport_introspection_c
[1.373s] -- Using all available rosidl_typesupport_cpp: rosidl_typesupport_fastrtps_cpp;rosidl_typesupport_introspection_cpp
[1.392s] -- Found python_cmake_module: 0.10.0 (/opt/ros/humble/share/python_cmake_module/cmake)
[1.413s] -- Using PYTHON_EXECUTABLE: /usr/bin/python3
[1.413s] -- Using PYTHON_INCLUDE_DIRS: /usr/include/python3.10
[1.413s] -- Using PYTHON_LIBRARIES: /usr/lib/x86_64-linux-gnu/libpython3.10.so
[1.426s] -- Found ament_lint_auto: 0.12.4 (/opt/ros/humble/share/ament_lint_auto/cmake)
[1.465s] -- Added test 'lint_cmake' to check CMake code style
[1.467s] -- Added test 'xmllint' to check XML markup files
[1.474s] -- Configuring done
[1.582s] -- Generating done
[1.585s] -- Build files have been written to: /home/yanagi/ros2_ws/build/person_msgs
[1.602s] [  2%] [34m[1mGenerating C code for ROS interfaces[0m
[1.610s] [  5%] [34m[1mGenerating C++ code for ROS interfaces[0m
[1.627s] [  5%] Built target ament_cmake_python_copy_person_msgs
[1.870s] running egg_info
[1.871s] writing person_msgs.egg-info/PKG-INFO
[1.871s] writing dependency_links to person_msgs.egg-info/dependency_links.txt
[1.872s] writing top-level names to person_msgs.egg-info/top_level.txt
[1.875s] reading manifest file 'person_msgs.egg-info/SOURCES.txt'
[1.877s] writing manifest file 'person_msgs.egg-info/SOURCES.txt'
[1.903s] [  5%] Built target ament_cmake_python_build_person_msgs_egg
[1.944s] [  5%] Built target person_msgs__cpp
[1.951s] [  7%] [34m[1mGenerating C++ introspection for ROS interfaces[0m
[1.951s] [ 10%] [34m[1mGenerating C++ type support for eProsima Fast-RTPS[0m
[1.953s] [ 12%] [34m[1mGenerating C++ type support dispatch for ROS interfaces[0m
[2.019s] [35m[1mConsolidate compiler generated dependencies of target person_msgs__rosidl_generator_c[0m
[2.038s] [ 15%] [32mBuilding C object CMakeFiles/person_msgs__rosidl_generator_c.dir/rosidl_generator_c/person_msgs/msg/detail/person__functions.c.o[0m
[2.038s] [ 17%] [32mBuilding C object CMakeFiles/person_msgs__rosidl_generator_c.dir/rosidl_generator_c/person_msgs/srv/detail/query__functions.c.o[0m
[2.194s] [ 20%] [32m[1mLinking C shared library libperson_msgs__rosidl_generator_c.so[0m
[2.290s] [35m[1mConsolidate compiler generated dependencies of target person_msgs__rosidl_typesupport_cpp[0m
[2.302s] [35m[1mConsolidate compiler generated dependencies of target person_msgs__rosidl_typesupport_introspection_cpp[0m
[2.308s] [ 25%] [32mBuilding CXX object CMakeFiles/person_msgs__rosidl_typesupport_cpp.dir/rosidl_typesupport_cpp/person_msgs/srv/query__type_support.cpp.o[0m
[2.308s] [ 25%] [32mBuilding CXX object CMakeFiles/person_msgs__rosidl_typesupport_cpp.dir/rosidl_typesupport_cpp/person_msgs/msg/person__type_support.cpp.o[0m
[2.316s] [ 28%] [32mBuilding CXX object CMakeFiles/person_msgs__rosidl_typesupport_introspection_cpp.dir/rosidl_typesupport_introspection_cpp/person_msgs/srv/detail/query__type_support.cpp.o[0m
[2.316s] [ 30%] [32mBuilding CXX object CMakeFiles/person_msgs__rosidl_typesupport_introspection_cpp.dir/rosidl_typesupport_introspection_cpp/person_msgs/msg/detail/person__type_support.cpp.o[0m
[2.340s] [ 30%] Built target person_msgs__rosidl_generator_c
[2.349s] [ 33%] [34m[1mGenerating C type support dispatch for ROS interfaces[0m
[2.350s] [ 38%] [34m[1mGenerating C type support for eProsima Fast-RTPS[0m
[2.350s] [ 38%] [34m[1mGenerating C introspection for ROS interfaces[0m
[2.376s] [35m[1mConsolidate compiler generated dependencies of target person_msgs__rosidl_typesupport_fastrtps_cpp[0m
[2.398s] [ 41%] [32mBuilding CXX object CMakeFiles/person_msgs__rosidl_typesupport_fastrtps_cpp.dir/rosidl_typesupport_fastrtps_cpp/person_msgs/msg/detail/dds_fastrtps/person__type_support.cpp.o[0m
[2.797s] [35m[1mConsolidate compiler generated dependencies of target person_msgs__rosidl_typesupport_c[0m
[2.818s] [ 43%] [32mBuilding CXX object CMakeFiles/person_msgs__rosidl_typesupport_c.dir/rosidl_typesupport_c/person_msgs/msg/person__type_support.cpp.o[0m
[2.850s] [ 46%] [32mBuilding CXX object CMakeFiles/person_msgs__rosidl_typesupport_c.dir/rosidl_typesupport_c/person_msgs/srv/query__type_support.cpp.o[0m
[2.851s] [ 48%] [32m[1mLinking CXX shared library libperson_msgs__rosidl_typesupport_cpp.so[0m
[2.877s] [ 51%] [32mBuilding CXX object CMakeFiles/person_msgs__rosidl_typesupport_fastrtps_cpp.dir/rosidl_typesupport_fastrtps_cpp/person_msgs/srv/detail/dds_fastrtps/query__type_support.cpp.o[0m
[2.901s] [ 53%] [32m[1mLinking CXX shared library libperson_msgs__rosidl_typesupport_c.so[0m
[2.918s] [35m[1mConsolidate compiler generated dependencies of target person_msgs__rosidl_typesupport_introspection_c[0m
[2.933s] [ 56%] [32mBuilding C object CMakeFiles/person_msgs__rosidl_typesupport_introspection_c.dir/rosidl_typesupport_introspection_c/person_msgs/msg/detail/person__type_support.c.o[0m
[2.955s] [35m[1mConsolidate compiler generated dependencies of target person_msgs__rosidl_typesupport_fastrtps_c[0m
[2.972s] [ 58%] [32mBuilding CXX object CMakeFiles/person_msgs__rosidl_typesupport_fastrtps_c.dir/rosidl_typesupport_fastrtps_c/person_msgs/msg/detail/person__type_support_c.cpp.o[0m
[2.987s] [ 58%] Built target person_msgs__rosidl_typesupport_cpp
[2.994s] [ 61%] [32mBuilding C object CMakeFiles/person_msgs__rosidl_typesupport_introspection_c.dir/rosidl_typesupport_introspection_c/person_msgs/srv/detail/query__type_support.c.o[0m
[2.999s] [ 64%] [32mBuilding CXX object CMakeFiles/person_msgs__rosidl_typesupport_fastrtps_c.dir/rosidl_typesupport_fastrtps_c/person_msgs/srv/detail/query__type_support_c.cpp.o[0m
[3.004s] [ 66%] [32m[1mLinking CXX shared library libperson_msgs__rosidl_typesupport_introspection_cpp.so[0m
[3.005s] [ 66%] Built target person_msgs__rosidl_typesupport_c
[3.034s] [ 69%] [32m[1mLinking C shared library libperson_msgs__rosidl_typesupport_introspection_c.so[0m
[3.104s] [ 69%] Built target person_msgs__rosidl_typesupport_introspection_c
[3.112s] [ 69%] Built target person_msgs__rosidl_typesupport_introspection_cpp
[3.351s] [ 71%] [32m[1mLinking CXX shared library libperson_msgs__rosidl_typesupport_fastrtps_cpp.so[0m
[3.381s] [ 74%] [32m[1mLinking CXX shared library libperson_msgs__rosidl_typesupport_fastrtps_c.so[0m
[3.464s] [ 74%] Built target person_msgs__rosidl_typesupport_fastrtps_cpp
[3.491s] [ 74%] Built target person_msgs__rosidl_typesupport_fastrtps_c
[3.503s] [ 74%] Built target person_msgs
[3.515s] [ 76%] [34m[1mGenerating Python code for ROS interfaces[0m
[4.100s] [ 76%] Built target person_msgs__py
[4.109s] [35m[1mConsolidate compiler generated dependencies of target person_msgs__rosidl_generator_py[0m
[4.123s] [ 82%] [32mBuilding C object CMakeFiles/person_msgs__rosidl_generator_py.dir/rosidl_generator_py/person_msgs/srv/_query_s.c.o[0m
[4.124s] [ 82%] [32mBuilding C object CMakeFiles/person_msgs__rosidl_generator_py.dir/rosidl_generator_py/person_msgs/msg/_person_s.c.o[0m
[4.288s] [ 84%] [32m[1mLinking C shared library rosidl_generator_py/person_msgs/libperson_msgs__rosidl_generator_py.so[0m
[4.401s] [ 84%] Built target person_msgs__rosidl_generator_py
[4.409s] [35m[1mConsolidate compiler generated dependencies of target person_msgs__rosidl_typesupport_c__pyext[0m
[4.409s] [35m[1mConsolidate compiler generated dependencies of target person_msgs__rosidl_typesupport_fastrtps_c__pyext[0m
[4.412s] [35m[1mConsolidate compiler generated dependencies of target person_msgs__rosidl_typesupport_introspection_c__pyext[0m
[4.420s] [ 87%] [32mBuilding C object CMakeFiles/person_msgs__rosidl_typesupport_fastrtps_c__pyext.dir/rosidl_generator_py/person_msgs/_person_msgs_s.ep.rosidl_typesupport_fastrtps_c.c.o[0m
[4.420s] [ 89%] [32mBuilding C object CMakeFiles/person_msgs__rosidl_typesupport_c__pyext.dir/rosidl_generator_py/person_msgs/_person_msgs_s.ep.rosidl_typesupport_c.c.o[0m
[4.423s] [ 92%] [32mBuilding C object CMakeFiles/person_msgs__rosidl_typesupport_introspection_c__pyext.dir/rosidl_generator_py/person_msgs/_person_msgs_s.ep.rosidl_typesupport_introspection_c.c.o[0m
[4.510s] [ 94%] [32m[1mLinking C shared library rosidl_generator_py/person_msgs/person_msgs_s__rosidl_typesupport_introspection_c.cpython-310-x86_64-linux-gnu.so[0m
[4.517s] [ 97%] [32m[1mLinking C shared library rosidl_generator_py/person_msgs/person_msgs_s__rosidl_typesupport_fastrtps_c.cpython-310-x86_64-linux-gnu.so[0m
[4.520s] [100%] [32m[1mLinking C shared library rosidl_generator_py/person_msgs/person_msgs_s__rosidl_typesupport_c.cpython-310-x86_64-linux-gnu.so[0m
[4.613s] [100%] Built target person_msgs__rosidl_typesupport_introspection_c__pyext
[4.613s] [100%] Built target person_msgs__rosidl_typesupport_fastrtps_c__pyext
[4.628s] [100%] Built target person_msgs__rosidl_typesupport_c__pyext
[4.637s] Invoked command in '/home/yanagi/ros2_ws/build/person_msgs' returned '0': CMAKE_PREFIX_PATH=/opt/ros/humble /usr/bin/cmake --build /home/yanagi/ros2_ws/build/person_msgs -- -j8 -l8
[4.690s] Invoking command in '/home/yanagi/ros2_ws/build/person_msgs': CMAKE_PREFIX_PATH=/opt/ros/humble /usr/bin/cmake --install /home/yanagi/ros2_ws/build/person_msgs
[4.695s] -- Install configuration: ""
[4.696s] -- Installing: /home/yanagi/ros2_ws/install/person_msgs/share/ament_index/resource_index/rosidl_interfaces/person_msgs
[4.697s] -- Up-to-date: /home/yanagi/ros2_ws/install/person_msgs/include/person_msgs/person_msgs
[4.698s] -- Installing: /home/yanagi/ros2_ws/install/person_msgs/include/person_msgs/person_msgs/srv
[4.698s] -- Installing: /home/yanagi/ros2_ws/install/person_msgs/include/person_msgs/person_msgs/srv/query.h
[4.698s] -- Installing: /home/yanagi/ros2_ws/install/person_msgs/include/person_msgs/person_msgs/srv/detail
[4.698s] -- Installing: /home/yanagi/ros2_ws/install/person_msgs/include/person_msgs/person_msgs/srv/detail/query__functions.c
[4.698s] -- Installing: /home/yanagi/ros2_ws/install/person_msgs/include/person_msgs/person_msgs/srv/detail/query__type_support.h
[4.698s] -- Installing: /home/yanagi/ros2_ws/install/person_msgs/include/person_msgs/person_msgs/srv/detail/query__functions.h
[4.698s] -- Installing: /home/yanagi/ros2_ws/install/person_msgs/include/person_msgs/person_msgs/srv/detail/query__struct.h
[4.699s] -- Up-to-date: /home/yanagi/ros2_ws/install/person_msgs/include/person_msgs/person_msgs/msg
[4.699s] -- Installing: /home/yanagi/ros2_ws/install/person_msgs/include/person_msgs/person_msgs/msg/person.h
[4.699s] -- Up-to-date: /home/yanagi/ros2_ws/install/person_msgs/include/person_msgs/person_msgs/msg/rosidl_generator_c__visibility_control.h
[4.699s] -- Up-to-date: /home/yanagi/ros2_ws/install/person_msgs/include/person_msgs/person_msgs/msg/detail
[4.699s] -- Installing: /home/yanagi/ros2_ws/install/person_msgs/include/person_msgs/person_msgs/msg/detail/person__functions.c
[4.699s] -- Installing: /home/yanagi/ros2_ws/install/person_msgs/include/person_msgs/person_msgs/msg/detail/person__type_support.h
[4.699s] -- Installing: /home/yanagi/ros2_ws/install/person_msgs/include/person_msgs/person_msgs/msg/detail/person__functions.h
[4.700s] -- Installing: /home/yanagi/ros2_ws/install/person_msgs/include/person_msgs/person_msgs/msg/detail/person__struct.h
[4.700s] -- Up-to-date: /home/yanagi/ros2_ws/install/person_msgs/share/person_msgs/environment/library_path.sh
[4.700s] -- Installing: /home/yanagi/ros2_ws/install/person_msgs/share/person_msgs/environment/library_path.dsv
[4.702s] -- Installing: /home/yanagi/ros2_ws/install/person_msgs/lib/libperson_msgs__rosidl_generator_c.so
[4.702s] -- Set runtime path of "/home/yanagi/ros2_ws/install/person_msgs/lib/libperson_msgs__rosidl_generator_c.so" to ""
[4.702s] -- Up-to-date: /home/yanagi/ros2_ws/install/person_msgs/include/person_msgs/person_msgs
[4.703s] -- Up-to-date: /home/yanagi/ros2_ws/install/person_msgs/include/person_msgs/person_msgs/srv
[4.703s] -- Up-to-date: /home/yanagi/ros2_ws/install/person_msgs/include/person_msgs/person_msgs/srv/detail
[4.703s] -- Installing: /home/yanagi/ros2_ws/install/person_msgs/include/person_msgs/person_msgs/srv/detail/query__rosidl_typesupport_fastrtps_c.h
[4.703s] -- Up-to-date: /home/yanagi/ros2_ws/install/person_msgs/include/person_msgs/person_msgs/msg
[4.703s] -- Up-to-date: /home/yanagi/ros2_ws/install/person_msgs/include/person_msgs/person_msgs/msg/rosidl_typesupport_fastrtps_c__visibility_control.h
[4.703s] -- Up-to-date: /home/yanagi/ros2_ws/install/person_msgs/include/person_msgs/person_msgs/msg/detail
[4.703s] -- Installing: /home/yanagi/ros2_ws/install/person_msgs/include/person_msgs/person_msgs/msg/detail/person__rosidl_typesupport_fastrtps_c.h
[4.704s] -- Installing: /home/yanagi/ros2_ws/install/person_msgs/lib/libperson_msgs__rosidl_typesupport_fastrtps_c.so
[4.704s] -- Set runtime path of "/home/yanagi/ros2_ws/install/person_msgs/lib/libperson_msgs__rosidl_typesupport_fastrtps_c.so" to ""
[4.704s] -- Up-to-date: /home/yanagi/ros2_ws/install/person_msgs/include/person_msgs/person_msgs
[4.704s] -- Up-to-date: /home/yanagi/ros2_ws/install/person_msgs/include/person_msgs/person_msgs/srv
[4.705s] -- Up-to-date: /home/yanagi/ros2_ws/install/person_msgs/include/person_msgs/person_msgs/srv/detail
[4.705s] -- Installing: /home/yanagi/ros2_ws/install/person_msgs/include/person_msgs/person_msgs/srv/detail/query__type_support.c
[4.705s] -- Installing: /home/yanagi/ros2_ws/install/person_msgs/include/person_msgs/person_msgs/srv/detail/query__rosidl_typesupport_introspection_c.h
[4.705s] -- Up-to-date: /home/yanagi/ros2_ws/install/person_msgs/include/person_msgs/person_msgs/msg
[4.705s] -- Up-to-date: /home/yanagi/ros2_ws/install/person_msgs/include/person_msgs/person_msgs/msg/rosidl_typesupport_introspection_c__visibility_control.h
[4.705s] -- Up-to-date: /home/yanagi/ros2_ws/install/person_msgs/include/person_msgs/person_msgs/msg/detail
[4.705s] -- Installing: /home/yanagi/ros2_ws/install/person_msgs/include/person_msgs/person_msgs/msg/detail/person__type_support.c
[4.705s] -- Installing: /home/yanagi/ros2_ws/install/person_msgs/include/person_msgs/person_msgs/msg/detail/person__rosidl_typesupport_introspection_c.h
[4.706s] -- Installing: /home/yanagi/ros2_ws/install/person_msgs/lib/libperson_msgs__rosidl_typesupport_introspection_c.so
[4.707s] -- Set runtime path of "/home/yanagi/ros2_ws/install/person_msgs/lib/libperson_msgs__rosidl_typesupport_introspection_c.so" to ""
[4.707s] -- Installing: /home/yanagi/ros2_ws/install/person_msgs/lib/libperson_msgs__rosidl_typesupport_c.so
[4.709s] -- Set runtime path of "/home/yanagi/ros2_ws/install/person_msgs/lib/libperson_msgs__rosidl_typesupport_c.so" to ""
[4.709s] -- Up-to-date: /home/yanagi/ros2_ws/install/person_msgs/include/person_msgs/person_msgs
[4.709s] -- Up-to-date: /home/yanagi/ros2_ws/install/person_msgs/include/person_msgs/person_msgs/srv
[4.709s] -- Installing: /home/yanagi/ros2_ws/install/person_msgs/include/person_msgs/person_msgs/srv/query.hpp
[4.709s] -- Up-to-date: /home/yanagi/ros2_ws/install/person_msgs/include/person_msgs/person_msgs/srv/detail
[4.709s] -- Installing: /home/yanagi/ros2_ws/install/person_msgs/include/person_msgs/person_msgs/srv/detail/query__builder.hpp
[4.709s] -- Installing: /home/yanagi/ros2_ws/install/person_msgs/include/person_msgs/person_msgs/srv/detail/query__struct.hpp
[4.710s] -- Installing: /home/yanagi/ros2_ws/install/person_msgs/include/person_msgs/person_msgs/srv/detail/query__traits.hpp
[4.710s] -- Up-to-date: /home/yanagi/ros2_ws/install/person_msgs/include/person_msgs/person_msgs/msg
[4.710s] -- Installing: /home/yanagi/ros2_ws/install/person_msgs/include/person_msgs/person_msgs/msg/person.hpp
[4.710s] -- Up-to-date: /home/yanagi/ros2_ws/install/person_msgs/include/person_msgs/person_msgs/msg/detail
[4.710s] -- Installing: /home/yanagi/ros2_ws/install/person_msgs/include/person_msgs/person_msgs/msg/detail/person__builder.hpp
[4.710s] -- Installing: /home/yanagi/ros2_ws/install/person_msgs/include/person_msgs/person_msgs/msg/detail/person__traits.hpp
[4.710s] -- Installing: /home/yanagi/ros2_ws/install/person_msgs/include/person_msgs/person_msgs/msg/detail/person__struct.hpp
[4.710s] -- Up-to-date: /home/yanagi/ros2_ws/install/person_msgs/include/person_msgs/person_msgs
[4.710s] -- Up-to-date: /home/yanagi/ros2_ws/install/person_msgs/include/person_msgs/person_msgs/srv
[4.710s] -- Up-to-date: /home/yanagi/ros2_ws/install/person_msgs/include/person_msgs/person_msgs/srv/detail
[4.710s] -- Installing: /home/yanagi/ros2_ws/install/person_msgs/include/person_msgs/person_msgs/srv/detail/dds_fastrtps
[4.710s] -- Installing: /home/yanagi/ros2_ws/install/person_msgs/include/person_msgs/person_msgs/srv/detail/query__rosidl_typesupport_fastrtps_cpp.hpp
[4.710s] -- Up-to-date: /home/yanagi/ros2_ws/install/person_msgs/include/person_msgs/person_msgs/msg
[4.710s] -- Up-to-date: /home/yanagi/ros2_ws/install/person_msgs/include/person_msgs/person_msgs/msg/rosidl_typesupport_fastrtps_cpp__visibility_control.h
[4.710s] -- Up-to-date: /home/yanagi/ros2_ws/install/person_msgs/include/person_msgs/person_msgs/msg/detail
[4.710s] -- Up-to-date: /home/yanagi/ros2_ws/install/person_msgs/include/person_msgs/person_msgs/msg/detail/dds_fastrtps
[4.710s] -- Installing: /home/yanagi/ros2_ws/install/person_msgs/include/person_msgs/person_msgs/msg/detail/person__rosidl_typesupport_fastrtps_cpp.hpp
[4.711s] -- Installing: /home/yanagi/ros2_ws/install/person_msgs/lib/libperson_msgs__rosidl_typesupport_fastrtps_cpp.so
[4.711s] -- Set runtime path of "/home/yanagi/ros2_ws/install/person_msgs/lib/libperson_msgs__rosidl_typesupport_fastrtps_cpp.so" to ""
[4.711s] -- Up-to-date: /home/yanagi/ros2_ws/install/person_msgs/include/person_msgs/person_msgs
[4.711s] -- Up-to-date: /home/yanagi/ros2_ws/install/person_msgs/include/person_msgs/person_msgs/srv
[4.712s] -- Up-to-date: /home/yanagi/ros2_ws/install/person_msgs/include/person_msgs/person_msgs/srv/detail
[4.712s] -- Installing: /home/yanagi/ros2_ws/install/person_msgs/include/person_msgs/person_msgs/srv/detail/query__type_support.cpp
[4.712s] -- Installing: /home/yanagi/ros2_ws/install/person_msgs/include/person_msgs/person_msgs/srv/detail/query__rosidl_typesupport_introspection_cpp.hpp
[4.712s] -- Up-to-date: /home/yanagi/ros2_ws/install/person_msgs/include/person_msgs/person_msgs/msg
[4.712s] -- Up-to-date: /home/yanagi/ros2_ws/install/person_msgs/include/person_msgs/person_msgs/msg/detail
[4.712s] -- Installing: /home/yanagi/ros2_ws/install/person_msgs/include/person_msgs/person_msgs/msg/detail/person__rosidl_typesupport_introspection_cpp.hpp
[4.712s] -- Installing: /home/yanagi/ros2_ws/install/person_msgs/include/person_msgs/person_msgs/msg/detail/person__type_support.cpp
[4.712s] -- Installing: /home/yanagi/ros2_ws/install/person_msgs/lib/libperson_msgs__rosidl_typesupport_introspection_cpp.so
[4.713s] -- Set runtime path of "/home/yanagi/ros2_ws/install/person_msgs/lib/libperson_msgs__rosidl_typesupport_introspection_cpp.so" to ""
[4.714s] -- Installing: /home/yanagi/ros2_ws/install/person_msgs/lib/libperson_msgs__rosidl_typesupport_cpp.so
[4.714s] -- Set runtime path of "/home/yanagi/ros2_ws/install/person_msgs/lib/libperson_msgs__rosidl_typesupport_cpp.so" to ""
[4.714s] -- Up-to-date: /home/yanagi/ros2_ws/install/person_msgs/share/person_msgs/environment/pythonpath.sh
[4.714s] -- Installing: /home/yanagi/ros2_ws/install/person_msgs/share/person_msgs/environment/pythonpath.dsv
[4.716s] -- Up-to-date: /home/yanagi/ros2_ws/install/person_msgs/local/lib/python3.10/dist-packages/person_msgs-0.0.0-py3.10.egg-info
[4.716s] -- Installing: /home/yanagi/ros2_ws/install/person_msgs/local/lib/python3.10/dist-packages/person_msgs-0.0.0-py3.10.egg-info/top_level.txt
[4.717s] -- Installing: /home/yanagi/ros2_ws/install/person_msgs/local/lib/python3.10/dist-packages/person_msgs-0.0.0-py3.10.egg-info/dependency_links.txt
[4.717s] -- Installing: /home/yanagi/ros2_ws/install/person_msgs/local/lib/python3.10/dist-packages/person_msgs-0.0.0-py3.10.egg-info/SOURCES.txt
[4.717s] -- Installing: /home/yanagi/ros2_ws/install/person_msgs/local/lib/python3.10/dist-packages/person_msgs-0.0.0-py3.10.egg-info/PKG-INFO
[4.717s] -- Up-to-date: /home/yanagi/ros2_ws/install/person_msgs/local/lib/python3.10/dist-packages/person_msgs
[4.717s] -- Installing: /home/yanagi/ros2_ws/install/person_msgs/local/lib/python3.10/dist-packages/person_msgs/srv
[4.717s] -- Installing: /home/yanagi/ros2_ws/install/person_msgs/local/lib/python3.10/dist-packages/person_msgs/srv/_query_s.c
[4.718s] -- Installing: /home/yanagi/ros2_ws/install/person_msgs/local/lib/python3.10/dist-packages/person_msgs/srv/_query.py
[4.718s] -- Installing: /home/yanagi/ros2_ws/install/person_msgs/local/lib/python3.10/dist-packages/person_msgs/srv/__init__.py
[4.718s] -- Installing: /home/yanagi/ros2_ws/install/person_msgs/local/lib/python3.10/dist-packages/person_msgs/libperson_msgs__rosidl_generator_py.so
[4.719s] -- Installing: /home/yanagi/ros2_ws/install/person_msgs/local/lib/python3.10/dist-packages/person_msgs/_person_msgs_s.ep.rosidl_typesupport_introspection_c.c
[4.719s] -- Installing: /home/yanagi/ros2_ws/install/person_msgs/local/lib/python3.10/dist-packages/person_msgs/_person_msgs_s.ep.rosidl_typesupport_c.c
[4.719s] -- Installing: /home/yanagi/ros2_ws/install/person_msgs/local/lib/python3.10/dist-packages/person_msgs/person_msgs_s__rosidl_typesupport_fastrtps_c.cpython-310-x86_64-linux-gnu.so
[4.719s] -- Up-to-date: /home/yanagi/ros2_ws/install/person_msgs/local/lib/python3.10/dist-packages/person_msgs/msg
[4.719s] -- Installing: /home/yanagi/ros2_ws/install/person_msgs/local/lib/python3.10/dist-packages/person_msgs/msg/_person.py
[4.719s] -- Installing: /home/yanagi/ros2_ws/install/person_msgs/local/lib/python3.10/dist-packages/person_msgs/msg/_person_s.c
[4.719s] -- Installing: /home/yanagi/ros2_ws/install/person_msgs/local/lib/python3.10/dist-packages/person_msgs/msg/__init__.py
[4.720s] -- Installing: /home/yanagi/ros2_ws/install/person_msgs/local/lib/python3.10/dist-packages/person_msgs/person_msgs_s__rosidl_typesupport_introspection_c.cpython-310-x86_64-linux-gnu.so
[4.720s] -- Installing: /home/yanagi/ros2_ws/install/person_msgs/local/lib/python3.10/dist-packages/person_msgs/person_msgs_s__rosidl_typesupport_c.cpython-310-x86_64-linux-gnu.so
[4.720s] -- Installing: /home/yanagi/ros2_ws/install/person_msgs/local/lib/python3.10/dist-packages/person_msgs/_person_msgs_s.ep.rosidl_typesupport_fastrtps_c.c
[4.720s] -- Installing: /home/yanagi/ros2_ws/install/person_msgs/local/lib/python3.10/dist-packages/person_msgs/__init__.py
[4.748s] Listing '/home/yanagi/ros2_ws/install/person_msgs/local/lib/python3.10/dist-packages/person_msgs'...
[4.748s] Compiling '/home/yanagi/ros2_ws/install/person_msgs/local/lib/python3.10/dist-packages/person_msgs/__init__.py'...
[4.748s] Listing '/home/yanagi/ros2_ws/install/person_msgs/local/lib/python3.10/dist-packages/person_msgs/msg'...
[4.748s] Compiling '/home/yanagi/ros2_ws/install/person_msgs/local/lib/python3.10/dist-packages/person_msgs/msg/__init__.py'...
[4.748s] Compiling '/home/yanagi/ros2_ws/install/person_msgs/local/lib/python3.10/dist-packages/person_msgs/msg/_person.py'...
[4.749s] Listing '/home/yanagi/ros2_ws/install/person_msgs/local/lib/python3.10/dist-packages/person_msgs/srv'...
[4.749s] Compiling '/home/yanagi/ros2_ws/install/person_msgs/local/lib/python3.10/dist-packages/person_msgs/srv/__init__.py'...
[4.749s] Compiling '/home/yanagi/ros2_ws/install/person_msgs/local/lib/python3.10/dist-packages/person_msgs/srv/_query.py'...
[4.752s] -- Installing: /home/yanagi/ros2_ws/install/person_msgs/local/lib/python3.10/dist-packages/person_msgs/person_msgs_s__rosidl_typesupport_fastrtps_c.cpython-310-x86_64-linux-gnu.so
[4.752s] -- Set runtime path of "/home/yanagi/ros2_ws/install/person_msgs/local/lib/python3.10/dist-packages/person_msgs/person_msgs_s__rosidl_typesupport_fastrtps_c.cpython-310-x86_64-linux-gnu.so" to ""
[4.752s] -- Installing: /home/yanagi/ros2_ws/install/person_msgs/local/lib/python3.10/dist-packages/person_msgs/person_msgs_s__rosidl_typesupport_introspection_c.cpython-310-x86_64-linux-gnu.so
[4.753s] -- Set runtime path of "/home/yanagi/ros2_ws/install/person_msgs/local/lib/python3.10/dist-packages/person_msgs/person_msgs_s__rosidl_typesupport_introspection_c.cpython-310-x86_64-linux-gnu.so" to ""
[4.753s] -- Installing: /home/yanagi/ros2_ws/install/person_msgs/local/lib/python3.10/dist-packages/person_msgs/person_msgs_s__rosidl_typesupport_c.cpython-310-x86_64-linux-gnu.so
[4.753s] -- Set runtime path of "/home/yanagi/ros2_ws/install/person_msgs/local/lib/python3.10/dist-packages/person_msgs/person_msgs_s__rosidl_typesupport_c.cpython-310-x86_64-linux-gnu.so" to ""
[4.754s] -- Installing: /home/yanagi/ros2_ws/install/person_msgs/lib/libperson_msgs__rosidl_generator_py.so
[4.754s] -- Set runtime path of "/home/yanagi/ros2_ws/install/person_msgs/lib/libperson_msgs__rosidl_generator_py.so" to ""
[4.755s] -- Up-to-date: /home/yanagi/ros2_ws/install/person_msgs/share/person_msgs/msg/Person.idl
[4.755s] -- Installing: /home/yanagi/ros2_ws/install/person_msgs/share/person_msgs/srv/Query.idl
[4.755s] -- Up-to-date: /home/yanagi/ros2_ws/install/person_msgs/share/person_msgs/msg/Person.msg
[4.755s] -- Installing: /home/yanagi/ros2_ws/install/person_msgs/share/person_msgs/srv/Query.srv
[4.755s] -- Installing: /home/yanagi/ros2_ws/install/person_msgs/share/person_msgs/srv/Query_Request.msg
[4.755s] -- Installing: /home/yanagi/ros2_ws/install/person_msgs/share/person_msgs/srv/Query_Response.msg
[4.756s] -- Up-to-date: /home/yanagi/ros2_ws/install/person_msgs/share/ament_index/resource_index/package_run_dependencies/person_msgs
[4.756s] -- Up-to-date: /home/yanagi/ros2_ws/install/person_msgs/share/ament_index/resource_index/parent_prefix_path/person_msgs
[4.756s] -- Up-to-date: /home/yanagi/ros2_ws/install/person_msgs/share/person_msgs/environment/ament_prefix_path.sh
[4.757s] -- Installing: /home/yanagi/ros2_ws/install/person_msgs/share/person_msgs/environment/ament_prefix_path.dsv
[4.757s] -- Up-to-date: /home/yanagi/ros2_ws/install/person_msgs/share/person_msgs/environment/path.sh
[4.757s] -- Installing: /home/yanagi/ros2_ws/install/person_msgs/share/person_msgs/environment/path.dsv
[4.757s] -- Up-to-date: /home/yanagi/ros2_ws/install/person_msgs/share/person_msgs/local_setup.bash
[4.757s] -- Up-to-date: /home/yanagi/ros2_ws/install/person_msgs/share/person_msgs/local_setup.sh
[4.757s] -- Up-to-date: /home/yanagi/ros2_ws/install/person_msgs/share/person_msgs/local_setup.zsh
[4.758s] -- Installing: /home/yanagi/ros2_ws/install/person_msgs/share/person_msgs/local_setup.dsv
[4.758s] -- Installing: /home/yanagi/ros2_ws/install/person_msgs/share/person_msgs/package.dsv
[4.758s] -- Up-to-date: /home/yanagi/ros2_ws/install/person_msgs/share/ament_index/resource_index/packages/person_msgs
[4.759s] -- Up-to-date: /home/yanagi/ros2_ws/install/person_msgs/share/person_msgs/cmake/export_person_msgs__rosidl_generator_cExport.cmake
[4.759s] -- Up-to-date: /home/yanagi/ros2_ws/install/person_msgs/share/person_msgs/cmake/export_person_msgs__rosidl_generator_cExport-noconfig.cmake
[4.760s] -- Up-to-date: /home/yanagi/ros2_ws/install/person_msgs/share/person_msgs/cmake/export_person_msgs__rosidl_typesupport_fastrtps_cExport.cmake
[4.760s] -- Up-to-date: /home/yanagi/ros2_ws/install/person_msgs/share/person_msgs/cmake/export_person_msgs__rosidl_typesupport_fastrtps_cExport-noconfig.cmake
[4.760s] -- Up-to-date: /home/yanagi/ros2_ws/install/person_msgs/share/person_msgs/cmake/person_msgs__rosidl_typesupport_introspection_cExport.cmake
[4.761s] -- Up-to-date: /home/yanagi/ros2_ws/install/person_msgs/share/person_msgs/cmake/person_msgs__rosidl_typesupport_introspection_cExport-noconfig.cmake
[4.761s] -- Up-to-date: /home/yanagi/ros2_ws/install/person_msgs/share/person_msgs/cmake/person_msgs__rosidl_typesupport_cExport.cmake
[4.762s] -- Up-to-date: /home/yanagi/ros2_ws/install/person_msgs/share/person_msgs/cmake/person_msgs__rosidl_typesupport_cExport-noconfig.cmake
[4.765s] -- Up-to-date: /home/yanagi/ros2_ws/install/person_msgs/share/person_msgs/cmake/export_person_msgs__rosidl_generator_cppExport.cmake
[4.765s] -- Up-to-date: /home/yanagi/ros2_ws/install/person_msgs/share/person_msgs/cmake/export_person_msgs__rosidl_typesupport_fastrtps_cppExport.cmake
[4.765s] -- Up-to-date: /home/yanagi/ros2_ws/install/person_msgs/share/person_msgs/cmake/export_person_msgs__rosidl_typesupport_fastrtps_cppExport-noconfig.cmake
[4.767s] -- Up-to-date: /home/yanagi/ros2_ws/install/person_msgs/share/person_msgs/cmake/person_msgs__rosidl_typesupport_introspection_cppExport.cmake
[4.767s] -- Up-to-date: /home/yanagi/ros2_ws/install/person_msgs/share/person_msgs/cmake/person_msgs__rosidl_typesupport_introspection_cppExport-noconfig.cmake
[4.768s] -- Up-to-date: /home/yanagi/ros2_ws/install/person_msgs/share/person_msgs/cmake/person_msgs__rosidl_typesupport_cppExport.cmake
[4.768s] -- Up-to-date: /home/yanagi/ros2_ws/install/person_msgs/share/person_msgs/cmake/person_msgs__rosidl_typesupport_cppExport-noconfig.cmake
[4.768s] -- Up-to-date: /home/yanagi/ros2_ws/install/person_msgs/share/person_msgs/cmake/export_person_msgs__rosidl_generator_pyExport.cmake
[4.768s] -- Up-to-date: /home/yanagi/ros2_ws/install/person_msgs/share/person_msgs/cmake/export_person_msgs__rosidl_generator_pyExport-noconfig.cmake
[4.768s] -- Installing: /home/yanagi/ros2_ws/install/person_msgs/share/person_msgs/cmake/rosidl_cmake-extras.cmake
[4.768s] -- Up-to-date: /home/yanagi/ros2_ws/install/person_msgs/share/person_msgs/cmake/ament_cmake_export_include_directories-extras.cmake
[4.768s] -- Up-to-date: /home/yanagi/ros2_ws/install/person_msgs/share/person_msgs/cmake/ament_cmake_export_libraries-extras.cmake
[4.768s] -- Up-to-date: /home/yanagi/ros2_ws/install/person_msgs/share/person_msgs/cmake/ament_cmake_export_targets-extras.cmake
[4.768s] -- Up-to-date: /home/yanagi/ros2_ws/install/person_msgs/share/person_msgs/cmake/rosidl_cmake_export_typesupport_targets-extras.cmake
[4.768s] -- Up-to-date: /home/yanagi/ros2_ws/install/person_msgs/share/person_msgs/cmake/ament_cmake_export_dependencies-extras.cmake
[4.769s] -- Up-to-date: /home/yanagi/ros2_ws/install/person_msgs/share/person_msgs/cmake/rosidl_cmake_export_typesupport_libraries-extras.cmake
[4.769s] -- Up-to-date: /home/yanagi/ros2_ws/install/person_msgs/share/person_msgs/cmake/person_msgsConfig.cmake
[4.769s] -- Up-to-date: /home/yanagi/ros2_ws/install/person_msgs/share/person_msgs/cmake/person_msgsConfig-version.cmake
[4.769s] -- Up-to-date: /home/yanagi/ros2_ws/install/person_msgs/share/person_msgs/package.xml
[4.774s] Invoked command in '/home/yanagi/ros2_ws/build/person_msgs' returned '0': CMAKE_PREFIX_PATH=/opt/ros/humble /usr/bin/cmake --install /home/yanagi/ros2_ws/build/person_msgs
