[0.224s] Invoking command in '/home/yanagi/ros2_ws/build/person_mags': CMAKE_PREFIX_PATH=${CMAKE_PREFIX_PATH}:/home/yanagi/ros2_ws/install/mypkg:/opt/ros/humble /usr/bin/cmake --build /home/yanagi/ros2_ws/build/person_mags -- -j8 -l8
[0.276s] Invoked command in '/home/yanagi/ros2_ws/build/person_mags' returned '0': CMAKE_PREFIX_PATH=${CMAKE_PREFIX_PATH}:/home/yanagi/ros2_ws/install/mypkg:/opt/ros/humble /usr/bin/cmake --build /home/yanagi/ros2_ws/build/person_mags -- -j8 -l8
[0.327s] Invoking command in '/home/yanagi/ros2_ws/build/person_mags': CMAKE_PREFIX_PATH=${CMAKE_PREFIX_PATH}:/home/yanagi/ros2_ws/install/mypkg:/opt/ros/humble /usr/bin/cmake --install /home/yanagi/ros2_ws/build/person_mags
[0.334s] -- Install configuration: ""
[0.334s] -- Up-to-date: /home/yanagi/ros2_ws/install/person_mags/share/ament_index/resource_index/package_run_dependencies/person_mags
[0.334s] -- Up-to-date: /home/yanagi/ros2_ws/install/person_mags/share/ament_index/resource_index/parent_prefix_path/person_mags
[0.334s] -- Up-to-date: /home/yanagi/ros2_ws/install/person_mags/share/person_mags/environment/ament_prefix_path.sh
[0.334s] -- Up-to-date: /home/yanagi/ros2_ws/install/person_mags/share/person_mags/environment/ament_prefix_path.dsv
[0.335s] -- Up-to-date: /home/yanagi/ros2_ws/install/person_mags/share/person_mags/environment/path.sh
[0.335s] -- Up-to-date: /home/yanagi/ros2_ws/install/person_mags/share/person_mags/environment/path.dsv
[0.335s] -- Up-to-date: /home/yanagi/ros2_ws/install/person_mags/share/person_mags/local_setup.bash
[0.335s] -- Up-to-date: /home/yanagi/ros2_ws/install/person_mags/share/person_mags/local_setup.sh
[0.337s] -- Up-to-date: /home/yanagi/ros2_ws/install/person_mags/share/person_mags/local_setup.zsh
[0.337s] -- Up-to-date: /home/yanagi/ros2_ws/install/person_mags/share/person_mags/local_setup.dsv
[0.337s] -- Installing: /home/yanagi/ros2_ws/install/person_mags/share/person_mags/package.dsv
[0.337s] -- Up-to-date: /home/yanagi/ros2_ws/install/person_mags/share/ament_index/resource_index/packages/person_mags
[0.338s] -- Up-to-date: /home/yanagi/ros2_ws/install/person_mags/share/person_mags/cmake/person_magsConfig.cmake
[0.338s] -- Up-to-date: /home/yanagi/ros2_ws/install/person_mags/share/person_mags/cmake/person_magsConfig-version.cmake
[0.338s] -- Up-to-date: /home/yanagi/ros2_ws/install/person_mags/share/person_mags/package.xml
[0.339s] Invoked command in '/home/yanagi/ros2_ws/build/person_mags' returned '0': CMAKE_PREFIX_PATH=${CMAKE_PREFIX_PATH}:/home/yanagi/ros2_ws/install/mypkg:/opt/ros/humble /usr/bin/cmake --install /home/yanagi/ros2_ws/build/person_mags
